(0 0 0 0   20   0) (0 0 0 0   22   0) : 
(0 0 0 0   79   0) (0 0 0 0   7b   0) : 
(0 0 0 0   7a   0) (0 0 0 0   7c   0) : 
(0 0 0 0   7b   0) (0 0 0 0   7d   0) : 
(0 0 0 0  22f   0) (0 0 0 0  231   0) : 
(0 0 0 0  2ed   0) (0 0 0 0  2ef   0) : 
(0 0 0 0  2ee   0) (0 0 0 0  2f0   0) : 
(0 0 0 0  3b2   0) (0 0 0 0  3b4   0) : 
(0 0 0 0  3cc   0) (0 0 0 0  3ce   0) : 
(0 0 0 0  3cd   0) (0 0 0 0  3cf   0) : 
(0 0 0 0  3ce   0) (0 0 0 0  3d0   0) : 
(0 0 0 0  3cf   0) (0 0 0 0  3d1   0) : 
(0 0 0 0  43c   0) (0 0 0 0  43e   0) : 
(0 0 0 0  5f8   0) (0 0 0 0  5fa   0) : 
(0 0 0 0  5f9   0) (0 0 0 0  5fb   0) : 
(0 0 0 0  69e   0) (0 0 0 0  6a0   0) : 
(0 0 0 0  6b9   0) (0 0 0 0  6bb   0) : 
(0 0 0 0  6ba   0) (0 0 0 0  6bc   0) : 
(0 0 0 0  6bb   0) (0 0 0 0  6bd   0) : 
(0 0 0 0  6bc   0) (0 0 0 0  6be   0) : 
(0 0 0 0  6bd   0) (0 0 0 0  6bf   0) : 
(0 0 0 0  6ed   0) (0 0 0 0  6ef   0) : 
(0 0 0 0  6ee   0) (0 0 0 0  6f0   0) : 
(0 0 0 0  6ef   0) (0 0 0 0  6f1   0) : 
(0 0 0 0  6f0   0) (0 0 0 0  6f2   0) : 
(0 0 0 0  6f6   0) (0 0 0 0  6f8   0) : 
(0 0 0 0  6f7   0) (0 0 0 0  6f9   0) : 
(0 0 0 0  6ff   0) (0 0 0 0  701   0) : 
(0 0 0 0  736   0) (0 0 0 0  738   0) : 
(0 0 0 0  737   0) (0 0 0 0  739   0) : 
(0 0 0 0  738   0) (0 0 0 0  73a   0) : 
(0 0 0 0  739   0) (0 0 0 0  73b   0) : 
(0 0 0 0  73a   0) (0 0 0 0  73c   0) : 
(0 0 0 0  73b   0) (0 0 0 0  73d   0) : 
(0 0 0 0  73c   0) (0 0 0 0  73e   0) : 
(0 0 0 0  73d   0) (0 0 0 0  73f   0) : 
(0 0 0 0  87d   0) (0 0 0 0  87f   0) : 
(0 0 0 0  8a2   0) (0 0 0 0  8a4   0) : 
(0 0 0 0  8a3   0) (0 0 0 0  8a5   0) : 
(0 0 0 0  8c0   0) (0 0 0 0  8c2   0) : 
(0 0 0 0  908   0) (0 0 0 0  90a   0) : 
(0 0 0 0  909   0) (0 0 0 0  90b   0) : 
(0 0 0 0  9ef   0) (0 0 0 0  9f1   0) : 
(0 0 0 0  9f0   0) (0 0 0 0  9f2   0) : 
(0 0 0 0  a00   0) (0 0 0 0  a02   0) : 
(0 0 0 0  a33   0) (0 0 0 0  a35   0) : 
(0 0 0 0  a34   0) (0 0 0 0  a36   0) : 
(0 0 0 0  a40   0) (0 0 0 0  a42   0) : 
(0 0 0 0  a41   0) (0 0 0 0  a43   0) : 
(0 0 0 0  a42   0) (0 0 0 0  a44   0) : 
(0 0 0 0  a43   0) (0 0 0 0  a45   0) : 
(0 0 0 0  a44   0) (0 0 0 0  a46   0) : 
(0 0 0 0  a45   0) (0 0 0 0  a47   0) : 
(0 0 0 0  ac2   0) (0 0 0 0  ac4   0) : 
(0 0 0 0  ac3   0) (0 0 0 0  ac5   0) : 
(0 0 0 0  ac4   0) (0 0 0 0  ac6   0) : 
(0 0 0 0  ac5   0) (0 0 0 0  ac7   0) : 
(0 0 0 0  b0f   0) (0 0 0 0  b11   0) : 
(0 0 0 0  b19   0) (0 0 0 0  b1b   0) : 
(0 0 0 0  bf7   0) (0 0 0 0  bf9   0) : 
(0 0 0 0  c75   0) (0 0 0 0  c77   0) : 
(0 0 0 0  c76   0) (0 0 0 0  c78   0) : 
(0 0 0 0  c77   0) (0 0 0 0  c79   0) : 
(0 0 0 0  d05   0) (0 0 0 0  d07   0) : 
(0 0 0 0  d06   0) (0 0 0 0  d08   0) : 
(0 0 0 0  d2f   0) (0 0 0 0  d31   0) : 
(0 0 0 0  d73   0) (0 0 0 0  d75   0) : 
(0 0 0 0  d8f   0) (0 0 0 0  d91   0) : 
(0 0 0 0  e0c   0) (0 0 0 0  e0e   0) : 
(0 0 0 0  e10   0) (0 0 0 0  e12   0) : 
(0 0 0 0  e1f   0) (0 0 0 0  e21   0) : 
(0 0 0 0  ebd   0) (0 0 0 0  ebf   0) : 
(0 0 0 0  ebe   0) (0 0 0 0  ec0   0) : 
(0 0 0 0  fbe   0) (0 0 0 0  fc0   0) : 
(0 0 0 0 1131   0) (0 0 0 0 1133   0) : 
(0 0 0 0 1132   0) (0 0 0 0 1134   0) : 
(0 0 0 0 118e   0) (0 0 0 0 1190   0) : 
(0 0 0 0 1380   0) (0 0 0 0 1382   0) : 
(0 0 0 0 1381   0) (0 0 0 0 1383   0) : 
(0 0 0 0 1382   0) (0 0 0 0 1384   0) : 
(0 0 0 0 1383   0) (0 0 0 0 1385   0) : 
(0 0 0 0 1384   0) (0 0 0 0 1386   0) : 
(0 0 0 0 1385   0) (0 0 0 0 1387   0) : 
(0 0 0 0 13eb   0) (0 0 0 0 13ed   0) : 
(0 0 0 0 1419   0) (0 0 0 0 141b   0) : 
(0 0 0 0 141a   0) (0 0 0 0 141c   0) : 
(0 0 0 0 1465   0) (0 0 0 0 1467   0) : 
(0 0 0 0 1466   0) (0 0 0 0 1468   0) : 
(0 0 0 0 1467   0) (0 0 0 0 1469   0) : 
(0 0 0 0 1468   0) (0 0 0 0 146a   0) : 
(0 0 0 0 1469   0) (0 0 0 0 146b   0) : 
(0 0 0 0 146a   0) (0 0 0 0 146c   0) : 
(0 0 0 0 146b   0) (0 0 0 0 146d   0) : 
(0 0 0 0 146c   0) (0 0 0 0 146e   0) : 
(0 0 0 0 146d   0) (0 0 0 0 146f   0) : 
(0 0 0 0 146e   0) (0 0 0 0 1470   0) : 
(0 0 0 0 146f   0) (0 0 0 0 1471   0) : 
(0 0 0 0 1470   0) (0 0 0 0 1472   0) : 
(0 0 0 0 1471   0) (0 0 0 0 1473   0) : 
(0 0 0 0 1472   0) (0 0 0 0 1474   0) : 
(0 0 0 0 1473   0) (0 0 0 0 1475   0) : 
(0 0 0 0 1658   0) (0 0 0 0 165a   0) : 
(0 0 0 0 17ed   0) (0 0 0 0 17ef   0) : 
(0 0 0 0 1834   0) (0 0 0 0 1836   0) : 
(0 0 0 0 1835   0) (0 0 0 0 1837   0) : 
(0 0 0 0 18aa   0) (0 0 0 0 18ac   0) : 
(0 0 0 0 198b   0) (0 0 0 0 198d   0) : 
(0 0 0 0 198c   0) (0 0 0 0 198e   0) : 
(0 0 0 0 19ae   0) (0 0 0 0 19b0   0) : 
(0 0 0 0 1a2e   0) (0 0 0 0 1a30   0) : 
(0 0 0 0 1a5b   0) (0 0 0 0 1a5d   0) : 
(0 0 0 0 1a82   0) (0 0 0 0 1a84   0) : 
(0 0 0 0 1adc   0) (0 0 0 0 1ade   0) : 
(0 0 0 0 1add   0) (0 0 0 0 1adf   0) : 
(0 0 0 0 1be0   0) (0 0 0 0 1be2   0) : 
(0 0 0 0 1c83   0) (0 0 0 0 1c85   0) : 
(0 0 0 0 1c84   0) (0 0 0 0 1c86   0) : 
(0 0 0 0 1d68   0) (0 0 0 0 1d6a   0) : 
(0 0 0 0 1d69   0) (0 0 0 0 1d6b   0) : 
(0 0 0 0 1ded   0) (0 0 0 0 1def   0) : 
(0 0 0 0 1e71   0) (0 0 0 0 1e73   0) : 
(0 0 0 0 1f4c   0) (0 0 0 0 1f4e   0) : 
(0 0 0 0 1fef   0) (0 0 0 0 1ff1   0) : 
(0 0 0 0 1ff0   0) (0 0 0 0 1ff2   0) : 
(0 0 0 0 2049   0) (0 0 0 0 204b   0) : 
(0 0 0 0 204a   0) (0 0 0 0 204c   0) : 
(0 0 0 0 20f7   0) (0 0 0 0 20f9   0) : 
(0 0 0 0 2102   0) (0 0 0 0 2104   0) : 
(0 0 0 0 2103   0) (0 0 0 0 2105   0) : 
(0 0 0 0 2150   0) (0 0 0 0 2152   0) : 
(0 0 0 0 2151   0) (0 0 0 0 2153   0) : 
(0 0 0 0 2152   0) (0 0 0 0 2154   0) : 
(0 0 0 0 217c   0) (0 0 0 0 217e   0) : 
(0 0 0 0 224d   0) (0 0 0 0 224f   0) : 
(0 0 0 0 22b2   0) (0 0 0 0 22b4   0) : 
(0 0 0 0 23bf   0) (0 0 0 0 23c1   0) : 
(0 0 0 0 23c8   0) (0 0 0 0 23ca   0) : 
(0 0 0 0 244f   0) (0 0 0 0 2451   0) : 
(0 0 0 0 2499   0) (0 0 0 0 249b   0) : 
(0 0 0 0 249a   0) (0 0 0 0 249c   0) : 
(0 0 0 0 24fa   0) (0 0 0 0 24fc   0) : 
(0 0 0 0 2618   0) (0 0 0 0 261a   0) : 
(0 0 0 0 2619   0) (0 0 0 0 261b   0) : 
(0 0 0 0 26d5   0) (0 0 0 0 26d7   0) : 
(0 0 0 0 26d6   0) (0 0 0 0 26d8   0) : 
(0 0 0 0 274e   0) (0 0 0 0 2750   0) : 
(0 0 0 0 27c2   0) (0 0 0 0 27c4   0) : 
(0 0 0 0 2c43   0) (0 0 0 0 2c45   0) : 
(0 0 0 0 2c9b   0) (0 0 0 0 2c9d   0) : 
(0 0 0 0 2c9c   0) (0 0 0 0 2c9e   0) : 
(0 0 0 0 2cbd   0) (0 0 0 0 2cbf   0) : 
(0 0 0 0 2d85   0) (0 0 0 0 2d87   0) : 
(0 0 0 0 2ea4   0) (0 0 0 0 2ea6   0) : 
(0 0 0 0 2ff9   0) (0 0 0 0 2ffb   0) : 
(0 0 0 0 3375   0) (0 0 0 0 3377   0) : 
(0 0 0 0 3583   0) (0 0 0 0 3585   0) : 
(0 0 0 0 35cb   0) (0 0 0 0 35cd   0) : 
(0 0 0 0 35cc   0) (0 0 0 0 35ce   0) : 
(0 0 0 0 35ee   0) (0 0 0 0 35f0   0) : 
(0 0 0 0 37e9   0) (0 0 0 0 37eb   0) : 
(0 0 0 0 37ea   0) (0 0 0 0 37ec   0) : 
(0 0 0 0 38bb   0) (0 0 0 0 38bd   0) : 
(0 0 0 0 3977   0) (0 0 0 0 3979   0) : 
(0 0 0 0 3978   0) (0 0 0 0 397a   0) : 
(0 0 0 0 3aa4   0) (0 0 0 0 3aa6   0) : 
(0 0 0 0 3abe   0) (0 0 0 0 3ac0   0) : 
(0 0 0 0 3acd   0) (0 0 0 0 3acf   0) : 
(0 0 0 0 3adb   0) (0 0 0 0 3add   0) : 
(0 0 0 1   7b   0) (0 0 0 1   7d   0) : 
(0 0 0 1   eb   0) (0 0 0 1   ed   0) : 
(0 0 0 1  2ad   0) (0 0 0 1  2af   0) : 
(0 0 0 1  2c2   0) (0 0 0 1  2c4   0) : 
(0 0 0 1  3c3   0) (0 0 0 1  3c5   0) : 
(0 0 0 1  3cc   0) (0 0 0 1  3ce   0) : 
(0 0 0 1  3cd   0) (0 0 0 1  3cf   0) : 
(0 0 0 1  43a   0) (0 0 0 1  43c   0) : 
(0 0 0 1  43b   0) (0 0 0 1  43d   0) : 
(0 0 0 1  43c   0) (0 0 0 1  43e   0) : 
(0 0 0 1  5f9   0) (0 0 0 1  5fb   0) : 
(0 0 0 1  69e   0) (0 0 0 1  6a0   0) : 
(0 0 0 1  69f   0) (0 0 0 1  6a1   0) : 
(0 0 0 1  6b9   0) (0 0 0 1  6bb   0) : 
(0 0 0 1  6ba   0) (0 0 0 1  6bc   0) : 
(0 0 0 1  6bb   0) (0 0 0 1  6bd   0) : 
(0 0 0 1  6bc   0) (0 0 0 1  6be   0) : 
(0 0 0 1  6bd   0) (0 0 0 1  6bf   0) : 
(0 0 0 1  6ec   0) (0 0 0 1  6ee   0) : 
(0 0 0 1  6ed   0) (0 0 0 1  6ef   0) : 
(0 0 0 1  6ee   0) (0 0 0 1  6f0   0) : 
(0 0 0 1  6ef   0) (0 0 0 1  6f1   0) : 
(0 0 0 1  6f6   0) (0 0 0 1  6f8   0) : 
(0 0 0 1  6f7   0) (0 0 0 1  6f9   0) : 
(0 0 0 1  700   0) (0 0 0 1  702   0) : 
(0 0 0 1  701   0) (0 0 0 1  703   0) : 
(0 0 0 1  737   0) (0 0 0 1  739   0) : 
(0 0 0 1  738   0) (0 0 0 1  73a   0) : 
(0 0 0 1  739   0) (0 0 0 1  73b   0) : 
(0 0 0 1  73a   0) (0 0 0 1  73c   0) : 
(0 0 0 1  73b   0) (0 0 0 1  73d   0) : 
(0 0 0 1  73c   0) (0 0 0 1  73e   0) : 
(0 0 0 1  73d   0) (0 0 0 1  73f   0) : 
(0 0 0 1  88c   0) (0 0 0 1  88e   0) : 
(0 0 0 1  8a2   0) (0 0 0 1  8a4   0) : 
(0 0 0 1  8a3   0) (0 0 0 1  8a5   0) : 
(0 0 0 1  8c7   0) (0 0 0 1  8c9   0) : 
(0 0 0 1  8e0   0) (0 0 0 1  8e2   0) : 
(0 0 0 1  983   0) (0 0 0 1  985   0) : 
(0 0 0 1  9ef   0) (0 0 0 1  9f1   0) : 
(0 0 0 1  9f0   0) (0 0 0 1  9f2   0) : 
(0 0 0 1  a00   0) (0 0 0 1  a02   0) : 
(0 0 0 1  a33   0) (0 0 0 1  a35   0) : 
(0 0 0 1  a34   0) (0 0 0 1  a36   0) : 
(0 0 0 1  a3f   0) (0 0 0 1  a41   0) : 
(0 0 0 1  a40   0) (0 0 0 1  a42   0) : 
(0 0 0 1  a41   0) (0 0 0 1  a43   0) : 
(0 0 0 1  a42   0) (0 0 0 1  a44   0) : 
(0 0 0 1  a43   0) (0 0 0 1  a45   0) : 
(0 0 0 1  a44   0) (0 0 0 1  a46   0) : 
(0 0 0 1  a45   0) (0 0 0 1  a47   0) : 
(0 0 0 1  a8e   0) (0 0 0 1  a90   0) : 
(0 0 0 1  a8f   0) (0 0 0 1  a91   0) : 
(0 0 0 1  ac2   0) (0 0 0 1  ac4   0) : 
(0 0 0 1  ac3   0) (0 0 0 1  ac5   0) : 
(0 0 0 1  b0b   0) (0 0 0 1  b0d   0) : 
(0 0 0 1  bb9   0) (0 0 0 1  bbb   0) : 
(0 0 0 1  c60   0) (0 0 0 1  c62   0) : 
(0 0 0 1  d2e   0) (0 0 0 1  d30   0) : 
(0 0 0 1  d60   0) (0 0 0 1  d62   0) : 
(0 0 0 1  e0b   0) (0 0 0 1  e0d   0) : 
(0 0 0 1  e0f   0) (0 0 0 1  e11   0) : 
(0 0 0 1  e10   0) (0 0 0 1  e12   0) : 
(0 0 0 1  e39   0) (0 0 0 1  e3b   0) : 
(0 0 0 1  ff4   0) (0 0 0 1  ff6   0) : 
(0 0 0 1 1095   0) (0 0 0 1 1097   0) : 
(0 0 0 1 10b8   0) (0 0 0 1 10ba   0) : 
(0 0 0 1 1104   0) (0 0 0 1 1106   0) : 
(0 0 0 1 11db   0) (0 0 0 1 11dd   0) : 
(0 0 0 1 11dc   0) (0 0 0 1 11de   0) : 
(0 0 0 1 1380   0) (0 0 0 1 1382   0) : 
(0 0 0 1 1381   0) (0 0 0 1 1383   0) : 
(0 0 0 1 1382   0) (0 0 0 1 1384   0) : 
(0 0 0 1 1383   0) (0 0 0 1 1385   0) : 
(0 0 0 1 1384   0) (0 0 0 1 1386   0) : 
(0 0 0 1 1385   0) (0 0 0 1 1387   0) : 
(0 0 0 1 13e6   0) (0 0 0 1 13e8   0) : 
(0 0 0 1 1419   0) (0 0 0 1 141b   0) : 
(0 0 0 1 1467   0) (0 0 0 1 1469   0) : 
(0 0 0 1 1468   0) (0 0 0 1 146a   0) : 
(0 0 0 1 1469   0) (0 0 0 1 146b   0) : 
(0 0 0 1 146a   0) (0 0 0 1 146c   0) : 
(0 0 0 1 146b   0) (0 0 0 1 146d   0) : 
(0 0 0 1 146c   0) (0 0 0 1 146e   0) : 
(0 0 0 1 146d   0) (0 0 0 1 146f   0) : 
(0 0 0 1 146e   0) (0 0 0 1 1470   0) : 
(0 0 0 1 146f   0) (0 0 0 1 1471   0) : 
(0 0 0 1 1470   0) (0 0 0 1 1472   0) : 
(0 0 0 1 1471   0) (0 0 0 1 1473   0) : 
(0 0 0 1 1472   0) (0 0 0 1 1474   0) : 
(0 0 0 1 1473   0) (0 0 0 1 1475   0) : 
(0 0 0 1 1474   0) (0 0 0 1 1476   0) : 
(0 0 0 1 1475   0) (0 0 0 1 1477   0) : 
(0 0 0 1 1476   0) (0 0 0 1 1478   0) : 
(0 0 0 1 1533   0) (0 0 0 1 1535   0) : 
(0 0 0 1 16b2   0) (0 0 0 1 16b4   0) : 
(0 0 0 1 17d6   0) (0 0 0 1 17d8   0) : 
(0 0 0 1 17d7   0) (0 0 0 1 17d9   0) : 
(0 0 0 1 1805   0) (0 0 0 1 1807   0) : 
(0 0 0 1 1819   0) (0 0 0 1 181b   0) : 
(0 0 0 1 182f   0) (0 0 0 1 1831   0) : 
(0 0 0 1 1834   0) (0 0 0 1 1836   0) : 
(0 0 0 1 1835   0) (0 0 0 1 1837   0) : 
(0 0 0 1 1836   0) (0 0 0 1 1838   0) : 
(0 0 0 1 197f   0) (0 0 0 1 1981   0) : 
(0 0 0 1 198b   0) (0 0 0 1 198d   0) : 
(0 0 0 1 19d3   0) (0 0 0 1 19d5   0) : 
(0 0 0 1 1a9d   0) (0 0 0 1 1a9f   0) : 
(0 0 0 1 1a9e   0) (0 0 0 1 1aa0   0) : 
(0 0 0 1 1af3   0) (0 0 0 1 1af5   0) : 
(0 0 0 1 1af4   0) (0 0 0 1 1af6   0) : 
(0 0 0 1 1be0   0) (0 0 0 1 1be2   0) : 
(0 0 0 1 1bfd   0) (0 0 0 1 1bff   0) : 
(0 0 0 1 1c06   0) (0 0 0 1 1c08   0) : 
(0 0 0 1 1c17   0) (0 0 0 1 1c19   0) : 
(0 0 0 1 1ca2   0) (0 0 0 1 1ca4   0) : 
(0 0 0 1 1cc7   0) (0 0 0 1 1cc9   0) : 
(0 0 0 1 1d68   0) (0 0 0 1 1d6a   0) : 
(0 0 0 1 1d69   0) (0 0 0 1 1d6b   0) : 
(0 0 0 1 1df3   0) (0 0 0 1 1df5   0) : 
(0 0 0 1 1ec6   0) (0 0 0 1 1ec8   0) : 
(0 0 0 1 2105   0) (0 0 0 1 2107   0) : 
(0 0 0 1 23c8   0) (0 0 0 1 23ca   0) : 
(0 0 0 1 245e   0) (0 0 0 1 2460   0) : 
(0 0 0 1 2479   0) (0 0 0 1 247b   0) : 
(0 0 0 1 2488   0) (0 0 0 1 248a   0) : 
(0 0 0 1 24eb   0) (0 0 0 1 24ed   0) : 
(0 0 0 1 25fd   0) (0 0 0 1 25ff   0) : 
(0 0 0 1 26e7   0) (0 0 0 1 26e9   0) : 
(0 0 0 1 26e8   0) (0 0 0 1 26ea   0) : 
(0 0 0 1 27de   0) (0 0 0 1 27e0   0) : 
(0 0 0 1 2876   0) (0 0 0 1 2878   0) : 
(0 0 0 1 2877   0) (0 0 0 1 2879   0) : 
(0 0 0 1 2878   0) (0 0 0 1 287a   0) : 
(0 0 0 1 2891   0) (0 0 0 1 2893   0) : 
(0 0 0 1 2c49   0) (0 0 0 1 2c4b   0) : 
(0 0 0 1 2c9c   0) (0 0 0 1 2c9e   0) : 
(0 0 0 1 2eb2   0) (0 0 0 1 2eb4   0) : 
(0 0 0 1 3019   0) (0 0 0 1 301b   0) : 
(0 0 0 1 301a   0) (0 0 0 1 301c   0) : 
(0 0 0 1 335e   0) (0 0 0 1 3360   0) : 
(0 0 0 1 3375   0) (0 0 0 1 3377   0) : 
(0 0 0 1 3376   0) (0 0 0 1 3378   0) : 
(0 0 0 1 3377   0) (0 0 0 1 3379   0) : 
(0 0 0 1 33ae   0) (0 0 0 1 33b0   0) : 
(0 0 0 1 342a   0) (0 0 0 1 342c   0) : 
(0 0 0 1 35ec   0) (0 0 0 1 35ee   0) : 
(0 0 0 1 35ed   0) (0 0 0 1 35ef   0) : 
(0 0 0 1 35ee   0) (0 0 0 1 35f0   0) : 
(0 0 0 1 37e7   0) (0 0 0 1 37e9   0) : 
(0 0 0 1 3815   0) (0 0 0 1 3817   0) : 
(0 0 0 1 3816   0) (0 0 0 1 3818   0) : 
(0 0 0 1 3817   0) (0 0 0 1 3819   0) : 
(0 0 0 1 3818   0) (0 0 0 1 381a   0) : 
(0 0 0 1 38bb   0) (0 0 0 1 38bd   0) : 
(0 0 0 1 3973   0) (0 0 0 1 3975   0) : 
(0 0 0 1 39b4   0) (0 0 0 1 39b6   0) : 
(0 0 0 1 3a16   0) (0 0 0 1 3a18   0) : 
(0 0 0 1 3aa4   0) (0 0 0 1 3aa6   0) : 
(0 0 0 1 3aa5   0) (0 0 0 1 3aa7   0) : 
(0 0 0 1 3aa6   0) (0 0 0 1 3aa8   0) : 
(0 0 0 2   3c   0) (0 0 0 2   3e   0) : 
(0 0 0 2   3d   0) (0 0 0 2   3f   0) : 
(0 0 0 2   7a   0) (0 0 0 2   7c   0) : 
(0 0 0 2  139   0) (0 0 0 2  13b   0) : 
(0 0 0 2  1d8   0) (0 0 0 2  1da   0) : 
(0 0 0 2  1f2   0) (0 0 0 2  1f4   0) : 
(0 0 0 2  261   0) (0 0 0 2  263   0) : 
(0 0 0 2  262   0) (0 0 0 2  264   0) : 
(0 0 0 2  340   0) (0 0 0 2  342   0) : 
(0 0 0 2  35b   0) (0 0 0 2  35d   0) : 
(0 0 0 2  35c   0) (0 0 0 2  35e   0) : 
(0 0 0 2  3cc   0) (0 0 0 2  3ce   0) : 
(0 0 0 2  3cd   0) (0 0 0 2  3cf   0) : 
(0 0 0 2  3e4   0) (0 0 0 2  3e6   0) : 
(0 0 0 2  3e5   0) (0 0 0 2  3e7   0) : 
(0 0 0 2  3e6   0) (0 0 0 2  3e8   0) : 
(0 0 0 2  401   0) (0 0 0 2  403   0) : 
(0 0 0 2  43a   0) (0 0 0 2  43c   0) : 
(0 0 0 2  43b   0) (0 0 0 2  43d   0) : 
(0 0 0 2  43c   0) (0 0 0 2  43e   0) : 
(0 0 0 2  55d   0) (0 0 0 2  55f   0) : 
(0 0 0 2  5f9   0) (0 0 0 2  5fb   0) : 
(0 0 0 2  690   0) (0 0 0 2  692   0) : 
(0 0 0 2  69e   0) (0 0 0 2  6a0   0) : 
(0 0 0 2  6b9   0) (0 0 0 2  6bb   0) : 
(0 0 0 2  6ba   0) (0 0 0 2  6bc   0) : 
(0 0 0 2  6bb   0) (0 0 0 2  6bd   0) : 
(0 0 0 2  6bc   0) (0 0 0 2  6be   0) : 
(0 0 0 2  6bd   0) (0 0 0 2  6bf   0) : 
(0 0 0 2  6ec   0) (0 0 0 2  6ee   0) : 
(0 0 0 2  6ed   0) (0 0 0 2  6ef   0) : 
(0 0 0 2  6ee   0) (0 0 0 2  6f0   0) : 
(0 0 0 2  6f6   0) (0 0 0 2  6f8   0) : 
(0 0 0 2  6f7   0) (0 0 0 2  6f9   0) : 
(0 0 0 2  722   0) (0 0 0 2  724   0) : 
(0 0 0 2  737   0) (0 0 0 2  739   0) : 
(0 0 0 2  738   0) (0 0 0 2  73a   0) : 
(0 0 0 2  739   0) (0 0 0 2  73b   0) : 
(0 0 0 2  73a   0) (0 0 0 2  73c   0) : 
(0 0 0 2  73b   0) (0 0 0 2  73d   0) : 
(0 0 0 2  73c   0) (0 0 0 2  73e   0) : 
(0 0 0 2  73d   0) (0 0 0 2  73f   0) : 
(0 0 0 2  7aa   0) (0 0 0 2  7ac   0) : 
(0 0 0 2  873   0) (0 0 0 2  875   0) : 
(0 0 0 2  874   0) (0 0 0 2  876   0) : 
(0 0 0 2  8a1   0) (0 0 0 2  8a3   0) : 
(0 0 0 2  8a2   0) (0 0 0 2  8a4   0) : 
(0 0 0 2  8b4   0) (0 0 0 2  8b6   0) : 
(0 0 0 2  8b5   0) (0 0 0 2  8b7   0) : 
(0 0 0 2  8ce   0) (0 0 0 2  8d0   0) : 
(0 0 0 2  920   0) (0 0 0 2  922   0) : 
(0 0 0 2  921   0) (0 0 0 2  923   0) : 
(0 0 0 2  932   0) (0 0 0 2  934   0) : 
(0 0 0 2  953   0) (0 0 0 2  955   0) : 
(0 0 0 2  9ef   0) (0 0 0 2  9f1   0) : 
(0 0 0 2  9f0   0) (0 0 0 2  9f2   0) : 
(0 0 0 2  9ff   0) (0 0 0 2  a01   0) : 
(0 0 0 2  a40   0) (0 0 0 2  a42   0) : 
(0 0 0 2  a41   0) (0 0 0 2  a43   0) : 
(0 0 0 2  a42   0) (0 0 0 2  a44   0) : 
(0 0 0 2  a43   0) (0 0 0 2  a45   0) : 
(0 0 0 2  a44   0) (0 0 0 2  a46   0) : 
(0 0 0 2  a45   0) (0 0 0 2  a47   0) : 
(0 0 0 2  a7c   0) (0 0 0 2  a7e   0) : 
(0 0 0 2  a7d   0) (0 0 0 2  a7f   0) : 
(0 0 0 2  a91   0) (0 0 0 2  a93   0) : 
(0 0 0 2  a92   0) (0 0 0 2  a94   0) : 
(0 0 0 2  ac1   0) (0 0 0 2  ac3   0) : 
(0 0 0 2  ac2   0) (0 0 0 2  ac4   0) : 
(0 0 0 2  ac3   0) (0 0 0 2  ac5   0) : 
(0 0 0 2  ad3   0) (0 0 0 2  ad5   0) : 
(0 0 0 2  ad7   0) (0 0 0 2  ad9   0) : 
(0 0 0 2  b89   0) (0 0 0 2  b8b   0) : 
(0 0 0 2  b8a   0) (0 0 0 2  b8c   0) : 
(0 0 0 2  b8b   0) (0 0 0 2  b8d   0) : 
(0 0 0 2  be4   0) (0 0 0 2  be6   0) : 
(0 0 0 2  c42   0) (0 0 0 2  c44   0) : 
(0 0 0 2  cce   0) (0 0 0 2  cd0   0) : 
(0 0 0 2  d08   0) (0 0 0 2  d0a   0) : 
(0 0 0 2  e0c   0) (0 0 0 2  e0e   0) : 
(0 0 0 2  e97   0) (0 0 0 2  e99   0) : 
(0 0 0 2  fb0   0) (0 0 0 2  fb2   0) : 
(0 0 0 2 1154   0) (0 0 0 2 1156   0) : 
(0 0 0 2 1175   0) (0 0 0 2 1177   0) : 
(0 0 0 2 11e6   0) (0 0 0 2 11e8   0) : 
(0 0 0 2 12eb   0) (0 0 0 2 12ed   0) : 
(0 0 0 2 1380   0) (0 0 0 2 1382   0) : 
(0 0 0 2 1381   0) (0 0 0 2 1383   0) : 
(0 0 0 2 1382   0) (0 0 0 2 1384   0) : 
(0 0 0 2 1383   0) (0 0 0 2 1385   0) : 
(0 0 0 2 1384   0) (0 0 0 2 1386   0) : 
(0 0 0 2 1385   0) (0 0 0 2 1387   0) : 
(0 0 0 2 1419   0) (0 0 0 2 141b   0) : 
(0 0 0 2 1468   0) (0 0 0 2 146a   0) : 
(0 0 0 2 1469   0) (0 0 0 2 146b   0) : 
(0 0 0 2 146a   0) (0 0 0 2 146c   0) : 
(0 0 0 2 146b   0) (0 0 0 2 146d   0) : 
(0 0 0 2 146c   0) (0 0 0 2 146e   0) : 
(0 0 0 2 146d   0) (0 0 0 2 146f   0) : 
(0 0 0 2 146e   0) (0 0 0 2 1470   0) : 
(0 0 0 2 146f   0) (0 0 0 2 1471   0) : 
(0 0 0 2 1470   0) (0 0 0 2 1472   0) : 
(0 0 0 2 1471   0) (0 0 0 2 1473   0) : 
(0 0 0 2 1472   0) (0 0 0 2 1474   0) : 
(0 0 0 2 1473   0) (0 0 0 2 1475   0) : 
(0 0 0 2 1597   0) (0 0 0 2 1599   0) : 
(0 0 0 2 177c   0) (0 0 0 2 177e   0) : 
(0 0 0 2 1834   0) (0 0 0 2 1836   0) : 
(0 0 0 2 1835   0) (0 0 0 2 1837   0) : 
(0 0 0 2 1836   0) (0 0 0 2 1838   0) : 
(0 0 0 2 18aa   0) (0 0 0 2 18ac   0) : 
(0 0 0 2 18ae   0) (0 0 0 2 18b0   0) : 
(0 0 0 2 18af   0) (0 0 0 2 18b1   0) : 
(0 0 0 2 18bd   0) (0 0 0 2 18bf   0) : 
(0 0 0 2 18be   0) (0 0 0 2 18c0   0) : 
(0 0 0 2 1923   0) (0 0 0 2 1925   0) : 
(0 0 0 2 1985   0) (0 0 0 2 1987   0) : 
(0 0 0 2 198b   0) (0 0 0 2 198d   0) : 
(0 0 0 2 19db   0) (0 0 0 2 19dd   0) : 
(0 0 0 2 19f6   0) (0 0 0 2 19f8   0) : 
(0 0 0 2 19f7   0) (0 0 0 2 19f9   0) : 
(0 0 0 2 1a7d   0) (0 0 0 2 1a7f   0) : 
(0 0 0 2 1b1c   0) (0 0 0 2 1b1e   0) : 
(0 0 0 2 1be0   0) (0 0 0 2 1be2   0) : 
(0 0 0 2 1bfd   0) (0 0 0 2 1bff   0) : 
(0 0 0 2 1ccb   0) (0 0 0 2 1ccd   0) : 
(0 0 0 2 1cda   0) (0 0 0 2 1cdc   0) : 
(0 0 0 2 1ce2   0) (0 0 0 2 1ce4   0) : 
(0 0 0 2 1ce3   0) (0 0 0 2 1ce5   0) : 
(0 0 0 2 1ce9   0) (0 0 0 2 1ceb   0) : 
(0 0 0 2 1cea   0) (0 0 0 2 1cec   0) : 
(0 0 0 2 1d32   0) (0 0 0 2 1d34   0) : 
(0 0 0 2 1d68   0) (0 0 0 2 1d6a   0) : 
(0 0 0 2 1d69   0) (0 0 0 2 1d6b   0) : 
(0 0 0 2 1d6a   0) (0 0 0 2 1d6c   0) : 
(0 0 0 2 2172   0) (0 0 0 2 2174   0) : 
(0 0 0 2 2204   0) (0 0 0 2 2206   0) : 
(0 0 0 2 2242   0) (0 0 0 2 2244   0) : 
(0 0 0 2 224c   0) (0 0 0 2 224e   0) : 
(0 0 0 2 224d   0) (0 0 0 2 224f   0) : 
(0 0 0 2 229d   0) (0 0 0 2 229f   0) : 
(0 0 0 2 229e   0) (0 0 0 2 22a0   0) : 
(0 0 0 2 229f   0) (0 0 0 2 22a1   0) : 
(0 0 0 2 2329   0) (0 0 0 2 232b   0) : 
(0 0 0 2 235f   0) (0 0 0 2 2361   0) : 
(0 0 0 2 2360   0) (0 0 0 2 2362   0) : 
(0 0 0 2 2361   0) (0 0 0 2 2363   0) : 
(0 0 0 2 2383   0) (0 0 0 2 2385   0) : 
(0 0 0 2 23c8   0) (0 0 0 2 23ca   0) : 
(0 0 0 2 24d1   0) (0 0 0 2 24d3   0) : 
(0 0 0 2 24d2   0) (0 0 0 2 24d4   0) : 
(0 0 0 2 24fb   0) (0 0 0 2 24fd   0) : 
(0 0 0 2 2dcd   0) (0 0 0 2 2dcf   0) : 
(0 0 0 2 2e86   0) (0 0 0 2 2e88   0) : 
(0 0 0 2 2f30   0) (0 0 0 2 2f32   0) : 
(0 0 0 2 2f79   0) (0 0 0 2 2f7b   0) : 
(0 0 0 2 2f7a   0) (0 0 0 2 2f7c   0) : 
(0 0 0 2 2fd3   0) (0 0 0 2 2fd5   0) : 
(0 0 0 2 2fde   0) (0 0 0 2 2fe0   0) : 
(0 0 0 2 30e7   0) (0 0 0 2 30e9   0) : 
(0 0 0 2 30eb   0) (0 0 0 2 30ed   0) : 
(0 0 0 2 33bc   0) (0 0 0 2 33be   0) : 
(0 0 0 2 3536   0) (0 0 0 2 3538   0) : 
(0 0 0 2 357d   0) (0 0 0 2 357f   0) : 
(0 0 0 2 357e   0) (0 0 0 2 3580   0) : 
(0 0 0 2 373c   0) (0 0 0 2 373e   0) : 
(0 0 0 2 37e8   0) (0 0 0 2 37ea   0) : 
(0 0 0 2 38e2   0) (0 0 0 2 38e4   0) : 
(0 0 0 2 38f8   0) (0 0 0 2 38fa   0) : 
(0 0 0 2 38f9   0) (0 0 0 2 38fb   0) : 
(0 0 0 2 38fa   0) (0 0 0 2 38fc   0) : 
(0 0 0 2 38fb   0) (0 0 0 2 38fd   0) : 
(0 0 0 2 3900   0) (0 0 0 2 3902   0) : 
(0 0 0 2 3942   0) (0 0 0 2 3944   0) : 
(0 0 0 2 397b   0) (0 0 0 2 397d   0) : 
(0 0 0 2 39b1   0) (0 0 0 2 39b3   0) : 
(0 0 0 2 39b2   0) (0 0 0 2 39b4   0) : 
(0 0 0 2 39f1   0) (0 0 0 2 39f3   0) : 
(0 0 0 2 3a12   0) (0 0 0 2 3a14   0) : 
(0 0 0 2 3a23   0) (0 0 0 2 3a25   0) : 
(0 0 0 2 3a9e   0) (0 0 0 2 3aa0   0) : 
(0 0 0 2 3aa4   0) (0 0 0 2 3aa6   0) : 
(0 0 0 2 3ad3   0) (0 0 0 2 3ad5   0) : 
(0 0 0 2 3ef9   0) (0 0 0 2 3efb   0) : 
(0 0 0 3   3c   0) (0 0 0 3   3e   0) : 
(0 0 0 3   3d   0) (0 0 0 3   3f   0) : 
(0 0 0 3   7a   0) (0 0 0 3   7c   0) : 
(0 0 0 3   f2   0) (0 0 0 3   f4   0) : 
(0 0 0 3  249   0) (0 0 0 3  24b   0) : 
(0 0 0 3  298   0) (0 0 0 3  29a   0) : 
(0 0 0 3  30a   0) (0 0 0 3  30c   0) : 
(0 0 0 3  3cc   0) (0 0 0 3  3ce   0) : 
(0 0 0 3  3cd   0) (0 0 0 3  3cf   0) : 
(0 0 0 3  3e4   0) (0 0 0 3  3e6   0) : 
(0 0 0 3  43c   0) (0 0 0 3  43e   0) : 
(0 0 0 3  5f9   0) (0 0 0 3  5fb   0) : 
(0 0 0 3  646   0) (0 0 0 3  648   0) : 
(0 0 0 3  647   0) (0 0 0 3  649   0) : 
(0 0 0 3  648   0) (0 0 0 3  64a   0) : 
(0 0 0 3  69e   0) (0 0 0 3  6a0   0) : 
(0 0 0 3  6b9   0) (0 0 0 3  6bb   0) : 
(0 0 0 3  6ba   0) (0 0 0 3  6bc   0) : 
(0 0 0 3  6bb   0) (0 0 0 3  6bd   0) : 
(0 0 0 3  6bc   0) (0 0 0 3  6be   0) : 
(0 0 0 3  6bd   0) (0 0 0 3  6bf   0) : 
(0 0 0 3  6ed   0) (0 0 0 3  6ef   0) : 
(0 0 0 3  6ee   0) (0 0 0 3  6f0   0) : 
(0 0 0 3  6f6   0) (0 0 0 3  6f8   0) : 
(0 0 0 3  6f7   0) (0 0 0 3  6f9   0) : 
(0 0 0 3  724   0) (0 0 0 3  726   0) : 
(0 0 0 3  725   0) (0 0 0 3  727   0) : 
(0 0 0 3  737   0) (0 0 0 3  739   0) : 
(0 0 0 3  738   0) (0 0 0 3  73a   0) : 
(0 0 0 3  739   0) (0 0 0 3  73b   0) : 
(0 0 0 3  73a   0) (0 0 0 3  73c   0) : 
(0 0 0 3  73b   0) (0 0 0 3  73d   0) : 
(0 0 0 3  73c   0) (0 0 0 3  73e   0) : 
(0 0 0 3  73d   0) (0 0 0 3  73f   0) : 
(0 0 0 3  774   0) (0 0 0 3  776   0) : 
(0 0 0 3  854   0) (0 0 0 3  856   0) : 
(0 0 0 3  8a1   0) (0 0 0 3  8a3   0) : 
(0 0 0 3  8a2   0) (0 0 0 3  8a4   0) : 
(0 0 0 3  953   0) (0 0 0 3  955   0) : 
(0 0 0 3  9a7   0) (0 0 0 3  9a9   0) : 
(0 0 0 3  9ef   0) (0 0 0 3  9f1   0) : 
(0 0 0 3  9f0   0) (0 0 0 3  9f2   0) : 
(0 0 0 3  a40   0) (0 0 0 3  a42   0) : 
(0 0 0 3  a41   0) (0 0 0 3  a43   0) : 
(0 0 0 3  a42   0) (0 0 0 3  a44   0) : 
(0 0 0 3  a43   0) (0 0 0 3  a45   0) : 
(0 0 0 3  a44   0) (0 0 0 3  a46   0) : 
(0 0 0 3  a45   0) (0 0 0 3  a47   0) : 
(0 0 0 3  a58   0) (0 0 0 3  a5a   0) : 
(0 0 0 3  a7c   0) (0 0 0 3  a7e   0) : 
(0 0 0 3  a7d   0) (0 0 0 3  a7f   0) : 
(0 0 0 3  ac2   0) (0 0 0 3  ac4   0) : 
(0 0 0 3  ac3   0) (0 0 0 3  ac5   0) : 
(0 0 0 3  af5   0) (0 0 0 3  af7   0) : 
(0 0 0 3  bae   0) (0 0 0 3  bb0   0) : 
(0 0 0 3  c1a   0) (0 0 0 3  c1c   0) : 
(0 0 0 3  c3a   0) (0 0 0 3  c3c   0) : 
(0 0 0 3  d04   0) (0 0 0 3  d06   0) : 
(0 0 0 3  e1c   0) (0 0 0 3  e1e   0) : 
(0 0 0 3  fa3   0) (0 0 0 3  fa5   0) : 
(0 0 0 3  fb0   0) (0 0 0 3  fb2   0) : 
(0 0 0 3  fb1   0) (0 0 0 3  fb3   0) : 
(0 0 0 3  fd8   0) (0 0 0 3  fda   0) : 
(0 0 0 3  fdd   0) (0 0 0 3  fdf   0) : 
(0 0 0 3 1126   0) (0 0 0 3 1128   0) : 
(0 0 0 3 1127   0) (0 0 0 3 1129   0) : 
(0 0 0 3 112c   0) (0 0 0 3 112e   0) : 
(0 0 0 3 1175   0) (0 0 0 3 1177   0) : 
(0 0 0 3 1191   0) (0 0 0 3 1193   0) : 
(0 0 0 3 1192   0) (0 0 0 3 1194   0) : 
(0 0 0 3 12c7   0) (0 0 0 3 12c9   0) : 
(0 0 0 3 1373   0) (0 0 0 3 1375   0) : 
(0 0 0 3 1380   0) (0 0 0 3 1382   0) : 
(0 0 0 3 1381   0) (0 0 0 3 1383   0) : 
(0 0 0 3 1382   0) (0 0 0 3 1384   0) : 
(0 0 0 3 1383   0) (0 0 0 3 1385   0) : 
(0 0 0 3 1384   0) (0 0 0 3 1386   0) : 
(0 0 0 3 1385   0) (0 0 0 3 1387   0) : 
(0 0 0 3 1406   0) (0 0 0 3 1408   0) : 
(0 0 0 3 1407   0) (0 0 0 3 1409   0) : 
(0 0 0 3 1408   0) (0 0 0 3 140a   0) : 
(0 0 0 3 142d   0) (0 0 0 3 142f   0) : 
(0 0 0 3 1467   0) (0 0 0 3 1469   0) : 
(0 0 0 3 1468   0) (0 0 0 3 146a   0) : 
(0 0 0 3 1469   0) (0 0 0 3 146b   0) : 
(0 0 0 3 146a   0) (0 0 0 3 146c   0) : 
(0 0 0 3 146b   0) (0 0 0 3 146d   0) : 
(0 0 0 3 146c   0) (0 0 0 3 146e   0) : 
(0 0 0 3 146d   0) (0 0 0 3 146f   0) : 
(0 0 0 3 146e   0) (0 0 0 3 1470   0) : 
(0 0 0 3 146f   0) (0 0 0 3 1471   0) : 
(0 0 0 3 1470   0) (0 0 0 3 1472   0) : 
(0 0 0 3 1471   0) (0 0 0 3 1473   0) : 
(0 0 0 3 1472   0) (0 0 0 3 1474   0) : 
(0 0 0 3 1473   0) (0 0 0 3 1475   0) : 
(0 0 0 3 1587   0) (0 0 0 3 1589   0) : 
(0 0 0 3 1588   0) (0 0 0 3 158a   0) : 
(0 0 0 3 15ed   0) (0 0 0 3 15ef   0) : 
(0 0 0 3 1834   0) (0 0 0 3 1836   0) : 
(0 0 0 3 1835   0) (0 0 0 3 1837   0) : 
(0 0 0 3 1843   0) (0 0 0 3 1845   0) : 
(0 0 0 3 18aa   0) (0 0 0 3 18ac   0) : 
(0 0 0 3 18ab   0) (0 0 0 3 18ad   0) : 
(0 0 0 3 18af   0) (0 0 0 3 18b1   0) : 
(0 0 0 3 198c   0) (0 0 0 3 198e   0) : 
(0 0 0 3 199c   0) (0 0 0 3 199e   0) : 
(0 0 0 3 199d   0) (0 0 0 3 199f   0) : 
(0 0 0 3 19aa   0) (0 0 0 3 19ac   0) : 
(0 0 0 3 19f0   0) (0 0 0 3 19f2   0) : 
(0 0 0 3 1b61   0) (0 0 0 3 1b63   0) : 
(0 0 0 3 1bde   0) (0 0 0 3 1be0   0) : 
(0 0 0 3 1bdf   0) (0 0 0 3 1be1   0) : 
(0 0 0 3 1be0   0) (0 0 0 3 1be2   0) : 
(0 0 0 3 1bfd   0) (0 0 0 3 1bff   0) : 
(0 0 0 3 1c10   0) (0 0 0 3 1c12   0) : 
(0 0 0 3 1c74   0) (0 0 0 3 1c76   0) : 
(0 0 0 3 1d68   0) (0 0 0 3 1d6a   0) : 
(0 0 0 3 1d69   0) (0 0 0 3 1d6b   0) : 
(0 0 0 3 1de1   0) (0 0 0 3 1de3   0) : 
(0 0 0 3 1e98   0) (0 0 0 3 1e9a   0) : 
(0 0 0 3 209a   0) (0 0 0 3 209c   0) : 
(0 0 0 3 22b4   0) (0 0 0 3 22b6   0) : 
(0 0 0 3 22b5   0) (0 0 0 3 22b7   0) : 
(0 0 0 3 2325   0) (0 0 0 3 2327   0) : 
(0 0 0 3 2383   0) (0 0 0 3 2385   0) : 
(0 0 0 3 23c8   0) (0 0 0 3 23ca   0) : 
(0 0 0 3 243d   0) (0 0 0 3 243f   0) : 
(0 0 0 3 2450   0) (0 0 0 3 2452   0) : 
(0 0 0 3 24d2   0) (0 0 0 3 24d4   0) : 
(0 0 0 3 24fa   0) (0 0 0 3 24fc   0) : 
(0 0 0 3 26d8   0) (0 0 0 3 26da   0) : 
(0 0 0 3 26fd   0) (0 0 0 3 26ff   0) : 
(0 0 0 3 2703   0) (0 0 0 3 2705   0) : 
(0 0 0 3 27a3   0) (0 0 0 3 27a5   0) : 
(0 0 0 3 2c44   0) (0 0 0 3 2c46   0) : 
(0 0 0 3 2e00   0) (0 0 0 3 2e02   0) : 
(0 0 0 3 2f85   0) (0 0 0 3 2f87   0) : 
(0 0 0 3 303d   0) (0 0 0 3 303f   0) : 
(0 0 0 3 30bd   0) (0 0 0 3 30bf   0) : 
(0 0 0 3 33ae   0) (0 0 0 3 33b0   0) : 
(0 0 0 3 33b5   0) (0 0 0 3 33b7   0) : 
(0 0 0 3 3504   0) (0 0 0 3 3506   0) : 
(0 0 0 3 3592   0) (0 0 0 3 3594   0) : 
(0 0 0 3 35bb   0) (0 0 0 3 35bd   0) : 
(0 0 0 3 35d0   0) (0 0 0 3 35d2   0) : 
(0 0 0 3 35d1   0) (0 0 0 3 35d3   0) : 
(0 0 0 3 35ee   0) (0 0 0 3 35f0   0) : 
(0 0 0 3 35ef   0) (0 0 0 3 35f1   0) : 
(0 0 0 3 35f0   0) (0 0 0 3 35f2   0) : 
(0 0 0 3 3719   0) (0 0 0 3 371b   0) : 
(0 0 0 3 371a   0) (0 0 0 3 371c   0) : 
(0 0 0 3 3787   0) (0 0 0 3 3789   0) : 
(0 0 0 3 37ec   0) (0 0 0 3 37ee   0) : 
(0 0 0 3 3852   0) (0 0 0 3 3854   0) : 
(0 0 0 3 3872   0) (0 0 0 3 3874   0) : 
(0 0 0 3 3873   0) (0 0 0 3 3875   0) : 
(0 0 0 3 3885   0) (0 0 0 3 3887   0) : 
(0 0 0 3 3886   0) (0 0 0 3 3888   0) : 
(0 0 0 3 3887   0) (0 0 0 3 3889   0) : 
(0 0 0 3 3888   0) (0 0 0 3 388a   0) : 
(0 0 0 3 38fa   0) (0 0 0 3 38fc   0) : 
(0 0 0 3 38fb   0) (0 0 0 3 38fd   0) : 
(0 0 0 3 38ff   0) (0 0 0 3 3901   0) : 
(0 0 0 3 3900   0) (0 0 0 3 3902   0) : 
(0 0 0 3 39b1   0) (0 0 0 3 39b3   0) : 
(0 0 0 3 3aa8   0) (0 0 0 3 3aaa   0) : 
(0 0 0 3 3aa9   0) (0 0 0 3 3aab   0) : 
(0 0 0 4   24   0) (0 0 0 4   26   0) : 
(0 0 0 4   83   0) (0 0 0 4   85   0) : 
(0 0 0 4  238   0) (0 0 0 4  23a   0) : 
(0 0 0 4  239   0) (0 0 0 4  23b   0) : 
(0 0 0 4  30a   0) (0 0 0 4  30c   0) : 
(0 0 0 4  33d   0) (0 0 0 4  33f   0) : 
(0 0 0 4  344   0) (0 0 0 4  346   0) : 
(0 0 0 4  345   0) (0 0 0 4  347   0) : 
(0 0 0 4  360   0) (0 0 0 4  362   0) : 
(0 0 0 4  361   0) (0 0 0 4  363   0) : 
(0 0 0 4  3cb   0) (0 0 0 4  3cd   0) : 
(0 0 0 4  3cc   0) (0 0 0 4  3ce   0) : 
(0 0 0 4  3cd   0) (0 0 0 4  3cf   0) : 
(0 0 0 4  3e4   0) (0 0 0 4  3e6   0) : 
(0 0 0 4  3e5   0) (0 0 0 4  3e7   0) : 
(0 0 0 4  5f8   0) (0 0 0 4  5fa   0) : 
(0 0 0 4  5f9   0) (0 0 0 4  5fb   0) : 
(0 0 0 4  609   0) (0 0 0 4  60b   0) : 
(0 0 0 4  693   0) (0 0 0 4  695   0) : 
(0 0 0 4  69e   0) (0 0 0 4  6a0   0) : 
(0 0 0 4  6b9   0) (0 0 0 4  6bb   0) : 
(0 0 0 4  6ba   0) (0 0 0 4  6bc   0) : 
(0 0 0 4  6bb   0) (0 0 0 4  6bd   0) : 
(0 0 0 4  6bc   0) (0 0 0 4  6be   0) : 
(0 0 0 4  6bd   0) (0 0 0 4  6bf   0) : 
(0 0 0 4  6ec   0) (0 0 0 4  6ee   0) : 
(0 0 0 4  6ed   0) (0 0 0 4  6ef   0) : 
(0 0 0 4  6ee   0) (0 0 0 4  6f0   0) : 
(0 0 0 4  6f3   0) (0 0 0 4  6f5   0) : 
(0 0 0 4  6f4   0) (0 0 0 4  6f6   0) : 
(0 0 0 4  6f5   0) (0 0 0 4  6f7   0) : 
(0 0 0 4  6f6   0) (0 0 0 4  6f8   0) : 
(0 0 0 4  6f7   0) (0 0 0 4  6f9   0) : 
(0 0 0 4  737   0) (0 0 0 4  739   0) : 
(0 0 0 4  738   0) (0 0 0 4  73a   0) : 
(0 0 0 4  739   0) (0 0 0 4  73b   0) : 
(0 0 0 4  73a   0) (0 0 0 4  73c   0) : 
(0 0 0 4  73b   0) (0 0 0 4  73d   0) : 
(0 0 0 4  73c   0) (0 0 0 4  73e   0) : 
(0 0 0 4  73d   0) (0 0 0 4  73f   0) : 
(0 0 0 4  783   0) (0 0 0 4  785   0) : 
(0 0 0 4  8c8   0) (0 0 0 4  8ca   0) : 
(0 0 0 4  981   0) (0 0 0 4  983   0) : 
(0 0 0 4  982   0) (0 0 0 4  984   0) : 
(0 0 0 4  9ad   0) (0 0 0 4  9af   0) : 
(0 0 0 4  a3f   0) (0 0 0 4  a41   0) : 
(0 0 0 4  a40   0) (0 0 0 4  a42   0) : 
(0 0 0 4  a41   0) (0 0 0 4  a43   0) : 
(0 0 0 4  a42   0) (0 0 0 4  a44   0) : 
(0 0 0 4  a43   0) (0 0 0 4  a45   0) : 
(0 0 0 4  a44   0) (0 0 0 4  a46   0) : 
(0 0 0 4  a45   0) (0 0 0 4  a47   0) : 
(0 0 0 4  ab0   0) (0 0 0 4  ab2   0) : 
(0 0 0 4  ac2   0) (0 0 0 4  ac4   0) : 
(0 0 0 4  ac3   0) (0 0 0 4  ac5   0) : 
(0 0 0 4  afe   0) (0 0 0 4  b00   0) : 
(0 0 0 4  b11   0) (0 0 0 4  b13   0) : 
(0 0 0 4  b8e   0) (0 0 0 4  b90   0) : 
(0 0 0 4  bb0   0) (0 0 0 4  bb2   0) : 
(0 0 0 4  ccc   0) (0 0 0 4  cce   0) : 
(0 0 0 4  ccd   0) (0 0 0 4  ccf   0) : 
(0 0 0 4  d01   0) (0 0 0 4  d03   0) : 
(0 0 0 4  f11   0) (0 0 0 4  f13   0) : 
(0 0 0 4  f75   0) (0 0 0 4  f77   0) : 
(0 0 0 4 1105   0) (0 0 0 4 1107   0) : 
(0 0 0 4 11b9   0) (0 0 0 4 11bb   0) : 
(0 0 0 4 1380   0) (0 0 0 4 1382   0) : 
(0 0 0 4 1381   0) (0 0 0 4 1383   0) : 
(0 0 0 4 1382   0) (0 0 0 4 1384   0) : 
(0 0 0 4 1383   0) (0 0 0 4 1385   0) : 
(0 0 0 4 1384   0) (0 0 0 4 1386   0) : 
(0 0 0 4 1385   0) (0 0 0 4 1387   0) : 
(0 0 0 4 1419   0) (0 0 0 4 141b   0) : 
(0 0 0 4 141a   0) (0 0 0 4 141c   0) : 
(0 0 0 4 1465   0) (0 0 0 4 1467   0) : 
(0 0 0 4 1466   0) (0 0 0 4 1468   0) : 
(0 0 0 4 1467   0) (0 0 0 4 1469   0) : 
(0 0 0 4 1468   0) (0 0 0 4 146a   0) : 
(0 0 0 4 1469   0) (0 0 0 4 146b   0) : 
(0 0 0 4 146a   0) (0 0 0 4 146c   0) : 
(0 0 0 4 146b   0) (0 0 0 4 146d   0) : 
(0 0 0 4 146c   0) (0 0 0 4 146e   0) : 
(0 0 0 4 146d   0) (0 0 0 4 146f   0) : 
(0 0 0 4 146e   0) (0 0 0 4 1470   0) : 
(0 0 0 4 146f   0) (0 0 0 4 1471   0) : 
(0 0 0 4 1470   0) (0 0 0 4 1472   0) : 
(0 0 0 4 1471   0) (0 0 0 4 1473   0) : 
(0 0 0 4 1472   0) (0 0 0 4 1474   0) : 
(0 0 0 4 1473   0) (0 0 0 4 1475   0) : 
(0 0 0 4 1474   0) (0 0 0 4 1476   0) : 
(0 0 0 4 1475   0) (0 0 0 4 1477   0) : 
(0 0 0 4 1679   0) (0 0 0 4 167b   0) : 
(0 0 0 4 16ca   0) (0 0 0 4 16cc   0) : 
(0 0 0 4 1834   0) (0 0 0 4 1836   0) : 
(0 0 0 4 1835   0) (0 0 0 4 1837   0) : 
(0 0 0 4 1836   0) (0 0 0 4 1838   0) : 
(0 0 0 4 1837   0) (0 0 0 4 1839   0) : 
(0 0 0 4 18aa   0) (0 0 0 4 18ac   0) : 
(0 0 0 4 19aa   0) (0 0 0 4 19ac   0) : 
(0 0 0 4 1a23   0) (0 0 0 4 1a25   0) : 
(0 0 0 4 1b33   0) (0 0 0 4 1b35   0) : 
(0 0 0 4 1be0   0) (0 0 0 4 1be2   0) : 
(0 0 0 4 1be1   0) (0 0 0 4 1be3   0) : 
(0 0 0 4 1c1b   0) (0 0 0 4 1c1d   0) : 
(0 0 0 4 1cce   0) (0 0 0 4 1cd0   0) : 
(0 0 0 4 1cd5   0) (0 0 0 4 1cd7   0) : 
(0 0 0 4 1d68   0) (0 0 0 4 1d6a   0) : 
(0 0 0 4 1d69   0) (0 0 0 4 1d6b   0) : 
(0 0 0 4 1d6a   0) (0 0 0 4 1d6c   0) : 
(0 0 0 4 1f28   0) (0 0 0 4 1f2a   0) : 
(0 0 0 4 1f40   0) (0 0 0 4 1f42   0) : 
(0 0 0 4 215f   0) (0 0 0 4 2161   0) : 
(0 0 0 4 22b5   0) (0 0 0 4 22b7   0) : 
(0 0 0 4 22b6   0) (0 0 0 4 22b8   0) : 
(0 0 0 4 2350   0) (0 0 0 4 2352   0) : 
(0 0 0 4 2394   0) (0 0 0 4 2396   0) : 
(0 0 0 4 2395   0) (0 0 0 4 2397   0) : 
(0 0 0 4 23c8   0) (0 0 0 4 23ca   0) : 
(0 0 0 4 23da   0) (0 0 0 4 23dc   0) : 
(0 0 0 4 245f   0) (0 0 0 4 2461   0) : 
(0 0 0 4 2460   0) (0 0 0 4 2462   0) : 
(0 0 0 4 24a0   0) (0 0 0 4 24a2   0) : 
(0 0 0 4 258c   0) (0 0 0 4 258e   0) : 
(0 0 0 4 258d   0) (0 0 0 4 258f   0) : 
(0 0 0 4 25d2   0) (0 0 0 4 25d4   0) : 
(0 0 0 4 2630   0) (0 0 0 4 2632   0) : 
(0 0 0 4 2c88   0) (0 0 0 4 2c8a   0) : 
(0 0 0 4 3382   0) (0 0 0 4 3384   0) : 
(0 0 0 4 35d0   0) (0 0 0 4 35d2   0) : 
(0 0 0 4 37c6   0) (0 0 0 4 37c8   0) : 
(0 0 0 4 380f   0) (0 0 0 4 3811   0) : 
(0 0 0 4 38f4   0) (0 0 0 4 38f6   0) : 
(0 0 0 4 39b4   0) (0 0 0 4 39b6   0) : 
(0 0 0 4 39b9   0) (0 0 0 4 39bb   0) : 
(0 0 0 4 3a61   0) (0 0 0 4 3a63   0) : 
(0 0 0 4 3af3   0) (0 0 0 4 3af5   0) : 
(0 0 0 4 3eac   0) (0 0 0 4 3eae   0) : 
(0 0 0 5   24   0) (0 0 0 5   26   0) : 
(0 0 0 5  112   0) (0 0 0 5  114   0) : 
(0 0 0 5  113   0) (0 0 0 5  115   0) : 
(0 0 0 5  119   0) (0 0 0 5  11b   0) : 
(0 0 0 5  11a   0) (0 0 0 5  11c   0) : 
(0 0 0 5  1bc   0) (0 0 0 5  1be   0) : 
(0 0 0 5  238   0) (0 0 0 5  23a   0) : 
(0 0 0 5  25c   0) (0 0 0 5  25e   0) : 
(0 0 0 5  362   0) (0 0 0 5  364   0) : 
(0 0 0 5  363   0) (0 0 0 5  365   0) : 
(0 0 0 5  376   0) (0 0 0 5  378   0) : 
(0 0 0 5  377   0) (0 0 0 5  379   0) : 
(0 0 0 5  3cb   0) (0 0 0 5  3cd   0) : 
(0 0 0 5  3cc   0) (0 0 0 5  3ce   0) : 
(0 0 0 5  3cd   0) (0 0 0 5  3cf   0) : 
(0 0 0 5  3ce   0) (0 0 0 5  3d0   0) : 
(0 0 0 5  3cf   0) (0 0 0 5  3d1   0) : 
(0 0 0 5  3d0   0) (0 0 0 5  3d2   0) : 
(0 0 0 5  3f9   0) (0 0 0 5  3fb   0) : 
(0 0 0 5  42f   0) (0 0 0 5  431   0) : 
(0 0 0 5  43d   0) (0 0 0 5  43f   0) : 
(0 0 0 5  55b   0) (0 0 0 5  55d   0) : 
(0 0 0 5  5f8   0) (0 0 0 5  5fa   0) : 
(0 0 0 5  5f9   0) (0 0 0 5  5fb   0) : 
(0 0 0 5  608   0) (0 0 0 5  60a   0) : 
(0 0 0 5  69e   0) (0 0 0 5  6a0   0) : 
(0 0 0 5  6b9   0) (0 0 0 5  6bb   0) : 
(0 0 0 5  6ba   0) (0 0 0 5  6bc   0) : 
(0 0 0 5  6bb   0) (0 0 0 5  6bd   0) : 
(0 0 0 5  6bc   0) (0 0 0 5  6be   0) : 
(0 0 0 5  6bd   0) (0 0 0 5  6bf   0) : 
(0 0 0 5  6dd   0) (0 0 0 5  6df   0) : 
(0 0 0 5  6ee   0) (0 0 0 5  6f0   0) : 
(0 0 0 5  6f6   0) (0 0 0 5  6f8   0) : 
(0 0 0 5  6f7   0) (0 0 0 5  6f9   0) : 
(0 0 0 5  6f8   0) (0 0 0 5  6fa   0) : 
(0 0 0 5  737   0) (0 0 0 5  739   0) : 
(0 0 0 5  738   0) (0 0 0 5  73a   0) : 
(0 0 0 5  739   0) (0 0 0 5  73b   0) : 
(0 0 0 5  73a   0) (0 0 0 5  73c   0) : 
(0 0 0 5  73b   0) (0 0 0 5  73d   0) : 
(0 0 0 5  73c   0) (0 0 0 5  73e   0) : 
(0 0 0 5  73d   0) (0 0 0 5  73f   0) : 
(0 0 0 5  8f2   0) (0 0 0 5  8f4   0) : 
(0 0 0 5  966   0) (0 0 0 5  968   0) : 
(0 0 0 5  980   0) (0 0 0 5  982   0) : 
(0 0 0 5  981   0) (0 0 0 5  983   0) : 
(0 0 0 5  982   0) (0 0 0 5  984   0) : 
(0 0 0 5  9b4   0) (0 0 0 5  9b6   0) : 
(0 0 0 5  a2d   0) (0 0 0 5  a2f   0) : 
(0 0 0 5  a36   0) (0 0 0 5  a38   0) : 
(0 0 0 5  a3f   0) (0 0 0 5  a41   0) : 
(0 0 0 5  a40   0) (0 0 0 5  a42   0) : 
(0 0 0 5  a41   0) (0 0 0 5  a43   0) : 
(0 0 0 5  a42   0) (0 0 0 5  a44   0) : 
(0 0 0 5  a43   0) (0 0 0 5  a45   0) : 
(0 0 0 5  a44   0) (0 0 0 5  a46   0) : 
(0 0 0 5  a45   0) (0 0 0 5  a47   0) : 
(0 0 0 5  ac2   0) (0 0 0 5  ac4   0) : 
(0 0 0 5  ac3   0) (0 0 0 5  ac5   0) : 
(0 0 0 5  b8e   0) (0 0 0 5  b90   0) : 
(0 0 0 5  c08   0) (0 0 0 5  c0a   0) : 
(0 0 0 5  c3a   0) (0 0 0 5  c3c   0) : 
(0 0 0 5  c3b   0) (0 0 0 5  c3d   0) : 
(0 0 0 5  d9b   0) (0 0 0 5  d9d   0) : 
(0 0 0 5  dbc   0) (0 0 0 5  dbe   0) : 
(0 0 0 5  fd2   0) (0 0 0 5  fd4   0) : 
(0 0 0 5 12c8   0) (0 0 0 5 12ca   0) : 
(0 0 0 5 12e0   0) (0 0 0 5 12e2   0) : 
(0 0 0 5 1380   0) (0 0 0 5 1382   0) : 
(0 0 0 5 1381   0) (0 0 0 5 1383   0) : 
(0 0 0 5 1382   0) (0 0 0 5 1384   0) : 
(0 0 0 5 1383   0) (0 0 0 5 1385   0) : 
(0 0 0 5 1384   0) (0 0 0 5 1386   0) : 
(0 0 0 5 1385   0) (0 0 0 5 1387   0) : 
(0 0 0 5 1386   0) (0 0 0 5 1388   0) : 
(0 0 0 5 140a   0) (0 0 0 5 140c   0) : 
(0 0 0 5 1419   0) (0 0 0 5 141b   0) : 
(0 0 0 5 141a   0) (0 0 0 5 141c   0) : 
(0 0 0 5 1466   0) (0 0 0 5 1468   0) : 
(0 0 0 5 1467   0) (0 0 0 5 1469   0) : 
(0 0 0 5 1468   0) (0 0 0 5 146a   0) : 
(0 0 0 5 1469   0) (0 0 0 5 146b   0) : 
(0 0 0 5 146a   0) (0 0 0 5 146c   0) : 
(0 0 0 5 146b   0) (0 0 0 5 146d   0) : 
(0 0 0 5 146c   0) (0 0 0 5 146e   0) : 
(0 0 0 5 146d   0) (0 0 0 5 146f   0) : 
(0 0 0 5 146e   0) (0 0 0 5 1470   0) : 
(0 0 0 5 146f   0) (0 0 0 5 1471   0) : 
(0 0 0 5 1470   0) (0 0 0 5 1472   0) : 
(0 0 0 5 1471   0) (0 0 0 5 1473   0) : 
(0 0 0 5 1472   0) (0 0 0 5 1474   0) : 
(0 0 0 5 1473   0) (0 0 0 5 1475   0) : 
(0 0 0 5 1544   0) (0 0 0 5 1546   0) : 
(0 0 0 5 1578   0) (0 0 0 5 157a   0) : 
(0 0 0 5 158d   0) (0 0 0 5 158f   0) : 
(0 0 0 5 167d   0) (0 0 0 5 167f   0) : 
(0 0 0 5 16b5   0) (0 0 0 5 16b7   0) : 
(0 0 0 5 17d4   0) (0 0 0 5 17d6   0) : 
(0 0 0 5 17d5   0) (0 0 0 5 17d7   0) : 
(0 0 0 5 1834   0) (0 0 0 5 1836   0) : 
(0 0 0 5 1835   0) (0 0 0 5 1837   0) : 
(0 0 0 5 18b3   0) (0 0 0 5 18b5   0) : 
(0 0 0 5 198c   0) (0 0 0 5 198e   0) : 
(0 0 0 5 1a2f   0) (0 0 0 5 1a31   0) : 
(0 0 0 5 1a30   0) (0 0 0 5 1a32   0) : 
(0 0 0 5 1b12   0) (0 0 0 5 1b14   0) : 
(0 0 0 5 1b7b   0) (0 0 0 5 1b7d   0) : 
(0 0 0 5 1c36   0) (0 0 0 5 1c38   0) : 
(0 0 0 5 1c37   0) (0 0 0 5 1c39   0) : 
(0 0 0 5 1c7b   0) (0 0 0 5 1c7d   0) : 
(0 0 0 5 1c7c   0) (0 0 0 5 1c7e   0) : 
(0 0 0 5 1c7d   0) (0 0 0 5 1c7f   0) : 
(0 0 0 5 1cc3   0) (0 0 0 5 1cc5   0) : 
(0 0 0 5 1cd5   0) (0 0 0 5 1cd7   0) : 
(0 0 0 5 1d22   0) (0 0 0 5 1d24   0) : 
(0 0 0 5 1d2b   0) (0 0 0 5 1d2d   0) : 
(0 0 0 5 1d68   0) (0 0 0 5 1d6a   0) : 
(0 0 0 5 1d69   0) (0 0 0 5 1d6b   0) : 
(0 0 0 5 1def   0) (0 0 0 5 1df1   0) : 
(0 0 0 5 1e02   0) (0 0 0 5 1e04   0) : 
(0 0 0 5 1e08   0) (0 0 0 5 1e0a   0) : 
(0 0 0 5 1e46   0) (0 0 0 5 1e48   0) : 
(0 0 0 5 1e47   0) (0 0 0 5 1e49   0) : 
(0 0 0 5 1f29   0) (0 0 0 5 1f2b   0) : 
(0 0 0 5 1f73   0) (0 0 0 5 1f75   0) : 
(0 0 0 5 1f8c   0) (0 0 0 5 1f8e   0) : 
(0 0 0 5 1f8d   0) (0 0 0 5 1f8f   0) : 
(0 0 0 5 215f   0) (0 0 0 5 2161   0) : 
(0 0 0 5 2160   0) (0 0 0 5 2162   0) : 
(0 0 0 5 2161   0) (0 0 0 5 2163   0) : 
(0 0 0 5 21ec   0) (0 0 0 5 21ee   0) : 
(0 0 0 5 21ed   0) (0 0 0 5 21ef   0) : 
(0 0 0 5 2242   0) (0 0 0 5 2244   0) : 
(0 0 0 5 225a   0) (0 0 0 5 225c   0) : 
(0 0 0 5 22a4   0) (0 0 0 5 22a6   0) : 
(0 0 0 5 22a5   0) (0 0 0 5 22a7   0) : 
(0 0 0 5 23c8   0) (0 0 0 5 23ca   0) : 
(0 0 0 5 243c   0) (0 0 0 5 243e   0) : 
(0 0 0 5 247a   0) (0 0 0 5 247c   0) : 
(0 0 0 5 261d   0) (0 0 0 5 261f   0) : 
(0 0 0 5 2715   0) (0 0 0 5 2717   0) : 
(0 0 0 5 2c88   0) (0 0 0 5 2c8a   0) : 
(0 0 0 5 2c89   0) (0 0 0 5 2c8b   0) : 
(0 0 0 5 2d9b   0) (0 0 0 5 2d9d   0) : 
(0 0 0 5 2ec5   0) (0 0 0 5 2ec7   0) : 
(0 0 0 5 2f78   0) (0 0 0 5 2f7a   0) : 
(0 0 0 5 335a   0) (0 0 0 5 335c   0) : 
(0 0 0 5 339d   0) (0 0 0 5 339f   0) : 
(0 0 0 5 34db   0) (0 0 0 5 34dd   0) : 
(0 0 0 5 34dc   0) (0 0 0 5 34de   0) : 
(0 0 0 5 352c   0) (0 0 0 5 352e   0) : 
(0 0 0 5 362f   0) (0 0 0 5 3631   0) : 
(0 0 0 5 37dc   0) (0 0 0 5 37de   0) : 
(0 0 0 5 3800   0) (0 0 0 5 3802   0) : 
(0 0 0 5 3801   0) (0 0 0 5 3803   0) : 
(0 0 0 5 3863   0) (0 0 0 5 3865   0) : 
(0 0 0 5 3864   0) (0 0 0 5 3866   0) : 
(0 0 0 5 3865   0) (0 0 0 5 3867   0) : 
(0 0 0 5 3912   0) (0 0 0 5 3914   0) : 
(0 0 0 5 3a1b   0) (0 0 0 5 3a1d   0) : 
(0 0 0 5 3a5d   0) (0 0 0 5 3a5f   0) : 
(0 0 0 5 3a7b   0) (0 0 0 5 3a7d   0) : 
(0 0 0 5 3e99   0) (0 0 0 5 3e9b   0) : 
(0 0 0 6   21   0) (0 0 0 6   23   0) : 
(0 0 0 6   22   0) (0 0 0 6   24   0) : 
(0 0 0 6   80   0) (0 0 0 6   82   0) : 
(0 0 0 6   81   0) (0 0 0 6   83   0) : 
(0 0 0 6  1bc   0) (0 0 0 6  1be   0) : 
(0 0 0 6  1e6   0) (0 0 0 6  1e8   0) : 
(0 0 0 6  1e7   0) (0 0 0 6  1e9   0) : 
(0 0 0 6  200   0) (0 0 0 6  202   0) : 
(0 0 0 6  26c   0) (0 0 0 6  26e   0) : 
(0 0 0 6  2a7   0) (0 0 0 6  2a9   0) : 
(0 0 0 6  30a   0) (0 0 0 6  30c   0) : 
(0 0 0 6  30b   0) (0 0 0 6  30d   0) : 
(0 0 0 6  31a   0) (0 0 0 6  31c   0) : 
(0 0 0 6  3cb   0) (0 0 0 6  3cd   0) : 
(0 0 0 6  3cc   0) (0 0 0 6  3ce   0) : 
(0 0 0 6  3cd   0) (0 0 0 6  3cf   0) : 
(0 0 0 6  5f8   0) (0 0 0 6  5fa   0) : 
(0 0 0 6  686   0) (0 0 0 6  688   0) : 
(0 0 0 6  69e   0) (0 0 0 6  6a0   0) : 
(0 0 0 6  6b9   0) (0 0 0 6  6bb   0) : 
(0 0 0 6  6ba   0) (0 0 0 6  6bc   0) : 
(0 0 0 6  6bb   0) (0 0 0 6  6bd   0) : 
(0 0 0 6  6bc   0) (0 0 0 6  6be   0) : 
(0 0 0 6  6bd   0) (0 0 0 6  6bf   0) : 
(0 0 0 6  6ed   0) (0 0 0 6  6ef   0) : 
(0 0 0 6  6ee   0) (0 0 0 6  6f0   0) : 
(0 0 0 6  6ef   0) (0 0 0 6  6f1   0) : 
(0 0 0 6  6f6   0) (0 0 0 6  6f8   0) : 
(0 0 0 6  6f7   0) (0 0 0 6  6f9   0) : 
(0 0 0 6  700   0) (0 0 0 6  702   0) : 
(0 0 0 6  701   0) (0 0 0 6  703   0) : 
(0 0 0 6  702   0) (0 0 0 6  704   0) : 
(0 0 0 6  737   0) (0 0 0 6  739   0) : 
(0 0 0 6  738   0) (0 0 0 6  73a   0) : 
(0 0 0 6  739   0) (0 0 0 6  73b   0) : 
(0 0 0 6  73a   0) (0 0 0 6  73c   0) : 
(0 0 0 6  73b   0) (0 0 0 6  73d   0) : 
(0 0 0 6  73c   0) (0 0 0 6  73e   0) : 
(0 0 0 6  73d   0) (0 0 0 6  73f   0) : 
(0 0 0 6  755   0) (0 0 0 6  757   0) : 
(0 0 0 6  8a2   0) (0 0 0 6  8a4   0) : 
(0 0 0 6  946   0) (0 0 0 6  948   0) : 
(0 0 0 6  947   0) (0 0 0 6  949   0) : 
(0 0 0 6  981   0) (0 0 0 6  983   0) : 
(0 0 0 6  a0c   0) (0 0 0 6  a0e   0) : 
(0 0 0 6  a24   0) (0 0 0 6  a26   0) : 
(0 0 0 6  a25   0) (0 0 0 6  a27   0) : 
(0 0 0 6  a26   0) (0 0 0 6  a28   0) : 
(0 0 0 6  a3f   0) (0 0 0 6  a41   0) : 
(0 0 0 6  a40   0) (0 0 0 6  a42   0) : 
(0 0 0 6  a41   0) (0 0 0 6  a43   0) : 
(0 0 0 6  a42   0) (0 0 0 6  a44   0) : 
(0 0 0 6  a43   0) (0 0 0 6  a45   0) : 
(0 0 0 6  a44   0) (0 0 0 6  a46   0) : 
(0 0 0 6  a45   0) (0 0 0 6  a47   0) : 
(0 0 0 6  a46   0) (0 0 0 6  a48   0) : 
(0 0 0 6  a6e   0) (0 0 0 6  a70   0) : 
(0 0 0 6  ac2   0) (0 0 0 6  ac4   0) : 
(0 0 0 6  ac3   0) (0 0 0 6  ac5   0) : 
(0 0 0 6  bd0   0) (0 0 0 6  bd2   0) : 
(0 0 0 6  c11   0) (0 0 0 6  c13   0) : 
(0 0 0 6  c75   0) (0 0 0 6  c77   0) : 
(0 0 0 6  cea   0) (0 0 0 6  cec   0) : 
(0 0 0 6  ceb   0) (0 0 0 6  ced   0) : 
(0 0 0 6  d06   0) (0 0 0 6  d08   0) : 
(0 0 0 6  d07   0) (0 0 0 6  d09   0) : 
(0 0 0 6  d08   0) (0 0 0 6  d0a   0) : 
(0 0 0 6  d37   0) (0 0 0 6  d39   0) : 
(0 0 0 6  dce   0) (0 0 0 6  dd0   0) : 
(0 0 0 6  e4a   0) (0 0 0 6  e4c   0) : 
(0 0 0 6  eac   0) (0 0 0 6  eae   0) : 
(0 0 0 6  ebb   0) (0 0 0 6  ebd   0) : 
(0 0 0 6  ef5   0) (0 0 0 6  ef7   0) : 
(0 0 0 6  f26   0) (0 0 0 6  f28   0) : 
(0 0 0 6  faf   0) (0 0 0 6  fb1   0) : 
(0 0 0 6  fb0   0) (0 0 0 6  fb2   0) : 
(0 0 0 6  fd0   0) (0 0 0 6  fd2   0) : 
(0 0 0 6  fdc   0) (0 0 0 6  fde   0) : 
(0 0 0 6 10af   0) (0 0 0 6 10b1   0) : 
(0 0 0 6 10ff   0) (0 0 0 6 1101   0) : 
(0 0 0 6 1223   0) (0 0 0 6 1225   0) : 
(0 0 0 6 1234   0) (0 0 0 6 1236   0) : 
(0 0 0 6 12b8   0) (0 0 0 6 12ba   0) : 
(0 0 0 6 12c1   0) (0 0 0 6 12c3   0) : 
(0 0 0 6 12c7   0) (0 0 0 6 12c9   0) : 
(0 0 0 6 1380   0) (0 0 0 6 1382   0) : 
(0 0 0 6 1381   0) (0 0 0 6 1383   0) : 
(0 0 0 6 1382   0) (0 0 0 6 1384   0) : 
(0 0 0 6 1383   0) (0 0 0 6 1385   0) : 
(0 0 0 6 1384   0) (0 0 0 6 1386   0) : 
(0 0 0 6 1385   0) (0 0 0 6 1387   0) : 
(0 0 0 6 1386   0) (0 0 0 6 1388   0) : 
(0 0 0 6 141a   0) (0 0 0 6 141c   0) : 
(0 0 0 6 141b   0) (0 0 0 6 141d   0) : 
(0 0 0 6 141c   0) (0 0 0 6 141e   0) : 
(0 0 0 6 1465   0) (0 0 0 6 1467   0) : 
(0 0 0 6 1466   0) (0 0 0 6 1468   0) : 
(0 0 0 6 1467   0) (0 0 0 6 1469   0) : 
(0 0 0 6 1468   0) (0 0 0 6 146a   0) : 
(0 0 0 6 1469   0) (0 0 0 6 146b   0) : 
(0 0 0 6 146a   0) (0 0 0 6 146c   0) : 
(0 0 0 6 146b   0) (0 0 0 6 146d   0) : 
(0 0 0 6 146c   0) (0 0 0 6 146e   0) : 
(0 0 0 6 146d   0) (0 0 0 6 146f   0) : 
(0 0 0 6 146e   0) (0 0 0 6 1470   0) : 
(0 0 0 6 146f   0) (0 0 0 6 1471   0) : 
(0 0 0 6 1470   0) (0 0 0 6 1472   0) : 
(0 0 0 6 1471   0) (0 0 0 6 1473   0) : 
(0 0 0 6 1472   0) (0 0 0 6 1474   0) : 
(0 0 0 6 1473   0) (0 0 0 6 1475   0) : 
(0 0 0 6 1474   0) (0 0 0 6 1476   0) : 
(0 0 0 6 15cf   0) (0 0 0 6 15d1   0) : 
(0 0 0 6 1834   0) (0 0 0 6 1836   0) : 
(0 0 0 6 1835   0) (0 0 0 6 1837   0) : 
(0 0 0 6 18aa   0) (0 0 0 6 18ac   0) : 
(0 0 0 6 18af   0) (0 0 0 6 18b1   0) : 
(0 0 0 6 199c   0) (0 0 0 6 199e   0) : 
(0 0 0 6 19aa   0) (0 0 0 6 19ac   0) : 
(0 0 0 6 19ca   0) (0 0 0 6 19cc   0) : 
(0 0 0 6 1a53   0) (0 0 0 6 1a55   0) : 
(0 0 0 6 1a54   0) (0 0 0 6 1a56   0) : 
(0 0 0 6 1aaa   0) (0 0 0 6 1aac   0) : 
(0 0 0 6 1aab   0) (0 0 0 6 1aad   0) : 
(0 0 0 6 1d68   0) (0 0 0 6 1d6a   0) : 
(0 0 0 6 1d69   0) (0 0 0 6 1d6b   0) : 
(0 0 0 6 1db2   0) (0 0 0 6 1db4   0) : 
(0 0 0 6 1e32   0) (0 0 0 6 1e34   0) : 
(0 0 0 6 2105   0) (0 0 0 6 2107   0) : 
(0 0 0 6 2106   0) (0 0 0 6 2108   0) : 
(0 0 0 6 226f   0) (0 0 0 6 2271   0) : 
(0 0 0 6 22b9   0) (0 0 0 6 22bb   0) : 
(0 0 0 6 2396   0) (0 0 0 6 2398   0) : 
(0 0 0 6 2397   0) (0 0 0 6 2399   0) : 
(0 0 0 6 23c0   0) (0 0 0 6 23c2   0) : 
(0 0 0 6 23c1   0) (0 0 0 6 23c3   0) : 
(0 0 0 6 23c8   0) (0 0 0 6 23ca   0) : 
(0 0 0 6 23f4   0) (0 0 0 6 23f6   0) : 
(0 0 0 6 2412   0) (0 0 0 6 2414   0) : 
(0 0 0 6 2413   0) (0 0 0 6 2415   0) : 
(0 0 0 6 24ca   0) (0 0 0 6 24cc   0) : 
(0 0 0 6 25d8   0) (0 0 0 6 25da   0) : 
(0 0 0 6 26ca   0) (0 0 0 6 26cc   0) : 
(0 0 0 6 301f   0) (0 0 0 6 3021   0) : 
(0 0 0 6 3020   0) (0 0 0 6 3022   0) : 
(0 0 0 6 3037   0) (0 0 0 6 3039   0) : 
(0 0 0 6 30b1   0) (0 0 0 6 30b3   0) : 
(0 0 0 6 3345   0) (0 0 0 6 3347   0) : 
(0 0 0 6 33a8   0) (0 0 0 6 33aa   0) : 
(0 0 0 6 33a9   0) (0 0 0 6 33ab   0) : 
(0 0 0 6 356b   0) (0 0 0 6 356d   0) : 
(0 0 0 6 357b   0) (0 0 0 6 357d   0) : 
(0 0 0 6 35db   0) (0 0 0 6 35dd   0) : 
(0 0 0 6 35f8   0) (0 0 0 6 35fa   0) : 
(0 0 0 6 3718   0) (0 0 0 6 371a   0) : 
(0 0 0 6 382d   0) (0 0 0 6 382f   0) : 
(0 0 0 6 388d   0) (0 0 0 6 388f   0) : 
(0 0 0 6 3933   0) (0 0 0 6 3935   0) : 
(0 0 0 6 3a10   0) (0 0 0 6 3a12   0) : 
(0 0 0 6 3a65   0) (0 0 0 6 3a67   0) : 
(0 0 0 6 3a66   0) (0 0 0 6 3a68   0) : 
(0 0 0 6 3a82   0) (0 0 0 6 3a84   0) : 
(0 0 0 6 3e99   0) (0 0 0 6 3e9b   0) : 
(0 0 0 7   21   0) (0 0 0 7   23   0) : 
(0 0 0 7   80   0) (0 0 0 7   82   0) : 
(0 0 0 7   81   0) (0 0 0 7   83   0) : 
(0 0 0 7   87   0) (0 0 0 7   89   0) : 
(0 0 0 7  283   0) (0 0 0 7  285   0) : 
(0 0 0 7  2a9   0) (0 0 0 7  2ab   0) : 
(0 0 0 7  30b   0) (0 0 0 7  30d   0) : 
(0 0 0 7  371   0) (0 0 0 7  373   0) : 
(0 0 0 7  375   0) (0 0 0 7  377   0) : 
(0 0 0 7  376   0) (0 0 0 7  378   0) : 
(0 0 0 7  377   0) (0 0 0 7  379   0) : 
(0 0 0 7  3cb   0) (0 0 0 7  3cd   0) : 
(0 0 0 7  3cc   0) (0 0 0 7  3ce   0) : 
(0 0 0 7  3cd   0) (0 0 0 7  3cf   0) : 
(0 0 0 7  550   0) (0 0 0 7  552   0) : 
(0 0 0 7  5f6   0) (0 0 0 7  5f8   0) : 
(0 0 0 7  5f7   0) (0 0 0 7  5f9   0) : 
(0 0 0 7  5f8   0) (0 0 0 7  5fa   0) : 
(0 0 0 7  69e   0) (0 0 0 7  6a0   0) : 
(0 0 0 7  6b9   0) (0 0 0 7  6bb   0) : 
(0 0 0 7  6ba   0) (0 0 0 7  6bc   0) : 
(0 0 0 7  6bb   0) (0 0 0 7  6bd   0) : 
(0 0 0 7  6bc   0) (0 0 0 7  6be   0) : 
(0 0 0 7  6bd   0) (0 0 0 7  6bf   0) : 
(0 0 0 7  6ed   0) (0 0 0 7  6ef   0) : 
(0 0 0 7  6ee   0) (0 0 0 7  6f0   0) : 
(0 0 0 7  6f6   0) (0 0 0 7  6f8   0) : 
(0 0 0 7  6f7   0) (0 0 0 7  6f9   0) : 
(0 0 0 7  700   0) (0 0 0 7  702   0) : 
(0 0 0 7  701   0) (0 0 0 7  703   0) : 
(0 0 0 7  737   0) (0 0 0 7  739   0) : 
(0 0 0 7  738   0) (0 0 0 7  73a   0) : 
(0 0 0 7  739   0) (0 0 0 7  73b   0) : 
(0 0 0 7  73a   0) (0 0 0 7  73c   0) : 
(0 0 0 7  73b   0) (0 0 0 7  73d   0) : 
(0 0 0 7  73c   0) (0 0 0 7  73e   0) : 
(0 0 0 7  73d   0) (0 0 0 7  73f   0) : 
(0 0 0 7  755   0) (0 0 0 7  757   0) : 
(0 0 0 7  853   0) (0 0 0 7  855   0) : 
(0 0 0 7  854   0) (0 0 0 7  856   0) : 
(0 0 0 7  8d7   0) (0 0 0 7  8d9   0) : 
(0 0 0 7  981   0) (0 0 0 7  983   0) : 
(0 0 0 7  a3f   0) (0 0 0 7  a41   0) : 
(0 0 0 7  a40   0) (0 0 0 7  a42   0) : 
(0 0 0 7  a41   0) (0 0 0 7  a43   0) : 
(0 0 0 7  a42   0) (0 0 0 7  a44   0) : 
(0 0 0 7  a43   0) (0 0 0 7  a45   0) : 
(0 0 0 7  a44   0) (0 0 0 7  a46   0) : 
(0 0 0 7  a45   0) (0 0 0 7  a47   0) : 
(0 0 0 7  a6e   0) (0 0 0 7  a70   0) : 
(0 0 0 7  ac2   0) (0 0 0 7  ac4   0) : 
(0 0 0 7  ac3   0) (0 0 0 7  ac5   0) : 
(0 0 0 7  b02   0) (0 0 0 7  b04   0) : 
(0 0 0 7  b51   0) (0 0 0 7  b53   0) : 
(0 0 0 7  c05   0) (0 0 0 7  c07   0) : 
(0 0 0 7  c06   0) (0 0 0 7  c08   0) : 
(0 0 0 7  c66   0) (0 0 0 7  c68   0) : 
(0 0 0 7  c75   0) (0 0 0 7  c77   0) : 
(0 0 0 7  ce9   0) (0 0 0 7  ceb   0) : 
(0 0 0 7  d05   0) (0 0 0 7  d07   0) : 
(0 0 0 7  d79   0) (0 0 0 7  d7b   0) : 
(0 0 0 7  dfe   0) (0 0 0 7  e00   0) : 
(0 0 0 7  faf   0) (0 0 0 7  fb1   0) : 
(0 0 0 7  fb0   0) (0 0 0 7  fb2   0) : 
(0 0 0 7  fd0   0) (0 0 0 7  fd2   0) : 
(0 0 0 7 1046   0) (0 0 0 7 1048   0) : 
(0 0 0 7 1112   0) (0 0 0 7 1114   0) : 
(0 0 0 7 122e   0) (0 0 0 7 1230   0) : 
(0 0 0 7 1232   0) (0 0 0 7 1234   0) : 
(0 0 0 7 1233   0) (0 0 0 7 1235   0) : 
(0 0 0 7 1234   0) (0 0 0 7 1236   0) : 
(0 0 0 7 1380   0) (0 0 0 7 1382   0) : 
(0 0 0 7 1381   0) (0 0 0 7 1383   0) : 
(0 0 0 7 1382   0) (0 0 0 7 1384   0) : 
(0 0 0 7 1383   0) (0 0 0 7 1385   0) : 
(0 0 0 7 1384   0) (0 0 0 7 1386   0) : 
(0 0 0 7 1385   0) (0 0 0 7 1387   0) : 
(0 0 0 7 141a   0) (0 0 0 7 141c   0) : 
(0 0 0 7 141b   0) (0 0 0 7 141d   0) : 
(0 0 0 7 141c   0) (0 0 0 7 141e   0) : 
(0 0 0 7 1466   0) (0 0 0 7 1468   0) : 
(0 0 0 7 1467   0) (0 0 0 7 1469   0) : 
(0 0 0 7 1468   0) (0 0 0 7 146a   0) : 
(0 0 0 7 1469   0) (0 0 0 7 146b   0) : 
(0 0 0 7 146a   0) (0 0 0 7 146c   0) : 
(0 0 0 7 146b   0) (0 0 0 7 146d   0) : 
(0 0 0 7 146c   0) (0 0 0 7 146e   0) : 
(0 0 0 7 146d   0) (0 0 0 7 146f   0) : 
(0 0 0 7 146e   0) (0 0 0 7 1470   0) : 
(0 0 0 7 146f   0) (0 0 0 7 1471   0) : 
(0 0 0 7 1470   0) (0 0 0 7 1472   0) : 
(0 0 0 7 1471   0) (0 0 0 7 1473   0) : 
(0 0 0 7 1472   0) (0 0 0 7 1474   0) : 
(0 0 0 7 1473   0) (0 0 0 7 1475   0) : 
(0 0 0 7 1474   0) (0 0 0 7 1476   0) : 
(0 0 0 7 15bf   0) (0 0 0 7 15c1   0) : 
(0 0 0 7 1834   0) (0 0 0 7 1836   0) : 
(0 0 0 7 1835   0) (0 0 0 7 1837   0) : 
(0 0 0 7 1836   0) (0 0 0 7 1838   0) : 
(0 0 0 7 1837   0) (0 0 0 7 1839   0) : 
(0 0 0 7 18aa   0) (0 0 0 7 18ac   0) : 
(0 0 0 7 18b0   0) (0 0 0 7 18b2   0) : 
(0 0 0 7 18b1   0) (0 0 0 7 18b3   0) : 
(0 0 0 7 1b1b   0) (0 0 0 7 1b1d   0) : 
(0 0 0 7 1bd5   0) (0 0 0 7 1bd7   0) : 
(0 0 0 7 1d68   0) (0 0 0 7 1d6a   0) : 
(0 0 0 7 1d69   0) (0 0 0 7 1d6b   0) : 
(0 0 0 7 1df8   0) (0 0 0 7 1dfa   0) : 
(0 0 0 7 1e04   0) (0 0 0 7 1e06   0) : 
(0 0 0 7 1ff2   0) (0 0 0 7 1ff4   0) : 
(0 0 0 7 2171   0) (0 0 0 7 2173   0) : 
(0 0 0 7 21b8   0) (0 0 0 7 21ba   0) : 
(0 0 0 7 235f   0) (0 0 0 7 2361   0) : 
(0 0 0 7 2384   0) (0 0 0 7 2386   0) : 
(0 0 0 7 23c0   0) (0 0 0 7 23c2   0) : 
(0 0 0 7 23c1   0) (0 0 0 7 23c3   0) : 
(0 0 0 7 23c7   0) (0 0 0 7 23c9   0) : 
(0 0 0 7 23c8   0) (0 0 0 7 23ca   0) : 
(0 0 0 7 2411   0) (0 0 0 7 2413   0) : 
(0 0 0 7 2412   0) (0 0 0 7 2414   0) : 
(0 0 0 7 2413   0) (0 0 0 7 2415   0) : 
(0 0 0 7 25a2   0) (0 0 0 7 25a4   0) : 
(0 0 0 7 25d3   0) (0 0 0 7 25d5   0) : 
(0 0 0 7 25e2   0) (0 0 0 7 25e4   0) : 
(0 0 0 7 2774   0) (0 0 0 7 2776   0) : 
(0 0 0 7 281f   0) (0 0 0 7 2821   0) : 
(0 0 0 7 2d91   0) (0 0 0 7 2d93   0) : 
(0 0 0 7 2dff   0) (0 0 0 7 2e01   0) : 
(0 0 0 7 2e00   0) (0 0 0 7 2e02   0) : 
(0 0 0 7 2e01   0) (0 0 0 7 2e03   0) : 
(0 0 0 7 2e02   0) (0 0 0 7 2e04   0) : 
(0 0 0 7 2e03   0) (0 0 0 7 2e05   0) : 
(0 0 0 7 2ea2   0) (0 0 0 7 2ea4   0) : 
(0 0 0 7 2f4d   0) (0 0 0 7 2f4f   0) : 
(0 0 0 7 2f4e   0) (0 0 0 7 2f50   0) : 
(0 0 0 7 34d4   0) (0 0 0 7 34d6   0) : 
(0 0 0 7 34f6   0) (0 0 0 7 34f8   0) : 
(0 0 0 7 3545   0) (0 0 0 7 3547   0) : 
(0 0 0 7 3568   0) (0 0 0 7 356a   0) : 
(0 0 0 7 3569   0) (0 0 0 7 356b   0) : 
(0 0 0 7 356a   0) (0 0 0 7 356c   0) : 
(0 0 0 7 35bf   0) (0 0 0 7 35c1   0) : 
(0 0 0 7 35d3   0) (0 0 0 7 35d5   0) : 
(0 0 0 7 35d9   0) (0 0 0 7 35db   0) : 
(0 0 0 7 35da   0) (0 0 0 7 35dc   0) : 
(0 0 0 7 35db   0) (0 0 0 7 35dd   0) : 
(0 0 0 7 36e9   0) (0 0 0 7 36eb   0) : 
(0 0 0 7 36ea   0) (0 0 0 7 36ec   0) : 
(0 0 0 7 385f   0) (0 0 0 7 3861   0) : 
(0 0 0 7 3860   0) (0 0 0 7 3862   0) : 
(0 0 0 7 3861   0) (0 0 0 7 3863   0) : 
(0 0 0 7 3a67   0) (0 0 0 7 3a69   0) : 
(0 0 0 7 3ef8   0) (0 0 0 7 3efa   0) : 
