(0 0 0 0   20   0) (0 0 0 0   22   0) : 
(0 0 0 0   31   0) (0 0 0 0   33   0) : 
(0 0 0 0   36   0) (0 0 0 0   38   0) : 
(0 0 0 0   43   0) (0 0 0 0   45   0) : 
(0 0 0 0   44   0) (0 0 0 0   46   0) : 
(0 0 0 0   45   0) (0 0 0 0   47   0) : 
(0 0 0 0   46   0) (0 0 0 0   48   0) : 
(0 0 0 0   47   0) (0 0 0 0   49   0) : 
(0 0 0 0   48   0) (0 0 0 0   4a   0) : 
(0 0 0 0   49   0) (0 0 0 0   4b   0) : 
(0 0 0 0   4a   0) (0 0 0 0   4c   0) : 
(0 0 0 0   58   0) (0 0 0 0   5a   0) : 
(0 0 0 0   5c   0) (0 0 0 0   5e   0) : 
(0 0 0 0   5d   0) (0 0 0 0   5f   0) : 
(0 0 0 0   5e   0) (0 0 0 0   60   0) : 
(0 0 0 0   5f   0) (0 0 0 0   61   0) : 
(0 0 0 0   75   0) (0 0 0 0   77   0) : 
(0 0 0 0   79   0) (0 0 0 0   7b   0) : 
(0 0 0 0   7a   0) (0 0 0 0   7c   0) : 
(0 0 0 0   7b   0) (0 0 0 0   7d   0) : 
(0 0 0 0   83   0) (0 0 0 0   85   0) : 
(0 0 0 0   84   0) (0 0 0 0   86   0) : 
(0 0 0 0   85   0) (0 0 0 0   87   0) : 
(0 0 0 0   8e   0) (0 0 0 0   90   0) : 
(0 0 0 0   b0   0) (0 0 0 0   b2   0) : 
(0 0 0 0   b1   0) (0 0 0 0   b3   0) : 
(0 0 0 0   f9   0) (0 0 0 0   fb   0) : 
(0 0 0 0  12d   0) (0 0 0 0  12f   0) : 
(0 0 0 0  22f   0) (0 0 0 0  231   0) : 
(0 0 0 0  2ed   0) (0 0 0 0  2ef   0) : 
(0 0 0 0  2ee   0) (0 0 0 0  2f0   0) : 
(0 0 0 0  3ab   0) (0 0 0 0  3ad   0) : 
(0 0 0 0  3b1   0) (0 0 0 0  3b3   0) : 
(0 0 0 0  3b2   0) (0 0 0 0  3b4   0) : 
(0 0 0 0  3d6   0) (0 0 0 0  3d8   0) : 
(0 0 0 0  5ba   0) (0 0 0 0  5bc   0) : 
(0 0 0 0  6f1   0) (0 0 0 0  6f3   0) : 
(0 0 0 0  714   0) (0 0 0 0  716   0) : 
(0 0 0 0  7d8   0) (0 0 0 0  7da   0) : 
(0 0 0 0  7e0   0) (0 0 0 0  7e2   0) : 
(0 0 0 0  871   0) (0 0 0 0  873   0) : 
(0 0 0 0  87d   0) (0 0 0 0  87f   0) : 
(0 0 0 0  87e   0) (0 0 0 0  880   0) : 
(0 0 0 0  8c0   0) (0 0 0 0  8c2   0) : 
(0 0 0 0  908   0) (0 0 0 0  90a   0) : 
(0 0 0 0  9ba   0) (0 0 0 0  9bc   0) : 
(0 0 0 0  9bb   0) (0 0 0 0  9bd   0) : 
(0 0 0 0  a33   0) (0 0 0 0  a35   0) : 
(0 0 0 0  a34   0) (0 0 0 0  a36   0) : 
(0 0 0 0  a39   0) (0 0 0 0  a3b   0) : 
(0 0 0 0  a96   0) (0 0 0 0  a98   0) : 
(0 0 0 0  b0f   0) (0 0 0 0  b11   0) : 
(0 0 0 0  b14   0) (0 0 0 0  b16   0) : 
(0 0 0 0  b19   0) (0 0 0 0  b1b   0) : 
(0 0 0 0  bd5   0) (0 0 0 0  bd7   0) : 
(0 0 0 0  bf7   0) (0 0 0 0  bf9   0) : 
(0 0 0 0  c80   0) (0 0 0 0  c82   0) : 
(0 0 0 0  d05   0) (0 0 0 0  d07   0) : 
(0 0 0 0  d06   0) (0 0 0 0  d08   0) : 
(0 0 0 0  d68   0) (0 0 0 0  d6a   0) : 
(0 0 0 0  d72   0) (0 0 0 0  d74   0) : 
(0 0 0 0  d73   0) (0 0 0 0  d75   0) : 
(0 0 0 0  d8a   0) (0 0 0 0  d8c   0) : 
(0 0 0 0  d8b   0) (0 0 0 0  d8d   0) : 
(0 0 0 0  d8f   0) (0 0 0 0  d91   0) : 
(0 0 0 0  d97   0) (0 0 0 0  d99   0) : 
(0 0 0 0  df6   0) (0 0 0 0  df8   0) : 
(0 0 0 0  e0c   0) (0 0 0 0  e0e   0) : 
(0 0 0 0  e10   0) (0 0 0 0  e12   0) : 
(0 0 0 0  e1f   0) (0 0 0 0  e21   0) : 
(0 0 0 0  e51   0) (0 0 0 0  e53   0) : 
(0 0 0 0  ebb   0) (0 0 0 0  ebd   0) : 
(0 0 0 0  ebc   0) (0 0 0 0  ebe   0) : 
(0 0 0 0  ebd   0) (0 0 0 0  ebf   0) : 
(0 0 0 0  ebe   0) (0 0 0 0  ec0   0) : 
(0 0 0 0  ebf   0) (0 0 0 0  ec1   0) : 
(0 0 0 0  fbe   0) (0 0 0 0  fc0   0) : 
(0 0 0 0 1130   0) (0 0 0 0 1132   0) : 
(0 0 0 0 1131   0) (0 0 0 0 1133   0) : 
(0 0 0 0 1132   0) (0 0 0 0 1134   0) : 
(0 0 0 0 118e   0) (0 0 0 0 1190   0) : 
(0 0 0 0 12fd   0) (0 0 0 0 12ff   0) : 
(0 0 0 0 13eb   0) (0 0 0 0 13ed   0) : 
(0 0 0 0 1465   0) (0 0 0 0 1467   0) : 
(0 0 0 0 1656   0) (0 0 0 0 1658   0) : 
(0 0 0 0 1657   0) (0 0 0 0 1659   0) : 
(0 0 0 0 1658   0) (0 0 0 0 165a   0) : 
(0 0 0 0 16c9   0) (0 0 0 0 16cb   0) : 
(0 0 0 0 1768   0) (0 0 0 0 176a   0) : 
(0 0 0 0 17ed   0) (0 0 0 0 17ef   0) : 
(0 0 0 0 1848   0) (0 0 0 0 184a   0) : 
(0 0 0 0 1995   0) (0 0 0 0 1997   0) : 
(0 0 0 0 199f   0) (0 0 0 0 19a1   0) : 
(0 0 0 0 19a0   0) (0 0 0 0 19a2   0) : 
(0 0 0 0 19ad   0) (0 0 0 0 19af   0) : 
(0 0 0 0 19ae   0) (0 0 0 0 19b0   0) : 
(0 0 0 0 1a2e   0) (0 0 0 0 1a30   0) : 
(0 0 0 0 1a5b   0) (0 0 0 0 1a5d   0) : 
(0 0 0 0 1a82   0) (0 0 0 0 1a84   0) : 
(0 0 0 0 1a99   0) (0 0 0 0 1a9b   0) : 
(0 0 0 0 1adc   0) (0 0 0 0 1ade   0) : 
(0 0 0 0 1add   0) (0 0 0 0 1adf   0) : 
(0 0 0 0 1c83   0) (0 0 0 0 1c85   0) : 
(0 0 0 0 1c84   0) (0 0 0 0 1c86   0) : 
(0 0 0 0 1c85   0) (0 0 0 0 1c87   0) : 
(0 0 0 0 1c86   0) (0 0 0 0 1c88   0) : 
(0 0 0 0 1ded   0) (0 0 0 0 1def   0) : 
(0 0 0 0 1e71   0) (0 0 0 0 1e73   0) : 
(0 0 0 0 1e82   0) (0 0 0 0 1e84   0) : 
(0 0 0 0 1ecb   0) (0 0 0 0 1ecd   0) : 
(0 0 0 0 1f4c   0) (0 0 0 0 1f4e   0) : 
(0 0 0 0 1f4d   0) (0 0 0 0 1f4f   0) : 
(0 0 0 0 1fe5   0) (0 0 0 0 1fe7   0) : 
(0 0 0 0 1fef   0) (0 0 0 0 1ff1   0) : 
(0 0 0 0 1ff0   0) (0 0 0 0 1ff2   0) : 
(0 0 0 0 2049   0) (0 0 0 0 204b   0) : 
(0 0 0 0 204a   0) (0 0 0 0 204c   0) : 
(0 0 0 0 20f7   0) (0 0 0 0 20f9   0) : 
(0 0 0 0 2150   0) (0 0 0 0 2152   0) : 
(0 0 0 0 2151   0) (0 0 0 0 2153   0) : 
(0 0 0 0 2152   0) (0 0 0 0 2154   0) : 
(0 0 0 0 224d   0) (0 0 0 0 224f   0) : 
(0 0 0 0 225f   0) (0 0 0 0 2261   0) : 
(0 0 0 0 22b2   0) (0 0 0 0 22b4   0) : 
(0 0 0 0 2362   0) (0 0 0 0 2364   0) : 
(0 0 0 0 2363   0) (0 0 0 0 2365   0) : 
(0 0 0 0 23c3   0) (0 0 0 0 23c5   0) : 
(0 0 0 0 23c4   0) (0 0 0 0 23c6   0) : 
(0 0 0 0 243f   0) (0 0 0 0 2441   0) : 
(0 0 0 0 244f   0) (0 0 0 0 2451   0) : 
(0 0 0 0 2499   0) (0 0 0 0 249b   0) : 
(0 0 0 0 249a   0) (0 0 0 0 249c   0) : 
(0 0 0 0 24fa   0) (0 0 0 0 24fc   0) : 
(0 0 0 0 253f   0) (0 0 0 0 2541   0) : 
(0 0 0 0 25dd   0) (0 0 0 0 25df   0) : 
(0 0 0 0 2618   0) (0 0 0 0 261a   0) : 
(0 0 0 0 2619   0) (0 0 0 0 261b   0) : 
(0 0 0 0 2631   0) (0 0 0 0 2633   0) : 
(0 0 0 0 2693   0) (0 0 0 0 2695   0) : 
(0 0 0 0 26b1   0) (0 0 0 0 26b3   0) : 
(0 0 0 0 26d5   0) (0 0 0 0 26d7   0) : 
(0 0 0 0 26d6   0) (0 0 0 0 26d8   0) : 
(0 0 0 0 2732   0) (0 0 0 0 2734   0) : 
(0 0 0 0 274e   0) (0 0 0 0 2750   0) : 
(0 0 0 0 274f   0) (0 0 0 0 2751   0) : 
(0 0 0 0 27a5   0) (0 0 0 0 27a7   0) : 
(0 0 0 0 27c2   0) (0 0 0 0 27c4   0) : 
(0 0 0 0 2830   0) (0 0 0 0 2832   0) : 
(0 0 0 0 28e4   0) (0 0 0 0 28e6   0) : 
(0 0 0 0 2c43   0) (0 0 0 0 2c45   0) : 
(0 0 0 0 2c9b   0) (0 0 0 0 2c9d   0) : 
(0 0 0 0 2c9c   0) (0 0 0 0 2c9e   0) : 
(0 0 0 0 2cbd   0) (0 0 0 0 2cbf   0) : 
(0 0 0 0 2d85   0) (0 0 0 0 2d87   0) : 
(0 0 0 0 2ea4   0) (0 0 0 0 2ea6   0) : 
(0 0 0 0 2ff9   0) (0 0 0 0 2ffb   0) : 
(0 0 0 0 3375   0) (0 0 0 0 3377   0) : 
(0 0 0 0 3541   0) (0 0 0 0 3543   0) : 
(0 0 0 0 3577   0) (0 0 0 0 3579   0) : 
(0 0 0 0 3583   0) (0 0 0 0 3585   0) : 
(0 0 0 0 35cb   0) (0 0 0 0 35cd   0) : 
(0 0 0 0 35cc   0) (0 0 0 0 35ce   0) : 
(0 0 0 0 35ee   0) (0 0 0 0 35f0   0) : 
(0 0 0 0 378b   0) (0 0 0 0 378d   0) : 
(0 0 0 0 37e9   0) (0 0 0 0 37eb   0) : 
(0 0 0 0 37ea   0) (0 0 0 0 37ec   0) : 
(0 0 0 0 3977   0) (0 0 0 0 3979   0) : 
(0 0 0 0 3978   0) (0 0 0 0 397a   0) : 
(0 0 0 0 39c2   0) (0 0 0 0 39c4   0) : 
(0 0 0 0 39f3   0) (0 0 0 0 39f5   0) : 
(0 0 0 0 39f4   0) (0 0 0 0 39f6   0) : 
(0 0 0 0 39f5   0) (0 0 0 0 39f7   0) : 
(0 0 0 0 3a32   0) (0 0 0 0 3a34   0) : 
(0 0 0 0 3aa4   0) (0 0 0 0 3aa6   0) : 
(0 0 0 0 3abe   0) (0 0 0 0 3ac0   0) : 
(0 0 0 0 3acd   0) (0 0 0 0 3acf   0) : 
(0 0 0 0 3adb   0) (0 0 0 0 3add   0) : 
(0 0 0 1   3c   0) (0 0 0 1   3e   0) : 
(0 0 0 1   45   0) (0 0 0 1   47   0) : 
(0 0 0 1   46   0) (0 0 0 1   48   0) : 
(0 0 0 1   77   0) (0 0 0 1   79   0) : 
(0 0 0 1   7b   0) (0 0 0 1   7d   0) : 
(0 0 0 1   81   0) (0 0 0 1   83   0) : 
(0 0 0 1   82   0) (0 0 0 1   84   0) : 
(0 0 0 1   92   0) (0 0 0 1   94   0) : 
(0 0 0 1   96   0) (0 0 0 1   98   0) : 
(0 0 0 1   97   0) (0 0 0 1   99   0) : 
(0 0 0 1   ad   0) (0 0 0 1   af   0) : 
(0 0 0 1   ae   0) (0 0 0 1   b0   0) : 
(0 0 0 1   af   0) (0 0 0 1   b1   0) : 
(0 0 0 1   e3   0) (0 0 0 1   e5   0) : 
(0 0 0 1   e4   0) (0 0 0 1   e6   0) : 
(0 0 0 1   e5   0) (0 0 0 1   e7   0) : 
(0 0 0 1   e6   0) (0 0 0 1   e8   0) : 
(0 0 0 1   e7   0) (0 0 0 1   e9   0) : 
(0 0 0 1   eb   0) (0 0 0 1   ed   0) : 
(0 0 0 1   ec   0) (0 0 0 1   ee   0) : 
(0 0 0 1   ed   0) (0 0 0 1   ef   0) : 
(0 0 0 1   ee   0) (0 0 0 1   f0   0) : 
(0 0 0 1   f2   0) (0 0 0 1   f4   0) : 
(0 0 0 1   f3   0) (0 0 0 1   f5   0) : 
(0 0 0 1  182   0) (0 0 0 1  184   0) : 
(0 0 0 1  264   0) (0 0 0 1  266   0) : 
(0 0 0 1  2ad   0) (0 0 0 1  2af   0) : 
(0 0 0 1  2c2   0) (0 0 0 1  2c4   0) : 
(0 0 0 1  2d2   0) (0 0 0 1  2d4   0) : 
(0 0 0 1  2d3   0) (0 0 0 1  2d5   0) : 
(0 0 0 1  3c3   0) (0 0 0 1  3c5   0) : 
(0 0 0 1  43a   0) (0 0 0 1  43c   0) : 
(0 0 0 1  64a   0) (0 0 0 1  64c   0) : 
(0 0 0 1  731   0) (0 0 0 1  733   0) : 
(0 0 0 1  740   0) (0 0 0 1  742   0) : 
(0 0 0 1  7d8   0) (0 0 0 1  7da   0) : 
(0 0 0 1  82f   0) (0 0 0 1  831   0) : 
(0 0 0 1  88c   0) (0 0 0 1  88e   0) : 
(0 0 0 1  8e0   0) (0 0 0 1  8e2   0) : 
(0 0 0 1  919   0) (0 0 0 1  91b   0) : 
(0 0 0 1  a2d   0) (0 0 0 1  a2f   0) : 
(0 0 0 1  a33   0) (0 0 0 1  a35   0) : 
(0 0 0 1  a34   0) (0 0 0 1  a36   0) : 
(0 0 0 1  a8e   0) (0 0 0 1  a90   0) : 
(0 0 0 1  a8f   0) (0 0 0 1  a91   0) : 
(0 0 0 1  ade   0) (0 0 0 1  ae0   0) : 
(0 0 0 1  b69   0) (0 0 0 1  b6b   0) : 
(0 0 0 1  bb9   0) (0 0 0 1  bbb   0) : 
(0 0 0 1  c11   0) (0 0 0 1  c13   0) : 
(0 0 0 1  c26   0) (0 0 0 1  c28   0) : 
(0 0 0 1  c60   0) (0 0 0 1  c62   0) : 
(0 0 0 1  ca8   0) (0 0 0 1  caa   0) : 
(0 0 0 1  d60   0) (0 0 0 1  d62   0) : 
(0 0 0 1  d61   0) (0 0 0 1  d63   0) : 
(0 0 0 1  d86   0) (0 0 0 1  d88   0) : 
(0 0 0 1  e0b   0) (0 0 0 1  e0d   0) : 
(0 0 0 1  e0f   0) (0 0 0 1  e11   0) : 
(0 0 0 1  e10   0) (0 0 0 1  e12   0) : 
(0 0 0 1  e39   0) (0 0 0 1  e3b   0) : 
(0 0 0 1  ff4   0) (0 0 0 1  ff6   0) : 
(0 0 0 1 102d   0) (0 0 0 1 102f   0) : 
(0 0 0 1 103c   0) (0 0 0 1 103e   0) : 
(0 0 0 1 1040   0) (0 0 0 1 1042   0) : 
(0 0 0 1 10b8   0) (0 0 0 1 10ba   0) : 
(0 0 0 1 1104   0) (0 0 0 1 1106   0) : 
(0 0 0 1 1174   0) (0 0 0 1 1176   0) : 
(0 0 0 1 1175   0) (0 0 0 1 1177   0) : 
(0 0 0 1 1176   0) (0 0 0 1 1178   0) : 
(0 0 0 1 11db   0) (0 0 0 1 11dd   0) : 
(0 0 0 1 11dc   0) (0 0 0 1 11de   0) : 
(0 0 0 1 13e6   0) (0 0 0 1 13e8   0) : 
(0 0 0 1 1476   0) (0 0 0 1 1478   0) : 
(0 0 0 1 14ab   0) (0 0 0 1 14ad   0) : 
(0 0 0 1 1533   0) (0 0 0 1 1535   0) : 
(0 0 0 1 15ab   0) (0 0 0 1 15ad   0) : 
(0 0 0 1 1659   0) (0 0 0 1 165b   0) : 
(0 0 0 1 1661   0) (0 0 0 1 1663   0) : 
(0 0 0 1 16aa   0) (0 0 0 1 16ac   0) : 
(0 0 0 1 16b2   0) (0 0 0 1 16b4   0) : 
(0 0 0 1 16f5   0) (0 0 0 1 16f7   0) : 
(0 0 0 1 17d6   0) (0 0 0 1 17d8   0) : 
(0 0 0 1 17d7   0) (0 0 0 1 17d9   0) : 
(0 0 0 1 1805   0) (0 0 0 1 1807   0) : 
(0 0 0 1 1819   0) (0 0 0 1 181b   0) : 
(0 0 0 1 182f   0) (0 0 0 1 1831   0) : 
(0 0 0 1 1866   0) (0 0 0 1 1868   0) : 
(0 0 0 1 197d   0) (0 0 0 1 197f   0) : 
(0 0 0 1 197e   0) (0 0 0 1 1980   0) : 
(0 0 0 1 197f   0) (0 0 0 1 1981   0) : 
(0 0 0 1 19d2   0) (0 0 0 1 19d4   0) : 
(0 0 0 1 19d3   0) (0 0 0 1 19d5   0) : 
(0 0 0 1 19ef   0) (0 0 0 1 19f1   0) : 
(0 0 0 1 1a25   0) (0 0 0 1 1a27   0) : 
(0 0 0 1 1a26   0) (0 0 0 1 1a28   0) : 
(0 0 0 1 1a9d   0) (0 0 0 1 1a9f   0) : 
(0 0 0 1 1a9e   0) (0 0 0 1 1aa0   0) : 
(0 0 0 1 1af3   0) (0 0 0 1 1af5   0) : 
(0 0 0 1 1af4   0) (0 0 0 1 1af6   0) : 
(0 0 0 1 1bfd   0) (0 0 0 1 1bff   0) : 
(0 0 0 1 1c06   0) (0 0 0 1 1c08   0) : 
(0 0 0 1 1c17   0) (0 0 0 1 1c19   0) : 
(0 0 0 1 1ca2   0) (0 0 0 1 1ca4   0) : 
(0 0 0 1 1cc0   0) (0 0 0 1 1cc2   0) : 
(0 0 0 1 1cc1   0) (0 0 0 1 1cc3   0) : 
(0 0 0 1 1cc7   0) (0 0 0 1 1cc9   0) : 
(0 0 0 1 1ce0   0) (0 0 0 1 1ce2   0) : 
(0 0 0 1 1d15   0) (0 0 0 1 1d17   0) : 
(0 0 0 1 1dd1   0) (0 0 0 1 1dd3   0) : 
(0 0 0 1 1dd2   0) (0 0 0 1 1dd4   0) : 
(0 0 0 1 1dd3   0) (0 0 0 1 1dd5   0) : 
(0 0 0 1 1dd4   0) (0 0 0 1 1dd6   0) : 
(0 0 0 1 1df3   0) (0 0 0 1 1df5   0) : 
(0 0 0 1 1e0a   0) (0 0 0 1 1e0c   0) : 
(0 0 0 1 1ec6   0) (0 0 0 1 1ec8   0) : 
(0 0 0 1 2029   0) (0 0 0 1 202b   0) : 
(0 0 0 1 20f7   0) (0 0 0 1 20f9   0) : 
(0 0 0 1 20f8   0) (0 0 0 1 20fa   0) : 
(0 0 0 1 20f9   0) (0 0 0 1 20fb   0) : 
(0 0 0 1 2104   0) (0 0 0 1 2106   0) : 
(0 0 0 1 223c   0) (0 0 0 1 223e   0) : 
(0 0 0 1 225e   0) (0 0 0 1 2260   0) : 
(0 0 0 1 228e   0) (0 0 0 1 2290   0) : 
(0 0 0 1 228f   0) (0 0 0 1 2291   0) : 
(0 0 0 1 229e   0) (0 0 0 1 22a0   0) : 
(0 0 0 1 22a3   0) (0 0 0 1 22a5   0) : 
(0 0 0 1 22b9   0) (0 0 0 1 22bb   0) : 
(0 0 0 1 2374   0) (0 0 0 1 2376   0) : 
(0 0 0 1 245e   0) (0 0 0 1 2460   0) : 
(0 0 0 1 2488   0) (0 0 0 1 248a   0) : 
(0 0 0 1 24eb   0) (0 0 0 1 24ed   0) : 
(0 0 0 1 255e   0) (0 0 0 1 2560   0) : 
(0 0 0 1 25fd   0) (0 0 0 1 25ff   0) : 
(0 0 0 1 269e   0) (0 0 0 1 26a0   0) : 
(0 0 0 1 2714   0) (0 0 0 1 2716   0) : 
(0 0 0 1 2715   0) (0 0 0 1 2717   0) : 
(0 0 0 1 27de   0) (0 0 0 1 27e0   0) : 
(0 0 0 1 2876   0) (0 0 0 1 2878   0) : 
(0 0 0 1 2877   0) (0 0 0 1 2879   0) : 
(0 0 0 1 2878   0) (0 0 0 1 287a   0) : 
(0 0 0 1 2891   0) (0 0 0 1 2893   0) : 
(0 0 0 1 28b4   0) (0 0 0 1 28b6   0) : 
(0 0 0 1 2c49   0) (0 0 0 1 2c4b   0) : 
(0 0 0 1 2c9c   0) (0 0 0 1 2c9e   0) : 
(0 0 0 1 2eb2   0) (0 0 0 1 2eb4   0) : 
(0 0 0 1 2f51   0) (0 0 0 1 2f53   0) : 
(0 0 0 1 2f52   0) (0 0 0 1 2f54   0) : 
(0 0 0 1 3019   0) (0 0 0 1 301b   0) : 
(0 0 0 1 301a   0) (0 0 0 1 301c   0) : 
(0 0 0 1 335e   0) (0 0 0 1 3360   0) : 
(0 0 0 1 335f   0) (0 0 0 1 3361   0) : 
(0 0 0 1 3375   0) (0 0 0 1 3377   0) : 
(0 0 0 1 3376   0) (0 0 0 1 3378   0) : 
(0 0 0 1 3377   0) (0 0 0 1 3379   0) : 
(0 0 0 1 3378   0) (0 0 0 1 337a   0) : 
(0 0 0 1 33ae   0) (0 0 0 1 33b0   0) : 
(0 0 0 1 342a   0) (0 0 0 1 342c   0) : 
(0 0 0 1 34e3   0) (0 0 0 1 34e5   0) : 
(0 0 0 1 3597   0) (0 0 0 1 3599   0) : 
(0 0 0 1 35ec   0) (0 0 0 1 35ee   0) : 
(0 0 0 1 35ed   0) (0 0 0 1 35ef   0) : 
(0 0 0 1 35ee   0) (0 0 0 1 35f0   0) : 
(0 0 0 1 3629   0) (0 0 0 1 362b   0) : 
(0 0 0 1 3632   0) (0 0 0 1 3634   0) : 
(0 0 0 1 3633   0) (0 0 0 1 3635   0) : 
(0 0 0 1 37df   0) (0 0 0 1 37e1   0) : 
(0 0 0 1 37e7   0) (0 0 0 1 37e9   0) : 
(0 0 0 1 3815   0) (0 0 0 1 3817   0) : 
(0 0 0 1 3816   0) (0 0 0 1 3818   0) : 
(0 0 0 1 3817   0) (0 0 0 1 3819   0) : 
(0 0 0 1 3818   0) (0 0 0 1 381a   0) : 
(0 0 0 1 385b   0) (0 0 0 1 385d   0) : 
(0 0 0 1 38e0   0) (0 0 0 1 38e2   0) : 
(0 0 0 1 3973   0) (0 0 0 1 3975   0) : 
(0 0 0 1 39b4   0) (0 0 0 1 39b6   0) : 
(0 0 0 1 39b5   0) (0 0 0 1 39b7   0) : 
(0 0 0 1 39b6   0) (0 0 0 1 39b8   0) : 
(0 0 0 1 39f4   0) (0 0 0 1 39f6   0) : 
(0 0 0 1 3a16   0) (0 0 0 1 3a18   0) : 
(0 0 0 1 3aa4   0) (0 0 0 1 3aa6   0) : 
(0 0 0 1 3aa5   0) (0 0 0 1 3aa7   0) : 
(0 0 0 1 3aa6   0) (0 0 0 1 3aa8   0) : 
(0 0 0 1 3acd   0) (0 0 0 1 3acf   0) : 
(0 0 0 1 3af8   0) (0 0 0 1 3afa   0) : 
(0 0 0 1 3e8f   0) (0 0 0 1 3e91   0) : 
(0 0 0 1 3eb8   0) (0 0 0 1 3eba   0) : 
(0 0 0 1 3eef   0) (0 0 0 1 3ef1   0) : 
(0 0 0 2   30   0) (0 0 0 2   32   0) : 
(0 0 0 2   34   0) (0 0 0 2   36   0) : 
(0 0 0 2   35   0) (0 0 0 2   37   0) : 
(0 0 0 2   3c   0) (0 0 0 2   3e   0) : 
(0 0 0 2   3d   0) (0 0 0 2   3f   0) : 
(0 0 0 2   3e   0) (0 0 0 2   40   0) : 
(0 0 0 2   3f   0) (0 0 0 2   41   0) : 
(0 0 0 2   59   0) (0 0 0 2   5b   0) : 
(0 0 0 2   5d   0) (0 0 0 2   5f   0) : 
(0 0 0 2   5e   0) (0 0 0 2   60   0) : 
(0 0 0 2   6e   0) (0 0 0 2   70   0) : 
(0 0 0 2   6f   0) (0 0 0 2   71   0) : 
(0 0 0 2   73   0) (0 0 0 2   75   0) : 
(0 0 0 2   7a   0) (0 0 0 2   7c   0) : 
(0 0 0 2   7b   0) (0 0 0 2   7d   0) : 
(0 0 0 2   7c   0) (0 0 0 2   7e   0) : 
(0 0 0 2   7d   0) (0 0 0 2   7f   0) : 
(0 0 0 2   81   0) (0 0 0 2   83   0) : 
(0 0 0 2   86   0) (0 0 0 2   88   0) : 
(0 0 0 2   87   0) (0 0 0 2   89   0) : 
(0 0 0 2   94   0) (0 0 0 2   96   0) : 
(0 0 0 2   a6   0) (0 0 0 2   a8   0) : 
(0 0 0 2   ee   0) (0 0 0 2   f0   0) : 
(0 0 0 2   f7   0) (0 0 0 2   f9   0) : 
(0 0 0 2  139   0) (0 0 0 2  13b   0) : 
(0 0 0 2  189   0) (0 0 0 2  18b   0) : 
(0 0 0 2  1d8   0) (0 0 0 2  1da   0) : 
(0 0 0 2  1f2   0) (0 0 0 2  1f4   0) : 
(0 0 0 2  261   0) (0 0 0 2  263   0) : 
(0 0 0 2  262   0) (0 0 0 2  264   0) : 
(0 0 0 2  33f   0) (0 0 0 2  341   0) : 
(0 0 0 2  340   0) (0 0 0 2  342   0) : 
(0 0 0 2  35b   0) (0 0 0 2  35d   0) : 
(0 0 0 2  35c   0) (0 0 0 2  35e   0) : 
(0 0 0 2  3e0   0) (0 0 0 2  3e2   0) : 
(0 0 0 2  3e5   0) (0 0 0 2  3e7   0) : 
(0 0 0 2  3e6   0) (0 0 0 2  3e8   0) : 
(0 0 0 2  438   0) (0 0 0 2  43a   0) : 
(0 0 0 2  439   0) (0 0 0 2  43b   0) : 
(0 0 0 2  43a   0) (0 0 0 2  43c   0) : 
(0 0 0 2  55d   0) (0 0 0 2  55f   0) : 
(0 0 0 2  5eb   0) (0 0 0 2  5ed   0) : 
(0 0 0 2  64a   0) (0 0 0 2  64c   0) : 
(0 0 0 2  650   0) (0 0 0 2  652   0) : 
(0 0 0 2  682   0) (0 0 0 2  684   0) : 
(0 0 0 2  683   0) (0 0 0 2  685   0) : 
(0 0 0 2  722   0) (0 0 0 2  724   0) : 
(0 0 0 2  790   0) (0 0 0 2  792   0) : 
(0 0 0 2  7aa   0) (0 0 0 2  7ac   0) : 
(0 0 0 2  873   0) (0 0 0 2  875   0) : 
(0 0 0 2  874   0) (0 0 0 2  876   0) : 
(0 0 0 2  8b4   0) (0 0 0 2  8b6   0) : 
(0 0 0 2  8b5   0) (0 0 0 2  8b7   0) : 
(0 0 0 2  8c1   0) (0 0 0 2  8c3   0) : 
(0 0 0 2  908   0) (0 0 0 2  90a   0) : 
(0 0 0 2  920   0) (0 0 0 2  922   0) : 
(0 0 0 2  921   0) (0 0 0 2  923   0) : 
(0 0 0 2  932   0) (0 0 0 2  934   0) : 
(0 0 0 2  953   0) (0 0 0 2  955   0) : 
(0 0 0 2  9e7   0) (0 0 0 2  9e9   0) : 
(0 0 0 2  9f6   0) (0 0 0 2  9f8   0) : 
(0 0 0 2  a7c   0) (0 0 0 2  a7e   0) : 
(0 0 0 2  a7d   0) (0 0 0 2  a7f   0) : 
(0 0 0 2  a91   0) (0 0 0 2  a93   0) : 
(0 0 0 2  a92   0) (0 0 0 2  a94   0) : 
(0 0 0 2  a97   0) (0 0 0 2  a99   0) : 
(0 0 0 2  aa2   0) (0 0 0 2  aa4   0) : 
(0 0 0 2  ad5   0) (0 0 0 2  ad7   0) : 
(0 0 0 2  ad6   0) (0 0 0 2  ad8   0) : 
(0 0 0 2  ad7   0) (0 0 0 2  ad9   0) : 
(0 0 0 2  b89   0) (0 0 0 2  b8b   0) : 
(0 0 0 2  b8a   0) (0 0 0 2  b8c   0) : 
(0 0 0 2  b8b   0) (0 0 0 2  b8d   0) : 
(0 0 0 2  bb4   0) (0 0 0 2  bb6   0) : 
(0 0 0 2  be4   0) (0 0 0 2  be6   0) : 
(0 0 0 2  c36   0) (0 0 0 2  c38   0) : 
(0 0 0 2  c42   0) (0 0 0 2  c44   0) : 
(0 0 0 2  cce   0) (0 0 0 2  cd0   0) : 
(0 0 0 2  d08   0) (0 0 0 2  d0a   0) : 
(0 0 0 2  d09   0) (0 0 0 2  d0b   0) : 
(0 0 0 2  dde   0) (0 0 0 2  de0   0) : 
(0 0 0 2  e0c   0) (0 0 0 2  e0e   0) : 
(0 0 0 2  e97   0) (0 0 0 2  e99   0) : 
(0 0 0 2  fa6   0) (0 0 0 2  fa8   0) : 
(0 0 0 2  fd7   0) (0 0 0 2  fd9   0) : 
(0 0 0 2  fe2   0) (0 0 0 2  fe4   0) : 
(0 0 0 2  fe7   0) (0 0 0 2  fe9   0) : 
(0 0 0 2 1154   0) (0 0 0 2 1156   0) : 
(0 0 0 2 1168   0) (0 0 0 2 116a   0) : 
(0 0 0 2 1175   0) (0 0 0 2 1177   0) : 
(0 0 0 2 1176   0) (0 0 0 2 1178   0) : 
(0 0 0 2 11cf   0) (0 0 0 2 11d1   0) : 
(0 0 0 2 11d0   0) (0 0 0 2 11d2   0) : 
(0 0 0 2 11e5   0) (0 0 0 2 11e7   0) : 
(0 0 0 2 11e6   0) (0 0 0 2 11e8   0) : 
(0 0 0 2 12eb   0) (0 0 0 2 12ed   0) : 
(0 0 0 2 1443   0) (0 0 0 2 1445   0) : 
(0 0 0 2 1476   0) (0 0 0 2 1478   0) : 
(0 0 0 2 1597   0) (0 0 0 2 1599   0) : 
(0 0 0 2 15d6   0) (0 0 0 2 15d8   0) : 
(0 0 0 2 15da   0) (0 0 0 2 15dc   0) : 
(0 0 0 2 162b   0) (0 0 0 2 162d   0) : 
(0 0 0 2 1728   0) (0 0 0 2 172a   0) : 
(0 0 0 2 177c   0) (0 0 0 2 177e   0) : 
(0 0 0 2 186d   0) (0 0 0 2 186f   0) : 
(0 0 0 2 186e   0) (0 0 0 2 1870   0) : 
(0 0 0 2 18ac   0) (0 0 0 2 18ae   0) : 
(0 0 0 2 18ad   0) (0 0 0 2 18af   0) : 
(0 0 0 2 18bd   0) (0 0 0 2 18bf   0) : 
(0 0 0 2 18be   0) (0 0 0 2 18c0   0) : 
(0 0 0 2 1923   0) (0 0 0 2 1925   0) : 
(0 0 0 2 1985   0) (0 0 0 2 1987   0) : 
(0 0 0 2 19db   0) (0 0 0 2 19dd   0) : 
(0 0 0 2 1a24   0) (0 0 0 2 1a26   0) : 
(0 0 0 2 1a5e   0) (0 0 0 2 1a60   0) : 
(0 0 0 2 1a7d   0) (0 0 0 2 1a7f   0) : 
(0 0 0 2 1bdd   0) (0 0 0 2 1bdf   0) : 
(0 0 0 2 1bfd   0) (0 0 0 2 1bff   0) : 
(0 0 0 2 1c22   0) (0 0 0 2 1c24   0) : 
(0 0 0 2 1c6f   0) (0 0 0 2 1c71   0) : 
(0 0 0 2 1ccb   0) (0 0 0 2 1ccd   0) : 
(0 0 0 2 1cda   0) (0 0 0 2 1cdc   0) : 
(0 0 0 2 1ce2   0) (0 0 0 2 1ce4   0) : 
(0 0 0 2 1ce3   0) (0 0 0 2 1ce5   0) : 
(0 0 0 2 1ce9   0) (0 0 0 2 1ceb   0) : 
(0 0 0 2 1cea   0) (0 0 0 2 1cec   0) : 
(0 0 0 2 1d32   0) (0 0 0 2 1d34   0) : 
(0 0 0 2 1df8   0) (0 0 0 2 1dfa   0) : 
(0 0 0 2 1e87   0) (0 0 0 2 1e89   0) : 
(0 0 0 2 210e   0) (0 0 0 2 2110   0) : 
(0 0 0 2 21fc   0) (0 0 0 2 21fe   0) : 
(0 0 0 2 2204   0) (0 0 0 2 2206   0) : 
(0 0 0 2 2242   0) (0 0 0 2 2244   0) : 
(0 0 0 2 224c   0) (0 0 0 2 224e   0) : 
(0 0 0 2 224d   0) (0 0 0 2 224f   0) : 
(0 0 0 2 224e   0) (0 0 0 2 2250   0) : 
(0 0 0 2 229d   0) (0 0 0 2 229f   0) : 
(0 0 0 2 229e   0) (0 0 0 2 22a0   0) : 
(0 0 0 2 229f   0) (0 0 0 2 22a1   0) : 
(0 0 0 2 2329   0) (0 0 0 2 232b   0) : 
(0 0 0 2 235f   0) (0 0 0 2 2361   0) : 
(0 0 0 2 2360   0) (0 0 0 2 2362   0) : 
(0 0 0 2 2361   0) (0 0 0 2 2363   0) : 
(0 0 0 2 2383   0) (0 0 0 2 2385   0) : 
(0 0 0 2 243c   0) (0 0 0 2 243e   0) : 
(0 0 0 2 243d   0) (0 0 0 2 243f   0) : 
(0 0 0 2 24c4   0) (0 0 0 2 24c6   0) : 
(0 0 0 2 24d1   0) (0 0 0 2 24d3   0) : 
(0 0 0 2 24d2   0) (0 0 0 2 24d4   0) : 
(0 0 0 2 24fb   0) (0 0 0 2 24fd   0) : 
(0 0 0 2 2522   0) (0 0 0 2 2524   0) : 
(0 0 0 2 25ba   0) (0 0 0 2 25bc   0) : 
(0 0 0 2 2810   0) (0 0 0 2 2812   0) : 
(0 0 0 2 2877   0) (0 0 0 2 2879   0) : 
(0 0 0 2 2884   0) (0 0 0 2 2886   0) : 
(0 0 0 2 2dcd   0) (0 0 0 2 2dcf   0) : 
(0 0 0 2 2e86   0) (0 0 0 2 2e88   0) : 
(0 0 0 2 2eda   0) (0 0 0 2 2edc   0) : 
(0 0 0 2 2edf   0) (0 0 0 2 2ee1   0) : 
(0 0 0 2 2f30   0) (0 0 0 2 2f32   0) : 
(0 0 0 2 2f79   0) (0 0 0 2 2f7b   0) : 
(0 0 0 2 2f7a   0) (0 0 0 2 2f7c   0) : 
(0 0 0 2 2fd3   0) (0 0 0 2 2fd5   0) : 
(0 0 0 2 2fde   0) (0 0 0 2 2fe0   0) : 
(0 0 0 2 3096   0) (0 0 0 2 3098   0) : 
(0 0 0 2 3097   0) (0 0 0 2 3099   0) : 
(0 0 0 2 30e7   0) (0 0 0 2 30e9   0) : 
(0 0 0 2 30eb   0) (0 0 0 2 30ed   0) : 
(0 0 0 2 30ec   0) (0 0 0 2 30ee   0) : 
(0 0 0 2 3389   0) (0 0 0 2 338b   0) : 
(0 0 0 2 33ba   0) (0 0 0 2 33bc   0) : 
(0 0 0 2 33bb   0) (0 0 0 2 33bd   0) : 
(0 0 0 2 33bc   0) (0 0 0 2 33be   0) : 
(0 0 0 2 3536   0) (0 0 0 2 3538   0) : 
(0 0 0 2 354d   0) (0 0 0 2 354f   0) : 
(0 0 0 2 357d   0) (0 0 0 2 357f   0) : 
(0 0 0 2 357e   0) (0 0 0 2 3580   0) : 
(0 0 0 2 35ee   0) (0 0 0 2 35f0   0) : 
(0 0 0 2 35ef   0) (0 0 0 2 35f1   0) : 
(0 0 0 2 35f0   0) (0 0 0 2 35f2   0) : 
(0 0 0 2 3626   0) (0 0 0 2 3628   0) : 
(0 0 0 2 373c   0) (0 0 0 2 373e   0) : 
(0 0 0 2 37e8   0) (0 0 0 2 37ea   0) : 
(0 0 0 2 37e9   0) (0 0 0 2 37eb   0) : 
(0 0 0 2 37ea   0) (0 0 0 2 37ec   0) : 
(0 0 0 2 37eb   0) (0 0 0 2 37ed   0) : 
(0 0 0 2 38e2   0) (0 0 0 2 38e4   0) : 
(0 0 0 2 38f8   0) (0 0 0 2 38fa   0) : 
(0 0 0 2 38f9   0) (0 0 0 2 38fb   0) : 
(0 0 0 2 38fa   0) (0 0 0 2 38fc   0) : 
(0 0 0 2 38fb   0) (0 0 0 2 38fd   0) : 
(0 0 0 2 3900   0) (0 0 0 2 3902   0) : 
(0 0 0 2 3942   0) (0 0 0 2 3944   0) : 
(0 0 0 2 3954   0) (0 0 0 2 3956   0) : 
(0 0 0 2 3955   0) (0 0 0 2 3957   0) : 
(0 0 0 2 397b   0) (0 0 0 2 397d   0) : 
(0 0 0 2 3995   0) (0 0 0 2 3997   0) : 
(0 0 0 2 39b1   0) (0 0 0 2 39b3   0) : 
(0 0 0 2 39b2   0) (0 0 0 2 39b4   0) : 
(0 0 0 2 39f1   0) (0 0 0 2 39f3   0) : 
(0 0 0 2 3a12   0) (0 0 0 2 3a14   0) : 
(0 0 0 2 3a23   0) (0 0 0 2 3a25   0) : 
(0 0 0 2 3a9e   0) (0 0 0 2 3aa0   0) : 
(0 0 0 2 3aa4   0) (0 0 0 2 3aa6   0) : 
(0 0 0 2 3aa8   0) (0 0 0 2 3aaa   0) : 
(0 0 0 2 3aa9   0) (0 0 0 2 3aab   0) : 
(0 0 0 2 3aba   0) (0 0 0 2 3abc   0) : 
(0 0 0 2 3abb   0) (0 0 0 2 3abd   0) : 
(0 0 0 2 3abc   0) (0 0 0 2 3abe   0) : 
(0 0 0 2 3abd   0) (0 0 0 2 3abf   0) : 
(0 0 0 2 3ad2   0) (0 0 0 2 3ad4   0) : 
(0 0 0 2 3ad3   0) (0 0 0 2 3ad5   0) : 
(0 0 0 2 3e90   0) (0 0 0 2 3e92   0) : 
(0 0 0 2 3e91   0) (0 0 0 2 3e93   0) : 
(0 0 0 2 3ef9   0) (0 0 0 2 3efb   0) : 
(0 0 0 3   26   0) (0 0 0 3   28   0) : 
(0 0 0 3   33   0) (0 0 0 3   35   0) : 
(0 0 0 3   3c   0) (0 0 0 3   3e   0) : 
(0 0 0 3   3d   0) (0 0 0 3   3f   0) : 
(0 0 0 3   43   0) (0 0 0 3   45   0) : 
(0 0 0 3   44   0) (0 0 0 3   46   0) : 
(0 0 0 3   45   0) (0 0 0 3   47   0) : 
(0 0 0 3   46   0) (0 0 0 3   48   0) : 
(0 0 0 3   4a   0) (0 0 0 3   4c   0) : 
(0 0 0 3   4b   0) (0 0 0 3   4d   0) : 
(0 0 0 3   5c   0) (0 0 0 3   5e   0) : 
(0 0 0 3   5d   0) (0 0 0 3   5f   0) : 
(0 0 0 3   70   0) (0 0 0 3   72   0) : 
(0 0 0 3   71   0) (0 0 0 3   73   0) : 
(0 0 0 3   79   0) (0 0 0 3   7b   0) : 
(0 0 0 3   7a   0) (0 0 0 3   7c   0) : 
(0 0 0 3   7b   0) (0 0 0 3   7d   0) : 
(0 0 0 3   9a   0) (0 0 0 3   9c   0) : 
(0 0 0 3   9b   0) (0 0 0 3   9d   0) : 
(0 0 0 3   a1   0) (0 0 0 3   a3   0) : 
(0 0 0 3   a2   0) (0 0 0 3   a4   0) : 
(0 0 0 3   ab   0) (0 0 0 3   ad   0) : 
(0 0 0 3   ac   0) (0 0 0 3   ae   0) : 
(0 0 0 3   ad   0) (0 0 0 3   af   0) : 
(0 0 0 3   e3   0) (0 0 0 3   e5   0) : 
(0 0 0 3   e4   0) (0 0 0 3   e6   0) : 
(0 0 0 3   e5   0) (0 0 0 3   e7   0) : 
(0 0 0 3   e6   0) (0 0 0 3   e8   0) : 
(0 0 0 3   ea   0) (0 0 0 3   ec   0) : 
(0 0 0 3   eb   0) (0 0 0 3   ed   0) : 
(0 0 0 3   f1   0) (0 0 0 3   f3   0) : 
(0 0 0 3   f2   0) (0 0 0 3   f4   0) : 
(0 0 0 3   fc   0) (0 0 0 3   fe   0) : 
(0 0 0 3  12c   0) (0 0 0 3  12e   0) : 
(0 0 0 3  187   0) (0 0 0 3  189   0) : 
(0 0 0 3  188   0) (0 0 0 3  18a   0) : 
(0 0 0 3  189   0) (0 0 0 3  18b   0) : 
(0 0 0 3  249   0) (0 0 0 3  24b   0) : 
(0 0 0 3  298   0) (0 0 0 3  29a   0) : 
(0 0 0 3  299   0) (0 0 0 3  29b   0) : 
(0 0 0 3  2ad   0) (0 0 0 3  2af   0) : 
(0 0 0 3  3e5   0) (0 0 0 3  3e7   0) : 
(0 0 0 3  3e6   0) (0 0 0 3  3e8   0) : 
(0 0 0 3  3e7   0) (0 0 0 3  3e9   0) : 
(0 0 0 3  3e8   0) (0 0 0 3  3ea   0) : 
(0 0 0 3  44e   0) (0 0 0 3  450   0) : 
(0 0 0 3  646   0) (0 0 0 3  648   0) : 
(0 0 0 3  647   0) (0 0 0 3  649   0) : 
(0 0 0 3  648   0) (0 0 0 3  64a   0) : 
(0 0 0 3  662   0) (0 0 0 3  664   0) : 
(0 0 0 3  6ea   0) (0 0 0 3  6ec   0) : 
(0 0 0 3  6eb   0) (0 0 0 3  6ed   0) : 
(0 0 0 3  722   0) (0 0 0 3  724   0) : 
(0 0 0 3  723   0) (0 0 0 3  725   0) : 
(0 0 0 3  724   0) (0 0 0 3  726   0) : 
(0 0 0 3  725   0) (0 0 0 3  727   0) : 
(0 0 0 3  778   0) (0 0 0 3  77a   0) : 
(0 0 0 3  77c   0) (0 0 0 3  77e   0) : 
(0 0 0 3  854   0) (0 0 0 3  856   0) : 
(0 0 0 3  898   0) (0 0 0 3  89a   0) : 
(0 0 0 3  899   0) (0 0 0 3  89b   0) : 
(0 0 0 3  8d2   0) (0 0 0 3  8d4   0) : 
(0 0 0 3  953   0) (0 0 0 3  955   0) : 
(0 0 0 3  98e   0) (0 0 0 3  990   0) : 
(0 0 0 3  9a7   0) (0 0 0 3  9a9   0) : 
(0 0 0 3  a57   0) (0 0 0 3  a59   0) : 
(0 0 0 3  a58   0) (0 0 0 3  a5a   0) : 
(0 0 0 3  a7c   0) (0 0 0 3  a7e   0) : 
(0 0 0 3  a7d   0) (0 0 0 3  a7f   0) : 
(0 0 0 3  aa3   0) (0 0 0 3  aa5   0) : 
(0 0 0 3  b05   0) (0 0 0 3  b07   0) : 
(0 0 0 3  b26   0) (0 0 0 3  b28   0) : 
(0 0 0 3  bae   0) (0 0 0 3  bb0   0) : 
(0 0 0 3  c1a   0) (0 0 0 3  c1c   0) : 
(0 0 0 3  d04   0) (0 0 0 3  d06   0) : 
(0 0 0 3  d0b   0) (0 0 0 3  d0d   0) : 
(0 0 0 3  e1c   0) (0 0 0 3  e1e   0) : 
(0 0 0 3  e76   0) (0 0 0 3  e78   0) : 
(0 0 0 3  e77   0) (0 0 0 3  e79   0) : 
(0 0 0 3  f6b   0) (0 0 0 3  f6d   0) : 
(0 0 0 3  fa3   0) (0 0 0 3  fa5   0) : 
(0 0 0 3  fd8   0) (0 0 0 3  fda   0) : 
(0 0 0 3  fdd   0) (0 0 0 3  fdf   0) : 
(0 0 0 3 1126   0) (0 0 0 3 1128   0) : 
(0 0 0 3 1127   0) (0 0 0 3 1129   0) : 
(0 0 0 3 112c   0) (0 0 0 3 112e   0) : 
(0 0 0 3 1175   0) (0 0 0 3 1177   0) : 
(0 0 0 3 1176   0) (0 0 0 3 1178   0) : 
(0 0 0 3 1191   0) (0 0 0 3 1193   0) : 
(0 0 0 3 1192   0) (0 0 0 3 1194   0) : 
(0 0 0 3 126c   0) (0 0 0 3 126e   0) : 
(0 0 0 3 1373   0) (0 0 0 3 1375   0) : 
(0 0 0 3 13ec   0) (0 0 0 3 13ee   0) : 
(0 0 0 3 1406   0) (0 0 0 3 1408   0) : 
(0 0 0 3 1407   0) (0 0 0 3 1409   0) : 
(0 0 0 3 1408   0) (0 0 0 3 140a   0) : 
(0 0 0 3 142d   0) (0 0 0 3 142f   0) : 
(0 0 0 3 156f   0) (0 0 0 3 1571   0) : 
(0 0 0 3 1587   0) (0 0 0 3 1589   0) : 
(0 0 0 3 1588   0) (0 0 0 3 158a   0) : 
(0 0 0 3 15ed   0) (0 0 0 3 15ef   0) : 
(0 0 0 3 177a   0) (0 0 0 3 177c   0) : 
(0 0 0 3 1843   0) (0 0 0 3 1845   0) : 
(0 0 0 3 18c0   0) (0 0 0 3 18c2   0) : 
(0 0 0 3 18c1   0) (0 0 0 3 18c3   0) : 
(0 0 0 3 1917   0) (0 0 0 3 1919   0) : 
(0 0 0 3 19db   0) (0 0 0 3 19dd   0) : 
(0 0 0 3 19f0   0) (0 0 0 3 19f2   0) : 
(0 0 0 3 1a07   0) (0 0 0 3 1a09   0) : 
(0 0 0 3 1a6f   0) (0 0 0 3 1a71   0) : 
(0 0 0 3 1b67   0) (0 0 0 3 1b69   0) : 
(0 0 0 3 1b68   0) (0 0 0 3 1b6a   0) : 
(0 0 0 3 1be2   0) (0 0 0 3 1be4   0) : 
(0 0 0 3 1bfd   0) (0 0 0 3 1bff   0) : 
(0 0 0 3 1c10   0) (0 0 0 3 1c12   0) : 
(0 0 0 3 1c30   0) (0 0 0 3 1c32   0) : 
(0 0 0 3 1c74   0) (0 0 0 3 1c76   0) : 
(0 0 0 3 1d34   0) (0 0 0 3 1d36   0) : 
(0 0 0 3 1d87   0) (0 0 0 3 1d89   0) : 
(0 0 0 3 1d92   0) (0 0 0 3 1d94   0) : 
(0 0 0 3 1da5   0) (0 0 0 3 1da7   0) : 
(0 0 0 3 1de1   0) (0 0 0 3 1de3   0) : 
(0 0 0 3 1e30   0) (0 0 0 3 1e32   0) : 
(0 0 0 3 1e49   0) (0 0 0 3 1e4b   0) : 
(0 0 0 3 1e4a   0) (0 0 0 3 1e4c   0) : 
(0 0 0 3 1e98   0) (0 0 0 3 1e9a   0) : 
(0 0 0 3 207b   0) (0 0 0 3 207d   0) : 
(0 0 0 3 207c   0) (0 0 0 3 207e   0) : 
(0 0 0 3 209a   0) (0 0 0 3 209c   0) : 
(0 0 0 3 20fe   0) (0 0 0 3 2100   0) : 
(0 0 0 3 213c   0) (0 0 0 3 213e   0) : 
(0 0 0 3 21dd   0) (0 0 0 3 21df   0) : 
(0 0 0 3 2272   0) (0 0 0 3 2274   0) : 
(0 0 0 3 2273   0) (0 0 0 3 2275   0) : 
(0 0 0 3 22b4   0) (0 0 0 3 22b6   0) : 
(0 0 0 3 22b5   0) (0 0 0 3 22b7   0) : 
(0 0 0 3 2325   0) (0 0 0 3 2327   0) : 
(0 0 0 3 2383   0) (0 0 0 3 2385   0) : 
(0 0 0 3 23f2   0) (0 0 0 3 23f4   0) : 
(0 0 0 3 243d   0) (0 0 0 3 243f   0) : 
(0 0 0 3 2450   0) (0 0 0 3 2452   0) : 
(0 0 0 3 24d2   0) (0 0 0 3 24d4   0) : 
(0 0 0 3 24fa   0) (0 0 0 3 24fc   0) : 
(0 0 0 3 25c3   0) (0 0 0 3 25c5   0) : 
(0 0 0 3 2680   0) (0 0 0 3 2682   0) : 
(0 0 0 3 26d8   0) (0 0 0 3 26da   0) : 
(0 0 0 3 26fd   0) (0 0 0 3 26ff   0) : 
(0 0 0 3 2703   0) (0 0 0 3 2705   0) : 
(0 0 0 3 27a3   0) (0 0 0 3 27a5   0) : 
(0 0 0 3 2c44   0) (0 0 0 3 2c46   0) : 
(0 0 0 3 2dba   0) (0 0 0 3 2dbc   0) : 
(0 0 0 3 2e00   0) (0 0 0 3 2e02   0) : 
(0 0 0 3 2e9c   0) (0 0 0 3 2e9e   0) : 
(0 0 0 3 2f85   0) (0 0 0 3 2f87   0) : 
(0 0 0 3 2f8f   0) (0 0 0 3 2f91   0) : 
(0 0 0 3 303d   0) (0 0 0 3 303f   0) : 
(0 0 0 3 3060   0) (0 0 0 3 3062   0) : 
(0 0 0 3 30bd   0) (0 0 0 3 30bf   0) : 
(0 0 0 3 30eb   0) (0 0 0 3 30ed   0) : 
(0 0 0 3 336e   0) (0 0 0 3 3370   0) : 
(0 0 0 3 336f   0) (0 0 0 3 3371   0) : 
(0 0 0 3 33ae   0) (0 0 0 3 33b0   0) : 
(0 0 0 3 33b5   0) (0 0 0 3 33b7   0) : 
(0 0 0 3 34ca   0) (0 0 0 3 34cc   0) : 
(0 0 0 3 3504   0) (0 0 0 3 3506   0) : 
(0 0 0 3 3544   0) (0 0 0 3 3546   0) : 
(0 0 0 3 357e   0) (0 0 0 3 3580   0) : 
(0 0 0 3 3592   0) (0 0 0 3 3594   0) : 
(0 0 0 3 35bb   0) (0 0 0 3 35bd   0) : 
(0 0 0 3 35d0   0) (0 0 0 3 35d2   0) : 
(0 0 0 3 35d1   0) (0 0 0 3 35d3   0) : 
(0 0 0 3 35ee   0) (0 0 0 3 35f0   0) : 
(0 0 0 3 35ef   0) (0 0 0 3 35f1   0) : 
(0 0 0 3 35f0   0) (0 0 0 3 35f2   0) : 
(0 0 0 3 3633   0) (0 0 0 3 3635   0) : 
(0 0 0 3 3705   0) (0 0 0 3 3707   0) : 
(0 0 0 3 3719   0) (0 0 0 3 371b   0) : 
(0 0 0 3 371a   0) (0 0 0 3 371c   0) : 
(0 0 0 3 371b   0) (0 0 0 3 371d   0) : 
(0 0 0 3 371c   0) (0 0 0 3 371e   0) : 
(0 0 0 3 3722   0) (0 0 0 3 3724   0) : 
(0 0 0 3 3786   0) (0 0 0 3 3788   0) : 
(0 0 0 3 37b2   0) (0 0 0 3 37b4   0) : 
(0 0 0 3 37ec   0) (0 0 0 3 37ee   0) : 
(0 0 0 3 3852   0) (0 0 0 3 3854   0) : 
(0 0 0 3 3872   0) (0 0 0 3 3874   0) : 
(0 0 0 3 3873   0) (0 0 0 3 3875   0) : 
(0 0 0 3 3885   0) (0 0 0 3 3887   0) : 
(0 0 0 3 3886   0) (0 0 0 3 3888   0) : 
(0 0 0 3 3887   0) (0 0 0 3 3889   0) : 
(0 0 0 3 3888   0) (0 0 0 3 388a   0) : 
(0 0 0 3 38fa   0) (0 0 0 3 38fc   0) : 
(0 0 0 3 38fb   0) (0 0 0 3 38fd   0) : 
(0 0 0 3 38ff   0) (0 0 0 3 3901   0) : 
(0 0 0 3 3900   0) (0 0 0 3 3902   0) : 
(0 0 0 3 3908   0) (0 0 0 3 390a   0) : 
(0 0 0 3 3921   0) (0 0 0 3 3923   0) : 
(0 0 0 3 3925   0) (0 0 0 3 3927   0) : 
(0 0 0 3 3926   0) (0 0 0 3 3928   0) : 
(0 0 0 3 3953   0) (0 0 0 3 3955   0) : 
(0 0 0 3 3967   0) (0 0 0 3 3969   0) : 
(0 0 0 3 39b1   0) (0 0 0 3 39b3   0) : 
(0 0 0 3 3a80   0) (0 0 0 3 3a82   0) : 
(0 0 0 3 3a81   0) (0 0 0 3 3a83   0) : 
(0 0 0 3 3aa8   0) (0 0 0 3 3aaa   0) : 
(0 0 0 3 3aa9   0) (0 0 0 3 3aab   0) : 
(0 0 0 3 3e8e   0) (0 0 0 3 3e90   0) : 
(0 0 0 3 3e8f   0) (0 0 0 3 3e91   0) : 
(0 0 0 4   20   0) (0 0 0 4   22   0) : 
(0 0 0 4   21   0) (0 0 0 4   23   0) : 
(0 0 0 4   22   0) (0 0 0 4   24   0) : 
(0 0 0 4   23   0) (0 0 0 4   25   0) : 
(0 0 0 4   24   0) (0 0 0 4   26   0) : 
(0 0 0 4   25   0) (0 0 0 4   27   0) : 
(0 0 0 4   33   0) (0 0 0 4   35   0) : 
(0 0 0 4   42   0) (0 0 0 4   44   0) : 
(0 0 0 4   43   0) (0 0 0 4   45   0) : 
(0 0 0 4   44   0) (0 0 0 4   46   0) : 
(0 0 0 4   45   0) (0 0 0 4   47   0) : 
(0 0 0 4   46   0) (0 0 0 4   48   0) : 
(0 0 0 4   47   0) (0 0 0 4   49   0) : 
(0 0 0 4   5d   0) (0 0 0 4   5f   0) : 
(0 0 0 4   65   0) (0 0 0 4   67   0) : 
(0 0 0 4   6a   0) (0 0 0 4   6c   0) : 
(0 0 0 4   6b   0) (0 0 0 4   6d   0) : 
(0 0 0 4   6c   0) (0 0 0 4   6e   0) : 
(0 0 0 4   73   0) (0 0 0 4   75   0) : 
(0 0 0 4   79   0) (0 0 0 4   7b   0) : 
(0 0 0 4   7e   0) (0 0 0 4   80   0) : 
(0 0 0 4   82   0) (0 0 0 4   84   0) : 
(0 0 0 4   83   0) (0 0 0 4   85   0) : 
(0 0 0 4   92   0) (0 0 0 4   94   0) : 
(0 0 0 4   93   0) (0 0 0 4   95   0) : 
(0 0 0 4   94   0) (0 0 0 4   96   0) : 
(0 0 0 4   98   0) (0 0 0 4   9a   0) : 
(0 0 0 4   99   0) (0 0 0 4   9b   0) : 
(0 0 0 4   ae   0) (0 0 0 4   b0   0) : 
(0 0 0 4   af   0) (0 0 0 4   b1   0) : 
(0 0 0 4   e1   0) (0 0 0 4   e3   0) : 
(0 0 0 4   e6   0) (0 0 0 4   e8   0) : 
(0 0 0 4   e7   0) (0 0 0 4   e9   0) : 
(0 0 0 4   e8   0) (0 0 0 4   ea   0) : 
(0 0 0 4   fb   0) (0 0 0 4   fd   0) : 
(0 0 0 4  236   0) (0 0 0 4  238   0) : 
(0 0 0 4  237   0) (0 0 0 4  239   0) : 
(0 0 0 4  238   0) (0 0 0 4  23a   0) : 
(0 0 0 4  239   0) (0 0 0 4  23b   0) : 
(0 0 0 4  28c   0) (0 0 0 4  28e   0) : 
(0 0 0 4  28d   0) (0 0 0 4  28f   0) : 
(0 0 0 4  2b8   0) (0 0 0 4  2ba   0) : 
(0 0 0 4  2b9   0) (0 0 0 4  2bb   0) : 
(0 0 0 4  33d   0) (0 0 0 4  33f   0) : 
(0 0 0 4  344   0) (0 0 0 4  346   0) : 
(0 0 0 4  345   0) (0 0 0 4  347   0) : 
(0 0 0 4  34d   0) (0 0 0 4  34f   0) : 
(0 0 0 4  360   0) (0 0 0 4  362   0) : 
(0 0 0 4  361   0) (0 0 0 4  363   0) : 
(0 0 0 4  362   0) (0 0 0 4  364   0) : 
(0 0 0 4  3e5   0) (0 0 0 4  3e7   0) : 
(0 0 0 4  3ed   0) (0 0 0 4  3ef   0) : 
(0 0 0 4  5eb   0) (0 0 0 4  5ed   0) : 
(0 0 0 4  609   0) (0 0 0 4  60b   0) : 
(0 0 0 4  648   0) (0 0 0 4  64a   0) : 
(0 0 0 4  649   0) (0 0 0 4  64b   0) : 
(0 0 0 4  6e3   0) (0 0 0 4  6e5   0) : 
(0 0 0 4  6f3   0) (0 0 0 4  6f5   0) : 
(0 0 0 4  6f4   0) (0 0 0 4  6f6   0) : 
(0 0 0 4  6f5   0) (0 0 0 4  6f7   0) : 
(0 0 0 4  74c   0) (0 0 0 4  74e   0) : 
(0 0 0 4  783   0) (0 0 0 4  785   0) : 
(0 0 0 4  7b5   0) (0 0 0 4  7b7   0) : 
(0 0 0 4  815   0) (0 0 0 4  817   0) : 
(0 0 0 4  898   0) (0 0 0 4  89a   0) : 
(0 0 0 4  9ac   0) (0 0 0 4  9ae   0) : 
(0 0 0 4  9ad   0) (0 0 0 4  9af   0) : 
(0 0 0 4  9bc   0) (0 0 0 4  9be   0) : 
(0 0 0 4  9c0   0) (0 0 0 4  9c2   0) : 
(0 0 0 4  9c1   0) (0 0 0 4  9c3   0) : 
(0 0 0 4  a7e   0) (0 0 0 4  a80   0) : 
(0 0 0 4  ab0   0) (0 0 0 4  ab2   0) : 
(0 0 0 4  afe   0) (0 0 0 4  b00   0) : 
(0 0 0 4  b11   0) (0 0 0 4  b13   0) : 
(0 0 0 4  b8e   0) (0 0 0 4  b90   0) : 
(0 0 0 4  b8f   0) (0 0 0 4  b91   0) : 
(0 0 0 4  b90   0) (0 0 0 4  b92   0) : 
(0 0 0 4  bb0   0) (0 0 0 4  bb2   0) : 
(0 0 0 4  cbc   0) (0 0 0 4  cbe   0) : 
(0 0 0 4  ccc   0) (0 0 0 4  cce   0) : 
(0 0 0 4  ccd   0) (0 0 0 4  ccf   0) : 
(0 0 0 4  cf8   0) (0 0 0 4  cfa   0) : 
(0 0 0 4  d01   0) (0 0 0 4  d03   0) : 
(0 0 0 4  d06   0) (0 0 0 4  d08   0) : 
(0 0 0 4  d33   0) (0 0 0 4  d35   0) : 
(0 0 0 4  d34   0) (0 0 0 4  d36   0) : 
(0 0 0 4  dc5   0) (0 0 0 4  dc7   0) : 
(0 0 0 4  dc6   0) (0 0 0 4  dc8   0) : 
(0 0 0 4  f11   0) (0 0 0 4  f13   0) : 
(0 0 0 4  f75   0) (0 0 0 4  f77   0) : 
(0 0 0 4 104b   0) (0 0 0 4 104d   0) : 
(0 0 0 4 1105   0) (0 0 0 4 1107   0) : 
(0 0 0 4 1231   0) (0 0 0 4 1233   0) : 
(0 0 0 4 1465   0) (0 0 0 4 1467   0) : 
(0 0 0 4 158f   0) (0 0 0 4 1591   0) : 
(0 0 0 4 1590   0) (0 0 0 4 1592   0) : 
(0 0 0 4 1679   0) (0 0 0 4 167b   0) : 
(0 0 0 4 16ca   0) (0 0 0 4 16cc   0) : 
(0 0 0 4 170a   0) (0 0 0 4 170c   0) : 
(0 0 0 4 173b   0) (0 0 0 4 173d   0) : 
(0 0 0 4 178e   0) (0 0 0 4 1790   0) : 
(0 0 0 4 19c4   0) (0 0 0 4 19c6   0) : 
(0 0 0 4 19ea   0) (0 0 0 4 19ec   0) : 
(0 0 0 4 1a23   0) (0 0 0 4 1a25   0) : 
(0 0 0 4 1a58   0) (0 0 0 4 1a5a   0) : 
(0 0 0 4 1a59   0) (0 0 0 4 1a5b   0) : 
(0 0 0 4 1ae7   0) (0 0 0 4 1ae9   0) : 
(0 0 0 4 1ae8   0) (0 0 0 4 1aea   0) : 
(0 0 0 4 1ae9   0) (0 0 0 4 1aeb   0) : 
(0 0 0 4 1b33   0) (0 0 0 4 1b35   0) : 
(0 0 0 4 1bc7   0) (0 0 0 4 1bc9   0) : 
(0 0 0 4 1c1b   0) (0 0 0 4 1c1d   0) : 
(0 0 0 4 1cce   0) (0 0 0 4 1cd0   0) : 
(0 0 0 4 1cd5   0) (0 0 0 4 1cd7   0) : 
(0 0 0 4 1efa   0) (0 0 0 4 1efc   0) : 
(0 0 0 4 1efb   0) (0 0 0 4 1efd   0) : 
(0 0 0 4 1f28   0) (0 0 0 4 1f2a   0) : 
(0 0 0 4 1f40   0) (0 0 0 4 1f42   0) : 
(0 0 0 4 215f   0) (0 0 0 4 2161   0) : 
(0 0 0 4 2193   0) (0 0 0 4 2195   0) : 
(0 0 0 4 22b5   0) (0 0 0 4 22b7   0) : 
(0 0 0 4 22b6   0) (0 0 0 4 22b8   0) : 
(0 0 0 4 2350   0) (0 0 0 4 2352   0) : 
(0 0 0 4 2394   0) (0 0 0 4 2396   0) : 
(0 0 0 4 23da   0) (0 0 0 4 23dc   0) : 
(0 0 0 4 2457   0) (0 0 0 4 2459   0) : 
(0 0 0 4 245f   0) (0 0 0 4 2461   0) : 
(0 0 0 4 2460   0) (0 0 0 4 2462   0) : 
(0 0 0 4 2461   0) (0 0 0 4 2463   0) : 
(0 0 0 4 2462   0) (0 0 0 4 2464   0) : 
(0 0 0 4 24a0   0) (0 0 0 4 24a2   0) : 
(0 0 0 4 25d2   0) (0 0 0 4 25d4   0) : 
(0 0 0 4 2630   0) (0 0 0 4 2632   0) : 
(0 0 0 4 26bb   0) (0 0 0 4 26bd   0) : 
(0 0 0 4 273e   0) (0 0 0 4 2740   0) : 
(0 0 0 4 273f   0) (0 0 0 4 2741   0) : 
(0 0 0 4 2c4f   0) (0 0 0 4 2c51   0) : 
(0 0 0 4 2c50   0) (0 0 0 4 2c52   0) : 
(0 0 0 4 2c62   0) (0 0 0 4 2c64   0) : 
(0 0 0 4 2c63   0) (0 0 0 4 2c65   0) : 
(0 0 0 4 2c88   0) (0 0 0 4 2c8a   0) : 
(0 0 0 4 2e6a   0) (0 0 0 4 2e6c   0) : 
(0 0 0 4 2ea8   0) (0 0 0 4 2eaa   0) : 
(0 0 0 4 3382   0) (0 0 0 4 3384   0) : 
(0 0 0 4 3383   0) (0 0 0 4 3385   0) : 
(0 0 0 4 338f   0) (0 0 0 4 3391   0) : 
(0 0 0 4 33a9   0) (0 0 0 4 33ab   0) : 
(0 0 0 4 33aa   0) (0 0 0 4 33ac   0) : 
(0 0 0 4 34ff   0) (0 0 0 4 3501   0) : 
(0 0 0 4 352d   0) (0 0 0 4 352f   0) : 
(0 0 0 4 35d0   0) (0 0 0 4 35d2   0) : 
(0 0 0 4 35d1   0) (0 0 0 4 35d3   0) : 
(0 0 0 4 3629   0) (0 0 0 4 362b   0) : 
(0 0 0 4 362a   0) (0 0 0 4 362c   0) : 
(0 0 0 4 362b   0) (0 0 0 4 362d   0) : 
(0 0 0 4 36e8   0) (0 0 0 4 36ea   0) : 
(0 0 0 4 37c6   0) (0 0 0 4 37c8   0) : 
(0 0 0 4 380f   0) (0 0 0 4 3811   0) : 
(0 0 0 4 385f   0) (0 0 0 4 3861   0) : 
(0 0 0 4 38ce   0) (0 0 0 4 38d0   0) : 
(0 0 0 4 38f4   0) (0 0 0 4 38f6   0) : 
(0 0 0 4 3966   0) (0 0 0 4 3968   0) : 
(0 0 0 4 39b4   0) (0 0 0 4 39b6   0) : 
(0 0 0 4 39b9   0) (0 0 0 4 39bb   0) : 
(0 0 0 4 3a24   0) (0 0 0 4 3a26   0) : 
(0 0 0 4 3a31   0) (0 0 0 4 3a33   0) : 
(0 0 0 4 3a61   0) (0 0 0 4 3a63   0) : 
(0 0 0 4 3abd   0) (0 0 0 4 3abf   0) : 
(0 0 0 4 3ac6   0) (0 0 0 4 3ac8   0) : 
(0 0 0 4 3af3   0) (0 0 0 4 3af5   0) : 
(0 0 0 4 3eac   0) (0 0 0 4 3eae   0) : 
(0 0 0 5   24   0) (0 0 0 5   26   0) : 
(0 0 0 5   25   0) (0 0 0 5   27   0) : 
(0 0 0 5   4a   0) (0 0 0 5   4c   0) : 
(0 0 0 5   4b   0) (0 0 0 5   4d   0) : 
(0 0 0 5   4c   0) (0 0 0 5   4e   0) : 
(0 0 0 5   4d   0) (0 0 0 5   4f   0) : 
(0 0 0 5   5e   0) (0 0 0 5   60   0) : 
(0 0 0 5   5f   0) (0 0 0 5   61   0) : 
(0 0 0 5   63   0) (0 0 0 5   65   0) : 
(0 0 0 5   70   0) (0 0 0 5   72   0) : 
(0 0 0 5   8f   0) (0 0 0 5   91   0) : 
(0 0 0 5   90   0) (0 0 0 5   92   0) : 
(0 0 0 5   91   0) (0 0 0 5   93   0) : 
(0 0 0 5   92   0) (0 0 0 5   94   0) : 
(0 0 0 5   93   0) (0 0 0 5   95   0) : 
(0 0 0 5   94   0) (0 0 0 5   96   0) : 
(0 0 0 5   95   0) (0 0 0 5   97   0) : 
(0 0 0 5   99   0) (0 0 0 5   9b   0) : 
(0 0 0 5   9f   0) (0 0 0 5   a1   0) : 
(0 0 0 5   a8   0) (0 0 0 5   aa   0) : 
(0 0 0 5   e0   0) (0 0 0 5   e2   0) : 
(0 0 0 5   e8   0) (0 0 0 5   ea   0) : 
(0 0 0 5   fc   0) (0 0 0 5   fe   0) : 
(0 0 0 5   fd   0) (0 0 0 5   ff   0) : 
(0 0 0 5  112   0) (0 0 0 5  114   0) : 
(0 0 0 5  113   0) (0 0 0 5  115   0) : 
(0 0 0 5  118   0) (0 0 0 5  11a   0) : 
(0 0 0 5  119   0) (0 0 0 5  11b   0) : 
(0 0 0 5  11a   0) (0 0 0 5  11c   0) : 
(0 0 0 5  1bc   0) (0 0 0 5  1be   0) : 
(0 0 0 5  20a   0) (0 0 0 5  20c   0) : 
(0 0 0 5  238   0) (0 0 0 5  23a   0) : 
(0 0 0 5  23f   0) (0 0 0 5  241   0) : 
(0 0 0 5  25c   0) (0 0 0 5  25e   0) : 
(0 0 0 5  321   0) (0 0 0 5  323   0) : 
(0 0 0 5  362   0) (0 0 0 5  364   0) : 
(0 0 0 5  37d   0) (0 0 0 5  37f   0) : 
(0 0 0 5  3d0   0) (0 0 0 5  3d2   0) : 
(0 0 0 5  3f9   0) (0 0 0 5  3fb   0) : 
(0 0 0 5  42f   0) (0 0 0 5  431   0) : 
(0 0 0 5  44c   0) (0 0 0 5  44e   0) : 
(0 0 0 5  44d   0) (0 0 0 5  44f   0) : 
(0 0 0 5  44e   0) (0 0 0 5  450   0) : 
(0 0 0 5  44f   0) (0 0 0 5  451   0) : 
(0 0 0 5  55b   0) (0 0 0 5  55d   0) : 
(0 0 0 5  608   0) (0 0 0 5  60a   0) : 
(0 0 0 5  609   0) (0 0 0 5  60b   0) : 
(0 0 0 5  641   0) (0 0 0 5  643   0) : 
(0 0 0 5  6dd   0) (0 0 0 5  6df   0) : 
(0 0 0 5  862   0) (0 0 0 5  864   0) : 
(0 0 0 5  8f2   0) (0 0 0 5  8f4   0) : 
(0 0 0 5  951   0) (0 0 0 5  953   0) : 
(0 0 0 5  952   0) (0 0 0 5  954   0) : 
(0 0 0 5  966   0) (0 0 0 5  968   0) : 
(0 0 0 5  9a7   0) (0 0 0 5  9a9   0) : 
(0 0 0 5  9b4   0) (0 0 0 5  9b6   0) : 
(0 0 0 5  a2b   0) (0 0 0 5  a2d   0) : 
(0 0 0 5  a2c   0) (0 0 0 5  a2e   0) : 
(0 0 0 5  a2d   0) (0 0 0 5  a2f   0) : 
(0 0 0 5  a36   0) (0 0 0 5  a38   0) : 
(0 0 0 5  b34   0) (0 0 0 5  b36   0) : 
(0 0 0 5  b8e   0) (0 0 0 5  b90   0) : 
(0 0 0 5  ba4   0) (0 0 0 5  ba6   0) : 
(0 0 0 5  c08   0) (0 0 0 5  c0a   0) : 
(0 0 0 5  c2b   0) (0 0 0 5  c2d   0) : 
(0 0 0 5  c43   0) (0 0 0 5  c45   0) : 
(0 0 0 5  cde   0) (0 0 0 5  ce0   0) : 
(0 0 0 5  d3a   0) (0 0 0 5  d3c   0) : 
(0 0 0 5  d41   0) (0 0 0 5  d43   0) : 
(0 0 0 5  d9b   0) (0 0 0 5  d9d   0) : 
(0 0 0 5  df3   0) (0 0 0 5  df5   0) : 
(0 0 0 5  e15   0) (0 0 0 5  e17   0) : 
(0 0 0 5  e16   0) (0 0 0 5  e18   0) : 
(0 0 0 5 116f   0) (0 0 0 5 1171   0) : 
(0 0 0 5 1173   0) (0 0 0 5 1175   0) : 
(0 0 0 5 1174   0) (0 0 0 5 1176   0) : 
(0 0 0 5 1175   0) (0 0 0 5 1177   0) : 
(0 0 0 5 1266   0) (0 0 0 5 1268   0) : 
(0 0 0 5 12e0   0) (0 0 0 5 12e2   0) : 
(0 0 0 5 130b   0) (0 0 0 5 130d   0) : 
(0 0 0 5 1544   0) (0 0 0 5 1546   0) : 
(0 0 0 5 1578   0) (0 0 0 5 157a   0) : 
(0 0 0 5 158d   0) (0 0 0 5 158f   0) : 
(0 0 0 5 158e   0) (0 0 0 5 1590   0) : 
(0 0 0 5 167d   0) (0 0 0 5 167f   0) : 
(0 0 0 5 16b5   0) (0 0 0 5 16b7   0) : 
(0 0 0 5 173a   0) (0 0 0 5 173c   0) : 
(0 0 0 5 174a   0) (0 0 0 5 174c   0) : 
(0 0 0 5 17d4   0) (0 0 0 5 17d6   0) : 
(0 0 0 5 17d5   0) (0 0 0 5 17d7   0) : 
(0 0 0 5 194d   0) (0 0 0 5 194f   0) : 
(0 0 0 5 1a2f   0) (0 0 0 5 1a31   0) : 
(0 0 0 5 1a30   0) (0 0 0 5 1a32   0) : 
(0 0 0 5 1b12   0) (0 0 0 5 1b14   0) : 
(0 0 0 5 1b54   0) (0 0 0 5 1b56   0) : 
(0 0 0 5 1b55   0) (0 0 0 5 1b57   0) : 
(0 0 0 5 1b7b   0) (0 0 0 5 1b7d   0) : 
(0 0 0 5 1c2a   0) (0 0 0 5 1c2c   0) : 
(0 0 0 5 1c36   0) (0 0 0 5 1c38   0) : 
(0 0 0 5 1c37   0) (0 0 0 5 1c39   0) : 
(0 0 0 5 1c7b   0) (0 0 0 5 1c7d   0) : 
(0 0 0 5 1c7c   0) (0 0 0 5 1c7e   0) : 
(0 0 0 5 1c7d   0) (0 0 0 5 1c7f   0) : 
(0 0 0 5 1cc3   0) (0 0 0 5 1cc5   0) : 
(0 0 0 5 1cd5   0) (0 0 0 5 1cd7   0) : 
(0 0 0 5 1d22   0) (0 0 0 5 1d24   0) : 
(0 0 0 5 1d2b   0) (0 0 0 5 1d2d   0) : 
(0 0 0 5 1def   0) (0 0 0 5 1df1   0) : 
(0 0 0 5 1e02   0) (0 0 0 5 1e04   0) : 
(0 0 0 5 1e08   0) (0 0 0 5 1e0a   0) : 
(0 0 0 5 1e46   0) (0 0 0 5 1e48   0) : 
(0 0 0 5 1e47   0) (0 0 0 5 1e49   0) : 
(0 0 0 5 1ed8   0) (0 0 0 5 1eda   0) : 
(0 0 0 5 1f29   0) (0 0 0 5 1f2b   0) : 
(0 0 0 5 1f2a   0) (0 0 0 5 1f2c   0) : 
(0 0 0 5 1f73   0) (0 0 0 5 1f75   0) : 
(0 0 0 5 1f8c   0) (0 0 0 5 1f8e   0) : 
(0 0 0 5 1f8d   0) (0 0 0 5 1f8f   0) : 
(0 0 0 5 1fc4   0) (0 0 0 5 1fc6   0) : 
(0 0 0 5 215f   0) (0 0 0 5 2161   0) : 
(0 0 0 5 2160   0) (0 0 0 5 2162   0) : 
(0 0 0 5 2161   0) (0 0 0 5 2163   0) : 
(0 0 0 5 2188   0) (0 0 0 5 218a   0) : 
(0 0 0 5 21b5   0) (0 0 0 5 21b7   0) : 
(0 0 0 5 21ea   0) (0 0 0 5 21ec   0) : 
(0 0 0 5 21eb   0) (0 0 0 5 21ed   0) : 
(0 0 0 5 21ec   0) (0 0 0 5 21ee   0) : 
(0 0 0 5 21ed   0) (0 0 0 5 21ef   0) : 
(0 0 0 5 21ee   0) (0 0 0 5 21f0   0) : 
(0 0 0 5 223d   0) (0 0 0 5 223f   0) : 
(0 0 0 5 2242   0) (0 0 0 5 2244   0) : 
(0 0 0 5 225a   0) (0 0 0 5 225c   0) : 
(0 0 0 5 22a1   0) (0 0 0 5 22a3   0) : 
(0 0 0 5 22a2   0) (0 0 0 5 22a4   0) : 
(0 0 0 5 22a3   0) (0 0 0 5 22a5   0) : 
(0 0 0 5 22a4   0) (0 0 0 5 22a6   0) : 
(0 0 0 5 22a5   0) (0 0 0 5 22a7   0) : 
(0 0 0 5 22b3   0) (0 0 0 5 22b5   0) : 
(0 0 0 5 236b   0) (0 0 0 5 236d   0) : 
(0 0 0 5 23e1   0) (0 0 0 5 23e3   0) : 
(0 0 0 5 2422   0) (0 0 0 5 2424   0) : 
(0 0 0 5 243c   0) (0 0 0 5 243e   0) : 
(0 0 0 5 24fa   0) (0 0 0 5 24fc   0) : 
(0 0 0 5 2554   0) (0 0 0 5 2556   0) : 
(0 0 0 5 255e   0) (0 0 0 5 2560   0) : 
(0 0 0 5 261d   0) (0 0 0 5 261f   0) : 
(0 0 0 5 26fe   0) (0 0 0 5 2700   0) : 
(0 0 0 5 2715   0) (0 0 0 5 2717   0) : 
(0 0 0 5 273e   0) (0 0 0 5 2740   0) : 
(0 0 0 5 2743   0) (0 0 0 5 2745   0) : 
(0 0 0 5 27a1   0) (0 0 0 5 27a3   0) : 
(0 0 0 5 27f7   0) (0 0 0 5 27f9   0) : 
(0 0 0 5 27f8   0) (0 0 0 5 27fa   0) : 
(0 0 0 5 27f9   0) (0 0 0 5 27fb   0) : 
(0 0 0 5 2c4d   0) (0 0 0 5 2c4f   0) : 
(0 0 0 5 2c88   0) (0 0 0 5 2c8a   0) : 
(0 0 0 5 2c89   0) (0 0 0 5 2c8b   0) : 
(0 0 0 5 2d9b   0) (0 0 0 5 2d9d   0) : 
(0 0 0 5 2ec5   0) (0 0 0 5 2ec7   0) : 
(0 0 0 5 2f33   0) (0 0 0 5 2f35   0) : 
(0 0 0 5 2f78   0) (0 0 0 5 2f7a   0) : 
(0 0 0 5 30bc   0) (0 0 0 5 30be   0) : 
(0 0 0 5 335a   0) (0 0 0 5 335c   0) : 
(0 0 0 5 3389   0) (0 0 0 5 338b   0) : 
(0 0 0 5 33ab   0) (0 0 0 5 33ad   0) : 
(0 0 0 5 34db   0) (0 0 0 5 34dd   0) : 
(0 0 0 5 34dc   0) (0 0 0 5 34de   0) : 
(0 0 0 5 352c   0) (0 0 0 5 352e   0) : 
(0 0 0 5 362f   0) (0 0 0 5 3631   0) : 
(0 0 0 5 36e4   0) (0 0 0 5 36e6   0) : 
(0 0 0 5 378d   0) (0 0 0 5 378f   0) : 
(0 0 0 5 37dc   0) (0 0 0 5 37de   0) : 
(0 0 0 5 37ff   0) (0 0 0 5 3801   0) : 
(0 0 0 5 3800   0) (0 0 0 5 3802   0) : 
(0 0 0 5 3801   0) (0 0 0 5 3803   0) : 
(0 0 0 5 3863   0) (0 0 0 5 3865   0) : 
(0 0 0 5 3864   0) (0 0 0 5 3866   0) : 
(0 0 0 5 3865   0) (0 0 0 5 3867   0) : 
(0 0 0 5 38d1   0) (0 0 0 5 38d3   0) : 
(0 0 0 5 38d2   0) (0 0 0 5 38d4   0) : 
(0 0 0 5 3912   0) (0 0 0 5 3914   0) : 
(0 0 0 5 3913   0) (0 0 0 5 3915   0) : 
(0 0 0 5 39cd   0) (0 0 0 5 39cf   0) : 
(0 0 0 5 39e0   0) (0 0 0 5 39e2   0) : 
(0 0 0 5 3a1b   0) (0 0 0 5 3a1d   0) : 
(0 0 0 5 3a5d   0) (0 0 0 5 3a5f   0) : 
(0 0 0 5 3a7b   0) (0 0 0 5 3a7d   0) : 
(0 0 0 5 3e99   0) (0 0 0 5 3e9b   0) : 
(0 0 0 6   20   0) (0 0 0 6   22   0) : 
(0 0 0 6   21   0) (0 0 0 6   23   0) : 
(0 0 0 6   22   0) (0 0 0 6   24   0) : 
(0 0 0 6   26   0) (0 0 0 6   28   0) : 
(0 0 0 6   35   0) (0 0 0 6   37   0) : 
(0 0 0 6   5b   0) (0 0 0 6   5d   0) : 
(0 0 0 6   5c   0) (0 0 0 6   5e   0) : 
(0 0 0 6   5d   0) (0 0 0 6   5f   0) : 
(0 0 0 6   63   0) (0 0 0 6   65   0) : 
(0 0 0 6   6a   0) (0 0 0 6   6c   0) : 
(0 0 0 6   6e   0) (0 0 0 6   70   0) : 
(0 0 0 6   7b   0) (0 0 0 6   7d   0) : 
(0 0 0 6   7c   0) (0 0 0 6   7e   0) : 
(0 0 0 6   80   0) (0 0 0 6   82   0) : 
(0 0 0 6   81   0) (0 0 0 6   83   0) : 
(0 0 0 6   98   0) (0 0 0 6   9a   0) : 
(0 0 0 6   99   0) (0 0 0 6   9b   0) : 
(0 0 0 6   9a   0) (0 0 0 6   9c   0) : 
(0 0 0 6   9b   0) (0 0 0 6   9d   0) : 
(0 0 0 6   a0   0) (0 0 0 6   a2   0) : 
(0 0 0 6   a1   0) (0 0 0 6   a3   0) : 
(0 0 0 6   a2   0) (0 0 0 6   a4   0) : 
(0 0 0 6   a3   0) (0 0 0 6   a5   0) : 
(0 0 0 6   a4   0) (0 0 0 6   a6   0) : 
(0 0 0 6   e7   0) (0 0 0 6   e9   0) : 
(0 0 0 6   ed   0) (0 0 0 6   ef   0) : 
(0 0 0 6   ee   0) (0 0 0 6   f0   0) : 
(0 0 0 6   f3   0) (0 0 0 6   f5   0) : 
(0 0 0 6   f4   0) (0 0 0 6   f6   0) : 
(0 0 0 6  1bc   0) (0 0 0 6  1be   0) : 
(0 0 0 6  1e6   0) (0 0 0 6  1e8   0) : 
(0 0 0 6  1e7   0) (0 0 0 6  1e9   0) : 
(0 0 0 6  200   0) (0 0 0 6  202   0) : 
(0 0 0 6  227   0) (0 0 0 6  229   0) : 
(0 0 0 6  254   0) (0 0 0 6  256   0) : 
(0 0 0 6  26c   0) (0 0 0 6  26e   0) : 
(0 0 0 6  2a7   0) (0 0 0 6  2a9   0) : 
(0 0 0 6  31a   0) (0 0 0 6  31c   0) : 
(0 0 0 6  387   0) (0 0 0 6  389   0) : 
(0 0 0 6  430   0) (0 0 0 6  432   0) : 
(0 0 0 6  5b6   0) (0 0 0 6  5b8   0) : 
(0 0 0 6  608   0) (0 0 0 6  60a   0) : 
(0 0 0 6  702   0) (0 0 0 6  704   0) : 
(0 0 0 6  8a4   0) (0 0 0 6  8a6   0) : 
(0 0 0 6  917   0) (0 0 0 6  919   0) : 
(0 0 0 6  918   0) (0 0 0 6  91a   0) : 
(0 0 0 6  971   0) (0 0 0 6  973   0) : 
(0 0 0 6  972   0) (0 0 0 6  974   0) : 
(0 0 0 6  9c8   0) (0 0 0 6  9ca   0) : 
(0 0 0 6  a0c   0) (0 0 0 6  a0e   0) : 
(0 0 0 6  a26   0) (0 0 0 6  a28   0) : 
(0 0 0 6  a6e   0) (0 0 0 6  a70   0) : 
(0 0 0 6  b4b   0) (0 0 0 6  b4d   0) : 
(0 0 0 6  c0b   0) (0 0 0 6  c0d   0) : 
(0 0 0 6  c0c   0) (0 0 0 6  c0e   0) : 
(0 0 0 6  c11   0) (0 0 0 6  c13   0) : 
(0 0 0 6  c23   0) (0 0 0 6  c25   0) : 
(0 0 0 6  cea   0) (0 0 0 6  cec   0) : 
(0 0 0 6  ceb   0) (0 0 0 6  ced   0) : 
(0 0 0 6  d06   0) (0 0 0 6  d08   0) : 
(0 0 0 6  d07   0) (0 0 0 6  d09   0) : 
(0 0 0 6  d08   0) (0 0 0 6  d0a   0) : 
(0 0 0 6  d37   0) (0 0 0 6  d39   0) : 
(0 0 0 6  d49   0) (0 0 0 6  d4b   0) : 
(0 0 0 6  dce   0) (0 0 0 6  dd0   0) : 
(0 0 0 6  dfd   0) (0 0 0 6  dff   0) : 
(0 0 0 6  e4a   0) (0 0 0 6  e4c   0) : 
(0 0 0 6  e4b   0) (0 0 0 6  e4d   0) : 
(0 0 0 6  e4c   0) (0 0 0 6  e4e   0) : 
(0 0 0 6  eac   0) (0 0 0 6  eae   0) : 
(0 0 0 6  ead   0) (0 0 0 6  eaf   0) : 
(0 0 0 6  ebb   0) (0 0 0 6  ebd   0) : 
(0 0 0 6  ef5   0) (0 0 0 6  ef7   0) : 
(0 0 0 6  f26   0) (0 0 0 6  f28   0) : 
(0 0 0 6  f8d   0) (0 0 0 6  f8f   0) : 
(0 0 0 6  fdc   0) (0 0 0 6  fde   0) : 
(0 0 0 6 10af   0) (0 0 0 6 10b1   0) : 
(0 0 0 6 10ff   0) (0 0 0 6 1101   0) : 
(0 0 0 6 1115   0) (0 0 0 6 1117   0) : 
(0 0 0 6 1223   0) (0 0 0 6 1225   0) : 
(0 0 0 6 122c   0) (0 0 0 6 122e   0) : 
(0 0 0 6 123d   0) (0 0 0 6 123f   0) : 
(0 0 0 6 123e   0) (0 0 0 6 1240   0) : 
(0 0 0 6 1284   0) (0 0 0 6 1286   0) : 
(0 0 0 6 1285   0) (0 0 0 6 1287   0) : 
(0 0 0 6 1286   0) (0 0 0 6 1288   0) : 
(0 0 0 6 1287   0) (0 0 0 6 1289   0) : 
(0 0 0 6 12b8   0) (0 0 0 6 12ba   0) : 
(0 0 0 6 12c1   0) (0 0 0 6 12c3   0) : 
(0 0 0 6 1427   0) (0 0 0 6 1429   0) : 
(0 0 0 6 1465   0) (0 0 0 6 1467   0) : 
(0 0 0 6 15cf   0) (0 0 0 6 15d1   0) : 
(0 0 0 6 16b1   0) (0 0 0 6 16b3   0) : 
(0 0 0 6 1854   0) (0 0 0 6 1856   0) : 
(0 0 0 6 19ca   0) (0 0 0 6 19cc   0) : 
(0 0 0 6 1a53   0) (0 0 0 6 1a55   0) : 
(0 0 0 6 1a54   0) (0 0 0 6 1a56   0) : 
(0 0 0 6 1aaa   0) (0 0 0 6 1aac   0) : 
(0 0 0 6 1aab   0) (0 0 0 6 1aad   0) : 
(0 0 0 6 1c24   0) (0 0 0 6 1c26   0) : 
(0 0 0 6 1d3a   0) (0 0 0 6 1d3c   0) : 
(0 0 0 6 1db2   0) (0 0 0 6 1db4   0) : 
(0 0 0 6 1e32   0) (0 0 0 6 1e34   0) : 
(0 0 0 6 1eed   0) (0 0 0 6 1eef   0) : 
(0 0 0 6 21a0   0) (0 0 0 6 21a2   0) : 
(0 0 0 6 21a1   0) (0 0 0 6 21a3   0) : 
(0 0 0 6 21a2   0) (0 0 0 6 21a4   0) : 
(0 0 0 6 224a   0) (0 0 0 6 224c   0) : 
(0 0 0 6 224b   0) (0 0 0 6 224d   0) : 
(0 0 0 6 2263   0) (0 0 0 6 2265   0) : 
(0 0 0 6 226f   0) (0 0 0 6 2271   0) : 
(0 0 0 6 22b7   0) (0 0 0 6 22b9   0) : 
(0 0 0 6 22b8   0) (0 0 0 6 22ba   0) : 
(0 0 0 6 22b9   0) (0 0 0 6 22bb   0) : 
(0 0 0 6 22fb   0) (0 0 0 6 22fd   0) : 
(0 0 0 6 22fc   0) (0 0 0 6 22fe   0) : 
(0 0 0 6 2360   0) (0 0 0 6 2362   0) : 
(0 0 0 6 2371   0) (0 0 0 6 2373   0) : 
(0 0 0 6 2383   0) (0 0 0 6 2385   0) : 
(0 0 0 6 2398   0) (0 0 0 6 239a   0) : 
(0 0 0 6 23f4   0) (0 0 0 6 23f6   0) : 
(0 0 0 6 24ca   0) (0 0 0 6 24cc   0) : 
(0 0 0 6 2519   0) (0 0 0 6 251b   0) : 
(0 0 0 6 25d8   0) (0 0 0 6 25da   0) : 
(0 0 0 6 26c9   0) (0 0 0 6 26cb   0) : 
(0 0 0 6 26ca   0) (0 0 0 6 26cc   0) : 
(0 0 0 6 2724   0) (0 0 0 6 2726   0) : 
(0 0 0 6 2774   0) (0 0 0 6 2776   0) : 
(0 0 0 6 2781   0) (0 0 0 6 2783   0) : 
(0 0 0 6 2d93   0) (0 0 0 6 2d95   0) : 
(0 0 0 6 2dba   0) (0 0 0 6 2dbc   0) : 
(0 0 0 6 2dbb   0) (0 0 0 6 2dbd   0) : 
(0 0 0 6 2e23   0) (0 0 0 6 2e25   0) : 
(0 0 0 6 2e35   0) (0 0 0 6 2e37   0) : 
(0 0 0 6 2e36   0) (0 0 0 6 2e38   0) : 
(0 0 0 6 2e37   0) (0 0 0 6 2e39   0) : 
(0 0 0 6 2f1a   0) (0 0 0 6 2f1c   0) : 
(0 0 0 6 3007   0) (0 0 0 6 3009   0) : 
(0 0 0 6 3008   0) (0 0 0 6 300a   0) : 
(0 0 0 6 301f   0) (0 0 0 6 3021   0) : 
(0 0 0 6 3020   0) (0 0 0 6 3022   0) : 
(0 0 0 6 30b1   0) (0 0 0 6 30b3   0) : 
(0 0 0 6 3345   0) (0 0 0 6 3347   0) : 
(0 0 0 6 33a9   0) (0 0 0 6 33ab   0) : 
(0 0 0 6 3559   0) (0 0 0 6 355b   0) : 
(0 0 0 6 357b   0) (0 0 0 6 357d   0) : 
(0 0 0 6 35db   0) (0 0 0 6 35dd   0) : 
(0 0 0 6 35f8   0) (0 0 0 6 35fa   0) : 
(0 0 0 6 36c6   0) (0 0 0 6 36c8   0) : 
(0 0 0 6 36d6   0) (0 0 0 6 36d8   0) : 
(0 0 0 6 36d7   0) (0 0 0 6 36d9   0) : 
(0 0 0 6 3718   0) (0 0 0 6 371a   0) : 
(0 0 0 6 382d   0) (0 0 0 6 382f   0) : 
(0 0 0 6 385c   0) (0 0 0 6 385e   0) : 
(0 0 0 6 385d   0) (0 0 0 6 385f   0) : 
(0 0 0 6 388d   0) (0 0 0 6 388f   0) : 
(0 0 0 6 3895   0) (0 0 0 6 3897   0) : 
(0 0 0 6 3933   0) (0 0 0 6 3935   0) : 
(0 0 0 6 3976   0) (0 0 0 6 3978   0) : 
(0 0 0 6 39cd   0) (0 0 0 6 39cf   0) : 
(0 0 0 6 3a10   0) (0 0 0 6 3a12   0) : 
(0 0 0 6 3a65   0) (0 0 0 6 3a67   0) : 
(0 0 0 6 3a66   0) (0 0 0 6 3a68   0) : 
(0 0 0 6 3a82   0) (0 0 0 6 3a84   0) : 
(0 0 0 6 3e99   0) (0 0 0 6 3e9b   0) : 
(0 0 0 6 3e9d   0) (0 0 0 6 3e9f   0) : 
(0 0 0 7   21   0) (0 0 0 7   23   0) : 
(0 0 0 7   2a   0) (0 0 0 7   2c   0) : 
(0 0 0 7   44   0) (0 0 0 7   46   0) : 
(0 0 0 7   48   0) (0 0 0 7   4a   0) : 
(0 0 0 7   49   0) (0 0 0 7   4b   0) : 
(0 0 0 7   4a   0) (0 0 0 7   4c   0) : 
(0 0 0 7   7f   0) (0 0 0 7   81   0) : 
(0 0 0 7   80   0) (0 0 0 7   82   0) : 
(0 0 0 7   81   0) (0 0 0 7   83   0) : 
(0 0 0 7   82   0) (0 0 0 7   84   0) : 
(0 0 0 7   86   0) (0 0 0 7   88   0) : 
(0 0 0 7   87   0) (0 0 0 7   89   0) : 
(0 0 0 7   91   0) (0 0 0 7   93   0) : 
(0 0 0 7   9f   0) (0 0 0 7   a1   0) : 
(0 0 0 7   a0   0) (0 0 0 7   a2   0) : 
(0 0 0 7   aa   0) (0 0 0 7   ac   0) : 
(0 0 0 7   ab   0) (0 0 0 7   ad   0) : 
(0 0 0 7   e0   0) (0 0 0 7   e2   0) : 
(0 0 0 7   f0   0) (0 0 0 7   f2   0) : 
(0 0 0 7  283   0) (0 0 0 7  285   0) : 
(0 0 0 7  2a8   0) (0 0 0 7  2aa   0) : 
(0 0 0 7  2a9   0) (0 0 0 7  2ab   0) : 
(0 0 0 7  31b   0) (0 0 0 7  31d   0) : 
(0 0 0 7  371   0) (0 0 0 7  373   0) : 
(0 0 0 7  372   0) (0 0 0 7  374   0) : 
(0 0 0 7  373   0) (0 0 0 7  375   0) : 
(0 0 0 7  374   0) (0 0 0 7  376   0) : 
(0 0 0 7  43a   0) (0 0 0 7  43c   0) : 
(0 0 0 7  550   0) (0 0 0 7  552   0) : 
(0 0 0 7  5f6   0) (0 0 0 7  5f8   0) : 
(0 0 0 7  670   0) (0 0 0 7  672   0) : 
(0 0 0 7  6e6   0) (0 0 0 7  6e8   0) : 
(0 0 0 7  766   0) (0 0 0 7  768   0) : 
(0 0 0 7  853   0) (0 0 0 7  855   0) : 
(0 0 0 7  854   0) (0 0 0 7  856   0) : 
(0 0 0 7  8ac   0) (0 0 0 7  8ae   0) : 
(0 0 0 7  8d7   0) (0 0 0 7  8d9   0) : 
(0 0 0 7  8d8   0) (0 0 0 7  8da   0) : 
(0 0 0 7  a29   0) (0 0 0 7  a2b   0) : 
(0 0 0 7  a6e   0) (0 0 0 7  a70   0) : 
(0 0 0 7  b02   0) (0 0 0 7  b04   0) : 
(0 0 0 7  b51   0) (0 0 0 7  b53   0) : 
(0 0 0 7  b99   0) (0 0 0 7  b9b   0) : 
(0 0 0 7  c05   0) (0 0 0 7  c07   0) : 
(0 0 0 7  c06   0) (0 0 0 7  c08   0) : 
(0 0 0 7  c1e   0) (0 0 0 7  c20   0) : 
(0 0 0 7  c66   0) (0 0 0 7  c68   0) : 
(0 0 0 7  c87   0) (0 0 0 7  c89   0) : 
(0 0 0 7  c88   0) (0 0 0 7  c8a   0) : 
(0 0 0 7  c89   0) (0 0 0 7  c8b   0) : 
(0 0 0 7  c8a   0) (0 0 0 7  c8c   0) : 
(0 0 0 7  ce9   0) (0 0 0 7  ceb   0) : 
(0 0 0 7  d05   0) (0 0 0 7  d07   0) : 
(0 0 0 7  d0d   0) (0 0 0 7  d0f   0) : 
(0 0 0 7  d79   0) (0 0 0 7  d7b   0) : 
(0 0 0 7  dfe   0) (0 0 0 7  e00   0) : 
(0 0 0 7  e16   0) (0 0 0 7  e18   0) : 
(0 0 0 7  e91   0) (0 0 0 7  e93   0) : 
(0 0 0 7  f24   0) (0 0 0 7  f26   0) : 
(0 0 0 7  fc3   0) (0 0 0 7  fc5   0) : 
(0 0 0 7 1006   0) (0 0 0 7 1008   0) : 
(0 0 0 7 1046   0) (0 0 0 7 1048   0) : 
(0 0 0 7 10a3   0) (0 0 0 7 10a5   0) : 
(0 0 0 7 1112   0) (0 0 0 7 1114   0) : 
(0 0 0 7 122e   0) (0 0 0 7 1230   0) : 
(0 0 0 7 1517   0) (0 0 0 7 1519   0) : 
(0 0 0 7 1539   0) (0 0 0 7 153b   0) : 
(0 0 0 7 1574   0) (0 0 0 7 1576   0) : 
(0 0 0 7 15be   0) (0 0 0 7 15c0   0) : 
(0 0 0 7 15bf   0) (0 0 0 7 15c1   0) : 
(0 0 0 7 160c   0) (0 0 0 7 160e   0) : 
(0 0 0 7 16c9   0) (0 0 0 7 16cb   0) : 
(0 0 0 7 1972   0) (0 0 0 7 1974   0) : 
(0 0 0 7 1bd5   0) (0 0 0 7 1bd7   0) : 
(0 0 0 7 1cfd   0) (0 0 0 7 1cff   0) : 
(0 0 0 7 1cfe   0) (0 0 0 7 1d00   0) : 
(0 0 0 7 1d5b   0) (0 0 0 7 1d5d   0) : 
(0 0 0 7 1db2   0) (0 0 0 7 1db4   0) : 
(0 0 0 7 1df8   0) (0 0 0 7 1dfa   0) : 
(0 0 0 7 1e04   0) (0 0 0 7 1e06   0) : 
(0 0 0 7 1e08   0) (0 0 0 7 1e0a   0) : 
(0 0 0 7 1f68   0) (0 0 0 7 1f6a   0) : 
(0 0 0 7 1ff2   0) (0 0 0 7 1ff4   0) : 
(0 0 0 7 203b   0) (0 0 0 7 203d   0) : 
(0 0 0 7 210c   0) (0 0 0 7 210e   0) : 
(0 0 0 7 210d   0) (0 0 0 7 210f   0) : 
(0 0 0 7 210e   0) (0 0 0 7 2110   0) : 
(0 0 0 7 21b8   0) (0 0 0 7 21ba   0) : 
(0 0 0 7 21bc   0) (0 0 0 7 21be   0) : 
(0 0 0 7 2241   0) (0 0 0 7 2243   0) : 
(0 0 0 7 2246   0) (0 0 0 7 2248   0) : 
(0 0 0 7 229c   0) (0 0 0 7 229e   0) : 
(0 0 0 7 22b7   0) (0 0 0 7 22b9   0) : 
(0 0 0 7 235f   0) (0 0 0 7 2361   0) : 
(0 0 0 7 2384   0) (0 0 0 7 2386   0) : 
(0 0 0 7 23ab   0) (0 0 0 7 23ad   0) : 
(0 0 0 7 23d5   0) (0 0 0 7 23d7   0) : 
(0 0 0 7 24b7   0) (0 0 0 7 24b9   0) : 
(0 0 0 7 25a2   0) (0 0 0 7 25a4   0) : 
(0 0 0 7 25d3   0) (0 0 0 7 25d5   0) : 
(0 0 0 7 25e2   0) (0 0 0 7 25e4   0) : 
(0 0 0 7 25ef   0) (0 0 0 7 25f1   0) : 
(0 0 0 7 2690   0) (0 0 0 7 2692   0) : 
(0 0 0 7 2763   0) (0 0 0 7 2765   0) : 
(0 0 0 7 2764   0) (0 0 0 7 2766   0) : 
(0 0 0 7 2774   0) (0 0 0 7 2776   0) : 
(0 0 0 7 281f   0) (0 0 0 7 2821   0) : 
(0 0 0 7 2ca1   0) (0 0 0 7 2ca3   0) : 
(0 0 0 7 2ca2   0) (0 0 0 7 2ca4   0) : 
(0 0 0 7 2d91   0) (0 0 0 7 2d93   0) : 
(0 0 0 7 2dd6   0) (0 0 0 7 2dd8   0) : 
(0 0 0 7 2dde   0) (0 0 0 7 2de0   0) : 
(0 0 0 7 2dff   0) (0 0 0 7 2e01   0) : 
(0 0 0 7 2e00   0) (0 0 0 7 2e02   0) : 
(0 0 0 7 2e01   0) (0 0 0 7 2e03   0) : 
(0 0 0 7 2e02   0) (0 0 0 7 2e04   0) : 
(0 0 0 7 2e03   0) (0 0 0 7 2e05   0) : 
(0 0 0 7 2ea2   0) (0 0 0 7 2ea4   0) : 
(0 0 0 7 2eba   0) (0 0 0 7 2ebc   0) : 
(0 0 0 7 2ebb   0) (0 0 0 7 2ebd   0) : 
(0 0 0 7 2f4d   0) (0 0 0 7 2f4f   0) : 
(0 0 0 7 2f4e   0) (0 0 0 7 2f50   0) : 
(0 0 0 7 2fcd   0) (0 0 0 7 2fcf   0) : 
(0 0 0 7 30b5   0) (0 0 0 7 30b7   0) : 
(0 0 0 7 3382   0) (0 0 0 7 3384   0) : 
(0 0 0 7 3383   0) (0 0 0 7 3385   0) : 
(0 0 0 7 34d4   0) (0 0 0 7 34d6   0) : 
(0 0 0 7 34f6   0) (0 0 0 7 34f8   0) : 
(0 0 0 7 34f7   0) (0 0 0 7 34f9   0) : 
(0 0 0 7 3545   0) (0 0 0 7 3547   0) : 
(0 0 0 7 3568   0) (0 0 0 7 356a   0) : 
(0 0 0 7 356c   0) (0 0 0 7 356e   0) : 
(0 0 0 7 35bf   0) (0 0 0 7 35c1   0) : 
(0 0 0 7 35d3   0) (0 0 0 7 35d5   0) : 
(0 0 0 7 35d9   0) (0 0 0 7 35db   0) : 
(0 0 0 7 35da   0) (0 0 0 7 35dc   0) : 
(0 0 0 7 35db   0) (0 0 0 7 35dd   0) : 
(0 0 0 7 36e8   0) (0 0 0 7 36ea   0) : 
(0 0 0 7 36e9   0) (0 0 0 7 36eb   0) : 
(0 0 0 7 36ea   0) (0 0 0 7 36ec   0) : 
(0 0 0 7 385b   0) (0 0 0 7 385d   0) : 
(0 0 0 7 385f   0) (0 0 0 7 3861   0) : 
(0 0 0 7 3860   0) (0 0 0 7 3862   0) : 
(0 0 0 7 3861   0) (0 0 0 7 3863   0) : 
(0 0 0 7 38bd   0) (0 0 0 7 38bf   0) : 
(0 0 0 7 38cf   0) (0 0 0 7 38d1   0) : 
(0 0 0 7 3a67   0) (0 0 0 7 3a69   0) : 
(0 0 0 7 3a84   0) (0 0 0 7 3a86   0) : 
(0 0 0 7 3aa8   0) (0 0 0 7 3aaa   0) : 
(0 0 0 7 3ef8   0) (0 0 0 7 3efa   0) : 
